{"C:\\Users\\lucas\\.cursor-tutor-3\\AdoptMe\\App.js": {"path":"C:\\Users\\lucas\\.cursor-tutor-3\\AdoptMe\\App.js","statementMap":{"0":{"start":{"line":11,"column":2},"end":{"line":21,"column":4}}},"fnMap":{"0":{"name":"App","decl":{"start":{"line":10,"column":24},"end":{"line":10,"column":27}},"loc":{"start":{"line":10,"column":30},"end":{"line":22,"column":1}},"line":10}},"branchMap":{},"s":{"0":0},"f":{"0":0},"b":{}}
,"C:\\Users\\lucas\\.cursor-tutor-3\\AdoptMe\\jest.config.js": {"path":"C:\\Users\\lucas\\.cursor-tutor-3\\AdoptMe\\jest.config.js","statementMap":{"0":{"start":{"line":1,"column":0},"end":{"line":23,"column":2}}},"fnMap":{},"branchMap":{},"s":{"0":0},"f":{},"b":{}}
,"C:\\Users\\lucas\\.cursor-tutor-3\\AdoptMe\\assets\\defaultAvatar.js": {"path":"C:\\Users\\lucas\\.cursor-tutor-3\\AdoptMe\\assets\\defaultAvatar.js","statementMap":{"0":{"start":{"line":4,"column":35},"end":{"line":4,"column":1763}}},"fnMap":{},"branchMap":{},"s":{"0":0},"f":{},"b":{}}
,"C:\\Users\\lucas\\.cursor-tutor-3\\AdoptMe\\src\\api\\database.js": {"path":"C:\\Users\\lucas\\.cursor-tutor-3\\AdoptMe\\src\\api\\database.js","statementMap":{"0":{"start":{"line":8,"column":32},"end":{"line":17,"column":1}},"1":{"start":{"line":9,"column":26},"end":{"line":9,"column":70}},"2":{"start":{"line":11,"column":2},"end":{"line":14,"column":3}},"3":{"start":{"line":12,"column":4},"end":{"line":12,"column":56}},"4":{"start":{"line":13,"column":4},"end":{"line":13,"column":37}},"5":{"start":{"line":16,"column":2},"end":{"line":16,"column":33}},"6":{"start":{"line":20,"column":34},"end":{"line":29,"column":1}},"7":{"start":{"line":21,"column":26},"end":{"line":21,"column":72}},"8":{"start":{"line":23,"column":2},"end":{"line":26,"column":3}},"9":{"start":{"line":24,"column":4},"end":{"line":24,"column":58}},"10":{"start":{"line":25,"column":4},"end":{"line":25,"column":37}},"11":{"start":{"line":28,"column":2},"end":{"line":28,"column":33}},"12":{"start":{"line":36,"column":26},"end":{"line":48,"column":1}},"13":{"start":{"line":37,"column":26},"end":{"line":40,"column":13}},"14":{"start":{"line":42,"column":2},"end":{"line":45,"column":3}},"15":{"start":{"line":43,"column":4},"end":{"line":43,"column":49}},"16":{"start":{"line":44,"column":4},"end":{"line":44,"column":37}},"17":{"start":{"line":47,"column":2},"end":{"line":47,"column":33}},"18":{"start":{"line":51,"column":24},"end":{"line":62,"column":1}},"19":{"start":{"line":52,"column":26},"end":{"line":54,"column":16}},"20":{"start":{"line":56,"column":2},"end":{"line":59,"column":3}},"21":{"start":{"line":57,"column":4},"end":{"line":57,"column":50}},"22":{"start":{"line":58,"column":4},"end":{"line":58,"column":37}},"23":{"start":{"line":61,"column":2},"end":{"line":61,"column":33}},"24":{"start":{"line":69,"column":28},"end":{"line":81,"column":1}},"25":{"start":{"line":70,"column":26},"end":{"line":73,"column":13}},"26":{"start":{"line":75,"column":2},"end":{"line":78,"column":3}},"27":{"start":{"line":76,"column":4},"end":{"line":76,"column":59}},"28":{"start":{"line":77,"column":4},"end":{"line":77,"column":37}},"29":{"start":{"line":80,"column":2},"end":{"line":80,"column":33}},"30":{"start":{"line":84,"column":26},"end":{"line":95,"column":1}},"31":{"start":{"line":85,"column":26},"end":{"line":87,"column":36}},"32":{"start":{"line":89,"column":2},"end":{"line":92,"column":3}},"33":{"start":{"line":90,"column":4},"end":{"line":90,"column":52}},"34":{"start":{"line":91,"column":4},"end":{"line":91,"column":37}},"35":{"start":{"line":94,"column":2},"end":{"line":94,"column":33}},"36":{"start":{"line":98,"column":32},"end":{"line":110,"column":1}},"37":{"start":{"line":99,"column":26},"end":{"line":102,"column":26}},"38":{"start":{"line":104,"column":2},"end":{"line":107,"column":3}},"39":{"start":{"line":105,"column":4},"end":{"line":105,"column":60}},"40":{"start":{"line":106,"column":4},"end":{"line":106,"column":37}},"41":{"start":{"line":109,"column":2},"end":{"line":109,"column":33}}},"fnMap":{"0":{"name":"(anonymous_0)","decl":{"start":{"line":8,"column":32},"end":{"line":8,"column":33}},"loc":{"start":{"line":8,"column":44},"end":{"line":17,"column":1}},"line":8},"1":{"name":"(anonymous_1)","decl":{"start":{"line":20,"column":34},"end":{"line":20,"column":35}},"loc":{"start":{"line":20,"column":46},"end":{"line":29,"column":1}},"line":20},"2":{"name":"(anonymous_2)","decl":{"start":{"line":36,"column":26},"end":{"line":36,"column":27}},"loc":{"start":{"line":36,"column":46},"end":{"line":48,"column":1}},"line":36},"3":{"name":"(anonymous_3)","decl":{"start":{"line":51,"column":24},"end":{"line":51,"column":25}},"loc":{"start":{"line":51,"column":36},"end":{"line":62,"column":1}},"line":51},"4":{"name":"(anonymous_4)","decl":{"start":{"line":69,"column":28},"end":{"line":69,"column":29}},"loc":{"start":{"line":69,"column":50},"end":{"line":81,"column":1}},"line":69},"5":{"name":"(anonymous_5)","decl":{"start":{"line":84,"column":26},"end":{"line":84,"column":27}},"loc":{"start":{"line":84,"column":38},"end":{"line":95,"column":1}},"line":84},"6":{"name":"(anonymous_6)","decl":{"start":{"line":98,"column":32},"end":{"line":98,"column":33}},"loc":{"start":{"line":98,"column":50},"end":{"line":110,"column":1}},"line":98}},"branchMap":{"0":{"loc":{"start":{"line":11,"column":2},"end":{"line":14,"column":3}},"type":"if","locations":[{"start":{"line":11,"column":2},"end":{"line":14,"column":3}},{"start":{},"end":{}}],"line":11},"1":{"loc":{"start":{"line":23,"column":2},"end":{"line":26,"column":3}},"type":"if","locations":[{"start":{"line":23,"column":2},"end":{"line":26,"column":3}},{"start":{},"end":{}}],"line":23},"2":{"loc":{"start":{"line":42,"column":2},"end":{"line":45,"column":3}},"type":"if","locations":[{"start":{"line":42,"column":2},"end":{"line":45,"column":3}},{"start":{},"end":{}}],"line":42},"3":{"loc":{"start":{"line":56,"column":2},"end":{"line":59,"column":3}},"type":"if","locations":[{"start":{"line":56,"column":2},"end":{"line":59,"column":3}},{"start":{},"end":{}}],"line":56},"4":{"loc":{"start":{"line":75,"column":2},"end":{"line":78,"column":3}},"type":"if","locations":[{"start":{"line":75,"column":2},"end":{"line":78,"column":3}},{"start":{},"end":{}}],"line":75},"5":{"loc":{"start":{"line":89,"column":2},"end":{"line":92,"column":3}},"type":"if","locations":[{"start":{"line":89,"column":2},"end":{"line":92,"column":3}},{"start":{},"end":{}}],"line":89},"6":{"loc":{"start":{"line":104,"column":2},"end":{"line":107,"column":3}},"type":"if","locations":[{"start":{"line":104,"column":2},"end":{"line":107,"column":3}},{"start":{},"end":{}}],"line":104}},"s":{"0":0,"1":0,"2":0,"3":0,"4":0,"5":0,"6":0,"7":0,"8":0,"9":0,"10":0,"11":0,"12":0,"13":0,"14":0,"15":0,"16":0,"17":0,"18":0,"19":0,"20":0,"21":0,"22":0,"23":0,"24":0,"25":0,"26":0,"27":0,"28":0,"29":0,"30":0,"31":0,"32":0,"33":0,"34":0,"35":0,"36":0,"37":0,"38":0,"39":0,"40":0,"41":0},"f":{"0":0,"1":0,"2":0,"3":0,"4":0,"5":0,"6":0},"b":{"0":[0,0],"1":[0,0],"2":[0,0],"3":[0,0],"4":[0,0],"5":[0,0],"6":[0,0]}}
,"C:\\Users\\lucas\\.cursor-tutor-3\\AdoptMe\\src\\components\\animals\\AnimalCard.js": {"path":"C:\\Users\\lucas\\.cursor-tutor-3\\AdoptMe\\src\\components\\animals\\AnimalCard.js","statementMap":{"0":{"start":{"line":5,"column":19},"end":{"line":40,"column":1}},"1":{"start":{"line":6,"column":2},"end":{"line":39,"column":4}},"2":{"start":{"line":42,"column":15},"end":{"line":108,"column":2}}},"fnMap":{"0":{"name":"(anonymous_0)","decl":{"start":{"line":5,"column":19},"end":{"line":5,"column":20}},"loc":{"start":{"line":5,"column":44},"end":{"line":40,"column":1}},"line":5}},"branchMap":{"0":{"loc":{"start":{"line":14,"column":9},"end":{"line":18,"column":9}},"type":"binary-expr","locations":[{"start":{"line":14,"column":9},"end":{"line":14,"column":26}},{"start":{"line":15,"column":10},"end":{"line":17,"column":17}}],"line":14},"1":{"loc":{"start":{"line":34,"column":62},"end":{"line":34,"column":97}},"type":"cond-expr","locations":[{"start":{"line":34,"column":81},"end":{"line":34,"column":87}},{"start":{"line":34,"column":90},"end":{"line":34,"column":97}}],"line":34}},"s":{"0":0,"1":0,"2":0},"f":{"0":0},"b":{"0":[0,0],"1":[0,0]}}
,"C:\\Users\\lucas\\.cursor-tutor-3\\AdoptMe\\src\\components\\categories\\CategoryButton.js": {"path":"C:\\Users\\lucas\\.cursor-tutor-3\\AdoptMe\\src\\components\\categories\\CategoryButton.js","statementMap":{"0":{"start":{"line":5,"column":23},"end":{"line":37,"column":1}},"1":{"start":{"line":7,"column":23},"end":{"line":17,"column":3}},"2":{"start":{"line":8,"column":4},"end":{"line":8,"column":32}},"3":{"start":{"line":8,"column":18},"end":{"line":8,"column":32}},"4":{"start":{"line":12,"column":4},"end":{"line":14,"column":5}},"5":{"start":{"line":13,"column":6},"end":{"line":13,"column":20}},"6":{"start":{"line":16,"column":4},"end":{"line":16,"column":27}},"7":{"start":{"line":19,"column":2},"end":{"line":36,"column":4}},"8":{"start":{"line":39,"column":15},"end":{"line":64,"column":2}}},"fnMap":{"0":{"name":"(anonymous_0)","decl":{"start":{"line":5,"column":23},"end":{"line":5,"column":24}},"loc":{"start":{"line":5,"column":96},"end":{"line":37,"column":1}},"line":5},"1":{"name":"(anonymous_1)","decl":{"start":{"line":7,"column":23},"end":{"line":7,"column":24}},"loc":{"start":{"line":7,"column":29},"end":{"line":17,"column":3}},"line":7}},"branchMap":{"0":{"loc":{"start":{"line":8,"column":4},"end":{"line":8,"column":32}},"type":"if","locations":[{"start":{"line":8,"column":4},"end":{"line":8,"column":32}},{"start":{},"end":{}}],"line":8},"1":{"loc":{"start":{"line":12,"column":4},"end":{"line":14,"column":5}},"type":"if","locations":[{"start":{"line":12,"column":4},"end":{"line":14,"column":5}},{"start":{},"end":{}}],"line":12},"2":{"loc":{"start":{"line":12,"column":8},"end":{"line":12,"column":61}},"type":"binary-expr","locations":[{"start":{"line":12,"column":8},"end":{"line":12,"column":42}},{"start":{"line":12,"column":46},"end":{"line":12,"column":61}}],"line":12},"3":{"loc":{"start":{"line":23,"column":27},"end":{"line":23,"column":55}},"type":"binary-expr","locations":[{"start":{"line":23,"column":27},"end":{"line":23,"column":42}},{"start":{"line":23,"column":46},"end":{"line":23,"column":55}}],"line":23},"4":{"loc":{"start":{"line":24,"column":8},"end":{"line":24,"column":43}},"type":"binary-expr","locations":[{"start":{"line":24,"column":8},"end":{"line":24,"column":16}},{"start":{"line":24,"column":20},"end":{"line":24,"column":43}}],"line":24},"5":{"loc":{"start":{"line":30,"column":27},"end":{"line":30,"column":73}},"type":"binary-expr","locations":[{"start":{"line":30,"column":27},"end":{"line":30,"column":41}},{"start":{"line":30,"column":45},"end":{"line":30,"column":60}},{"start":{"line":30,"column":64},"end":{"line":30,"column":73}}],"line":30}},"s":{"0":0,"1":0,"2":0,"3":0,"4":0,"5":0,"6":0,"7":0,"8":0},"f":{"0":0,"1":0},"b":{"0":[0,0],"1":[0,0],"2":[0,0],"3":[0,0],"4":[0,0],"5":[0,0,0]}}
,"C:\\Users\\lucas\\.cursor-tutor-3\\AdoptMe\\src\\components\\common\\LoadingOverlay.js": {"path":"C:\\Users\\lucas\\.cursor-tutor-3\\AdoptMe\\src\\components\\common\\LoadingOverlay.js","statementMap":{"0":{"start":{"line":20,"column":23},"end":{"line":41,"column":1}},"1":{"start":{"line":26,"column":2},"end":{"line":40,"column":4}}},"fnMap":{"0":{"name":"(anonymous_0)","decl":{"start":{"line":20,"column":23},"end":{"line":20,"column":24}},"loc":{"start":{"line":25,"column":6},"end":{"line":41,"column":1}},"line":25}},"branchMap":{"0":{"loc":{"start":{"line":22,"column":2},"end":{"line":22,"column":19}},"type":"default-arg","locations":[{"start":{"line":22,"column":10},"end":{"line":22,"column":19}}],"line":22},"1":{"loc":{"start":{"line":23,"column":2},"end":{"line":23,"column":16}},"type":"default-arg","locations":[{"start":{"line":23,"column":9},"end":{"line":23,"column":16}}],"line":23},"2":{"loc":{"start":{"line":24,"column":2},"end":{"line":24,"column":15}},"type":"default-arg","locations":[{"start":{"line":24,"column":12},"end":{"line":24,"column":15}}],"line":24},"3":{"loc":{"start":{"line":37,"column":9},"end":{"line":37,"column":56}},"type":"binary-expr","locations":[{"start":{"line":37,"column":9},"end":{"line":37,"column":13}},{"start":{"line":37,"column":17},"end":{"line":37,"column":56}}],"line":37}},"s":{"0":0,"1":0},"f":{"0":0},"b":{"0":[0],"1":[0],"2":[0],"3":[0,0]}}
,"C:\\Users\\lucas\\.cursor-tutor-3\\AdoptMe\\src\\components\\common\\LoadingOverlay.styles.js": {"path":"C:\\Users\\lucas\\.cursor-tutor-3\\AdoptMe\\src\\components\\common\\LoadingOverlay.styles.js","statementMap":{"0":{"start":{"line":3,"column":26},"end":{"line":3,"column":50}}},"fnMap":{},"branchMap":{},"s":{"0":0},"f":{},"b":{}}
,"C:\\Users\\lucas\\.cursor-tutor-3\\AdoptMe\\src\\components\\common\\index.js": {"path":"C:\\Users\\lucas\\.cursor-tutor-3\\AdoptMe\\src\\components\\common\\index.js","statementMap":{},"fnMap":{},"branchMap":{},"s":{},"f":{},"b":{}}
,"C:\\Users\\lucas\\.cursor-tutor-3\\AdoptMe\\src\\components\\home\\CategoriesSection.js": {"path":"C:\\Users\\lucas\\.cursor-tutor-3\\AdoptMe\\src\\components\\home\\CategoriesSection.js","statementMap":{"0":{"start":{"line":5,"column":26},"end":{"line":34,"column":1}},"1":{"start":{"line":6,"column":2},"end":{"line":33,"column":4}},"2":{"start":{"line":21,"column":10},"end":{"line":29,"column":12}},"3":{"start":{"line":26,"column":27},"end":{"line":26,"column":55}},"4":{"start":{"line":36,"column":15},"end":{"line":56,"column":2}}},"fnMap":{"0":{"name":"(anonymous_0)","decl":{"start":{"line":5,"column":26},"end":{"line":5,"column":27}},"loc":{"start":{"line":5,"column":81},"end":{"line":34,"column":1}},"line":5},"1":{"name":"(anonymous_1)","decl":{"start":{"line":20,"column":24},"end":{"line":20,"column":25}},"loc":{"start":{"line":21,"column":10},"end":{"line":29,"column":12}},"line":21},"2":{"name":"(anonymous_2)","decl":{"start":{"line":26,"column":21},"end":{"line":26,"column":22}},"loc":{"start":{"line":26,"column":27},"end":{"line":26,"column":55}},"line":26}},"branchMap":{},"s":{"0":0,"1":0,"2":0,"3":0,"4":0},"f":{"0":0,"1":0,"2":0},"b":{}}
,"C:\\Users\\lucas\\.cursor-tutor-3\\AdoptMe\\src\\components\\home\\CommunityBanner.js": {"path":"C:\\Users\\lucas\\.cursor-tutor-3\\AdoptMe\\src\\components\\home\\CommunityBanner.js","statementMap":{"0":{"start":{"line":4,"column":24},"end":{"line":19,"column":1}},"1":{"start":{"line":5,"column":2},"end":{"line":18,"column":4}},"2":{"start":{"line":21,"column":15},"end":{"line":57,"column":2}}},"fnMap":{"0":{"name":"(anonymous_0)","decl":{"start":{"line":4,"column":24},"end":{"line":4,"column":25}},"loc":{"start":{"line":4,"column":30},"end":{"line":19,"column":1}},"line":4}},"branchMap":{},"s":{"0":0,"1":0,"2":0},"f":{"0":0},"b":{}}
,"C:\\Users\\lucas\\.cursor-tutor-3\\AdoptMe\\src\\components\\home\\HomeHeader.js": {"path":"C:\\Users\\lucas\\.cursor-tutor-3\\AdoptMe\\src\\components\\home\\HomeHeader.js","statementMap":{"0":{"start":{"line":6,"column":19},"end":{"line":35,"column":1}},"1":{"start":{"line":7,"column":2},"end":{"line":34,"column":4}},"2":{"start":{"line":37,"column":15},"end":{"line":81,"column":2}}},"fnMap":{"0":{"name":"(anonymous_0)","decl":{"start":{"line":6,"column":19},"end":{"line":6,"column":20}},"loc":{"start":{"line":6,"column":25},"end":{"line":35,"column":1}},"line":6}},"branchMap":{},"s":{"0":0,"1":0,"2":0},"f":{"0":0},"b":{}}
,"C:\\Users\\lucas\\.cursor-tutor-3\\AdoptMe\\src\\components\\home\\PetsList.js": {"path":"C:\\Users\\lucas\\.cursor-tutor-3\\AdoptMe\\src\\components\\home\\PetsList.js","statementMap":{"0":{"start":{"line":6,"column":17},"end":{"line":57,"column":1}},"1":{"start":{"line":13,"column":2},"end":{"line":56,"column":4}},"2":{"start":{"line":29,"column":12},"end":{"line":33,"column":14}},"3":{"start":{"line":32,"column":29},"end":{"line":32,"column":76}},"4":{"start":{"line":59,"column":15},"end":{"line":106,"column":2}}},"fnMap":{"0":{"name":"(anonymous_0)","decl":{"start":{"line":6,"column":17},"end":{"line":6,"column":18}},"loc":{"start":{"line":12,"column":6},"end":{"line":57,"column":1}},"line":12},"1":{"name":"(anonymous_1)","decl":{"start":{"line":28,"column":23},"end":{"line":28,"column":24}},"loc":{"start":{"line":29,"column":12},"end":{"line":33,"column":14}},"line":29},"2":{"name":"(anonymous_2)","decl":{"start":{"line":32,"column":23},"end":{"line":32,"column":24}},"loc":{"start":{"line":32,"column":29},"end":{"line":32,"column":76}},"line":32}},"branchMap":{"0":{"loc":{"start":{"line":22,"column":7},"end":{"line":54,"column":7}},"type":"cond-expr","locations":[{"start":{"line":23,"column":8},"end":{"line":25,"column":15}},{"start":{"line":27,"column":8},"end":{"line":53,"column":15}}],"line":22},"1":{"loc":{"start":{"line":37,"column":11},"end":{"line":42,"column":11}},"type":"binary-expr","locations":[{"start":{"line":37,"column":11},"end":{"line":37,"column":29}},{"start":{"line":38,"column":12},"end":{"line":41,"column":19}}],"line":37},"2":{"loc":{"start":{"line":45,"column":11},"end":{"line":52,"column":11}},"type":"binary-expr","locations":[{"start":{"line":45,"column":11},"end":{"line":45,"column":22}},{"start":{"line":45,"column":26},"end":{"line":45,"column":45}},{"start":{"line":46,"column":12},"end":{"line":51,"column":31}}],"line":45}},"s":{"0":0,"1":0,"2":0,"3":0,"4":0},"f":{"0":0,"1":0,"2":0},"b":{"0":[0,0],"1":[0,0],"2":[0,0,0]}}
,"C:\\Users\\lucas\\.cursor-tutor-3\\AdoptMe\\src\\components\\home\\SearchBar.js": {"path":"C:\\Users\\lucas\\.cursor-tutor-3\\AdoptMe\\src\\components\\home\\SearchBar.js","statementMap":{"0":{"start":{"line":5,"column":18},"end":{"line":21,"column":1}},"1":{"start":{"line":6,"column":2},"end":{"line":20,"column":4}},"2":{"start":{"line":23,"column":15},"end":{"line":50,"column":2}}},"fnMap":{"0":{"name":"(anonymous_0)","decl":{"start":{"line":5,"column":18},"end":{"line":5,"column":19}},"loc":{"start":{"line":5,"column":54},"end":{"line":21,"column":1}},"line":5}},"branchMap":{},"s":{"0":0,"1":0,"2":0},"f":{"0":0},"b":{}}
,"C:\\Users\\lucas\\.cursor-tutor-3\\AdoptMe\\src\\components\\home\\index.js": {"path":"C:\\Users\\lucas\\.cursor-tutor-3\\AdoptMe\\src\\components\\home\\index.js","statementMap":{},"fnMap":{},"branchMap":{},"s":{},"f":{},"b":{}}
,"C:\\Users\\lucas\\.cursor-tutor-3\\AdoptMe\\src\\components\\modals\\ModalComponent.js": {"path":"C:\\Users\\lucas\\.cursor-tutor-3\\AdoptMe\\src\\components\\modals\\ModalComponent.js","statementMap":{"0":{"start":{"line":26,"column":23},"end":{"line":158,"column":1}},"1":{"start":{"line":38,"column":2},"end":{"line":44,"column":5}},"2":{"start":{"line":47,"column":18},"end":{"line":62,"column":3}},"3":{"start":{"line":48,"column":4},"end":{"line":61,"column":5}},"4":{"start":{"line":50,"column":8},"end":{"line":50,"column":78}},"5":{"start":{"line":52,"column":8},"end":{"line":52,"column":74}},"6":{"start":{"line":54,"column":8},"end":{"line":54,"column":80}},"7":{"start":{"line":56,"column":8},"end":{"line":56,"column":73}},"8":{"start":{"line":58,"column":8},"end":{"line":58,"column":66}},"9":{"start":{"line":60,"column":8},"end":{"line":60,"column":80}},"10":{"start":{"line":64,"column":24},"end":{"line":125,"column":3}},"11":{"start":{"line":65,"column":4},"end":{"line":67,"column":5}},"12":{"start":{"line":66,"column":6},"end":{"line":66,"column":18}},"13":{"start":{"line":69,"column":4},"end":{"line":101,"column":5}},"14":{"start":{"line":70,"column":6},"end":{"line":100,"column":8}},"15":{"start":{"line":82,"column":14},"end":{"line":84,"column":15}},"16":{"start":{"line":83,"column":16},"end":{"line":83,"column":28}},"17":{"start":{"line":85,"column":14},"end":{"line":87,"column":15}},"18":{"start":{"line":86,"column":16},"end":{"line":86,"column":26}},"19":{"start":{"line":103,"column":4},"end":{"line":124,"column":6}},"20":{"start":{"line":107,"column":10},"end":{"line":109,"column":11}},"21":{"start":{"line":108,"column":12},"end":{"line":108,"column":24}},"22":{"start":{"line":110,"column":10},"end":{"line":112,"column":11}},"23":{"start":{"line":111,"column":12},"end":{"line":111,"column":22}},"24":{"start":{"line":127,"column":2},"end":{"line":157,"column":4}},"25":{"start":{"line":160,"column":15},"end":{"line":258,"column":2}}},"fnMap":{"0":{"name":"(anonymous_0)","decl":{"start":{"line":26,"column":23},"end":{"line":26,"column":24}},"loc":{"start":{"line":36,"column":6},"end":{"line":158,"column":1}},"line":36},"1":{"name":"(anonymous_1)","decl":{"start":{"line":47,"column":18},"end":{"line":47,"column":19}},"loc":{"start":{"line":47,"column":24},"end":{"line":62,"column":3}},"line":47},"2":{"name":"(anonymous_2)","decl":{"start":{"line":64,"column":24},"end":{"line":64,"column":25}},"loc":{"start":{"line":64,"column":30},"end":{"line":125,"column":3}},"line":64},"3":{"name":"(anonymous_3)","decl":{"start":{"line":81,"column":21},"end":{"line":81,"column":22}},"loc":{"start":{"line":81,"column":27},"end":{"line":88,"column":13}},"line":81},"4":{"name":"(anonymous_4)","decl":{"start":{"line":106,"column":17},"end":{"line":106,"column":18}},"loc":{"start":{"line":106,"column":23},"end":{"line":113,"column":9}},"line":106}},"branchMap":{"0":{"loc":{"start":{"line":29,"column":2},"end":{"line":29,"column":15}},"type":"default-arg","locations":[{"start":{"line":29,"column":9},"end":{"line":29,"column":15}}],"line":29},"1":{"loc":{"start":{"line":33,"column":2},"end":{"line":33,"column":25}},"type":"default-arg","locations":[{"start":{"line":33,"column":16},"end":{"line":33,"column":25}}],"line":33},"2":{"loc":{"start":{"line":34,"column":2},"end":{"line":34,"column":23}},"type":"default-arg","locations":[{"start":{"line":34,"column":15},"end":{"line":34,"column":23}}],"line":34},"3":{"loc":{"start":{"line":35,"column":2},"end":{"line":35,"column":25}},"type":"default-arg","locations":[{"start":{"line":35,"column":20},"end":{"line":35,"column":25}}],"line":35},"4":{"loc":{"start":{"line":48,"column":4},"end":{"line":61,"column":5}},"type":"switch","locations":[{"start":{"line":49,"column":6},"end":{"line":50,"column":78}},{"start":{"line":51,"column":6},"end":{"line":52,"column":74}},{"start":{"line":53,"column":6},"end":{"line":54,"column":80}},{"start":{"line":55,"column":6},"end":{"line":56,"column":73}},{"start":{"line":57,"column":6},"end":{"line":58,"column":66}},{"start":{"line":59,"column":6},"end":{"line":60,"column":80}}],"line":48},"5":{"loc":{"start":{"line":65,"column":4},"end":{"line":67,"column":5}},"type":"if","locations":[{"start":{"line":65,"column":4},"end":{"line":67,"column":5}},{"start":{},"end":{}}],"line":65},"6":{"loc":{"start":{"line":69,"column":4},"end":{"line":101,"column":5}},"type":"if","locations":[{"start":{"line":69,"column":4},"end":{"line":101,"column":5}},{"start":{},"end":{}}],"line":69},"7":{"loc":{"start":{"line":82,"column":14},"end":{"line":84,"column":15}},"type":"if","locations":[{"start":{"line":82,"column":14},"end":{"line":84,"column":15}},{"start":{},"end":{}}],"line":82},"8":{"loc":{"start":{"line":85,"column":14},"end":{"line":87,"column":15}},"type":"if","locations":[{"start":{"line":85,"column":14},"end":{"line":87,"column":15}},{"start":{},"end":{}}],"line":85},"9":{"loc":{"start":{"line":107,"column":10},"end":{"line":109,"column":11}},"type":"if","locations":[{"start":{"line":107,"column":10},"end":{"line":109,"column":11}},{"start":{},"end":{}}],"line":107},"10":{"loc":{"start":{"line":110,"column":10},"end":{"line":112,"column":11}},"type":"if","locations":[{"start":{"line":110,"column":10},"end":{"line":112,"column":11}},{"start":{},"end":{}}],"line":110},"11":{"loc":{"start":{"line":134,"column":41},"end":{"line":134,"column":76}},"type":"cond-expr","locations":[{"start":{"line":134,"column":62},"end":{"line":134,"column":69}},{"start":{"line":134,"column":72},"end":{"line":134,"column":76}}],"line":134},"12":{"loc":{"start":{"line":138,"column":15},"end":{"line":142,"column":15}},"type":"binary-expr","locations":[{"start":{"line":138,"column":15},"end":{"line":138,"column":31}},{"start":{"line":139,"column":16},"end":{"line":141,"column":35}}],"line":138},"13":{"loc":{"start":{"line":148,"column":15},"end":{"line":148,"column":65}},"type":"binary-expr","locations":[{"start":{"line":148,"column":15},"end":{"line":148,"column":20}},{"start":{"line":148,"column":24},"end":{"line":148,"column":65}}],"line":148},"14":{"loc":{"start":{"line":149,"column":15},"end":{"line":149,"column":71}},"type":"binary-expr","locations":[{"start":{"line":149,"column":15},"end":{"line":149,"column":22}},{"start":{"line":149,"column":26},"end":{"line":149,"column":71}}],"line":149}},"s":{"0":0,"1":0,"2":0,"3":0,"4":0,"5":0,"6":0,"7":0,"8":0,"9":0,"10":0,"11":0,"12":0,"13":0,"14":0,"15":0,"16":0,"17":0,"18":0,"19":0,"20":0,"21":0,"22":0,"23":0,"24":0,"25":0},"f":{"0":0,"1":0,"2":0,"3":0,"4":0},"b":{"0":[0],"1":[0],"2":[0],"3":[0],"4":[0,0,0,0,0,0],"5":[0,0],"6":[0,0],"7":[0,0],"8":[0,0],"9":[0,0],"10":[0,0],"11":[0,0],"12":[0,0],"13":[0,0],"14":[0,0]}}
,"C:\\Users\\lucas\\.cursor-tutor-3\\AdoptMe\\src\\components\\modals\\ModalProvider.js": {"path":"C:\\Users\\lucas\\.cursor-tutor-3\\AdoptMe\\src\\components\\modals\\ModalProvider.js","statementMap":{"0":{"start":{"line":6,"column":21},"end":{"line":15,"column":2}},"1":{"start":{"line":21,"column":31},"end":{"line":21,"column":61}},"2":{"start":{"line":21,"column":37},"end":{"line":21,"column":61}},"3":{"start":{"line":28,"column":22},"end":{"line":58,"column":1}},"4":{"start":{"line":39,"column":6},"end":{"line":39,"column":16}},"5":{"start":{"line":41,"column":2},"end":{"line":57,"column":4}}},"fnMap":{"0":{"name":"(anonymous_0)","decl":{"start":{"line":8,"column":13},"end":{"line":8,"column":14}},"loc":{"start":{"line":8,"column":19},"end":{"line":8,"column":21}},"line":8},"1":{"name":"(anonymous_1)","decl":{"start":{"line":9,"column":13},"end":{"line":9,"column":14}},"loc":{"start":{"line":9,"column":19},"end":{"line":9,"column":21}},"line":9},"2":{"name":"(anonymous_2)","decl":{"start":{"line":10,"column":20},"end":{"line":10,"column":21}},"loc":{"start":{"line":10,"column":26},"end":{"line":10,"column":28}},"line":10},"3":{"name":"(anonymous_3)","decl":{"start":{"line":11,"column":18},"end":{"line":11,"column":19}},"loc":{"start":{"line":11,"column":24},"end":{"line":11,"column":26}},"line":11},"4":{"name":"(anonymous_4)","decl":{"start":{"line":12,"column":17},"end":{"line":12,"column":18}},"loc":{"start":{"line":12,"column":23},"end":{"line":12,"column":25}},"line":12},"5":{"name":"(anonymous_5)","decl":{"start":{"line":13,"column":25},"end":{"line":13,"column":26}},"loc":{"start":{"line":13,"column":31},"end":{"line":13,"column":33}},"line":13},"6":{"name":"(anonymous_6)","decl":{"start":{"line":14,"column":20},"end":{"line":14,"column":21}},"loc":{"start":{"line":14,"column":26},"end":{"line":14,"column":28}},"line":14},"7":{"name":"(anonymous_7)","decl":{"start":{"line":21,"column":31},"end":{"line":21,"column":32}},"loc":{"start":{"line":21,"column":37},"end":{"line":21,"column":61}},"line":21},"8":{"name":"(anonymous_8)","decl":{"start":{"line":28,"column":22},"end":{"line":28,"column":23}},"loc":{"start":{"line":28,"column":40},"end":{"line":58,"column":1}},"line":28}},"branchMap":{},"s":{"0":0,"1":0,"2":0,"3":0,"4":0,"5":0},"f":{"0":0,"1":0,"2":0,"3":0,"4":0,"5":0,"6":0,"7":0,"8":0},"b":{}}
,"C:\\Users\\lucas\\.cursor-tutor-3\\AdoptMe\\src\\components\\modals\\index.js": {"path":"C:\\Users\\lucas\\.cursor-tutor-3\\AdoptMe\\src\\components\\modals\\index.js","statementMap":{},"fnMap":{},"branchMap":{},"s":{},"f":{},"b":{}}
,"C:\\Users\\lucas\\.cursor-tutor-3\\AdoptMe\\src\\components\\navigation\\Navbar.js": {"path":"C:\\Users\\lucas\\.cursor-tutor-3\\AdoptMe\\src\\components\\navigation\\Navbar.js","statementMap":{"0":{"start":{"line":10,"column":15},"end":{"line":79,"column":1}},"1":{"start":{"line":11,"column":21},"end":{"line":11,"column":36}},"2":{"start":{"line":12,"column":16},"end":{"line":12,"column":26}},"3":{"start":{"line":15,"column":22},"end":{"line":21,"column":3}},"4":{"start":{"line":24,"column":18},"end":{"line":24,"column":54}},"5":{"start":{"line":27,"column":27},"end":{"line":27,"column":37}},"6":{"start":{"line":30,"column":27},"end":{"line":35,"column":3}},"7":{"start":{"line":32,"column":4},"end":{"line":34,"column":5}},"8":{"start":{"line":33,"column":6},"end":{"line":33,"column":38}},"9":{"start":{"line":37,"column":2},"end":{"line":78,"column":4}},"10":{"start":{"line":40,"column":25},"end":{"line":40,"column":56}},"11":{"start":{"line":42,"column":8},"end":{"line":75,"column":10}},"12":{"start":{"line":49,"column":27},"end":{"line":49,"column":55}},"13":{"start":{"line":81,"column":15},"end":{"line":138,"column":2}}},"fnMap":{"0":{"name":"(anonymous_0)","decl":{"start":{"line":10,"column":15},"end":{"line":10,"column":16}},"loc":{"start":{"line":10,"column":34},"end":{"line":79,"column":1}},"line":10},"1":{"name":"(anonymous_1)","decl":{"start":{"line":30,"column":27},"end":{"line":30,"column":28}},"loc":{"start":{"line":30,"column":43},"end":{"line":35,"column":3}},"line":30},"2":{"name":"(anonymous_2)","decl":{"start":{"line":39,"column":19},"end":{"line":39,"column":20}},"loc":{"start":{"line":39,"column":35},"end":{"line":76,"column":7}},"line":39},"3":{"name":"(anonymous_3)","decl":{"start":{"line":49,"column":21},"end":{"line":49,"column":22}},"loc":{"start":{"line":49,"column":27},"end":{"line":49,"column":55}},"line":49}},"branchMap":{"0":{"loc":{"start":{"line":10,"column":18},"end":{"line":10,"column":27}},"type":"default-arg","locations":[{"start":{"line":10,"column":25},"end":{"line":10,"column":27}}],"line":10},"1":{"loc":{"start":{"line":24,"column":18},"end":{"line":24,"column":54}},"type":"cond-expr","locations":[{"start":{"line":24,"column":36},"end":{"line":24,"column":40}},{"start":{"line":24,"column":43},"end":{"line":24,"column":54}}],"line":24},"2":{"loc":{"start":{"line":32,"column":4},"end":{"line":34,"column":5}},"type":"if","locations":[{"start":{"line":32,"column":4},"end":{"line":34,"column":5}},{"start":{},"end":{}}],"line":32},"3":{"loc":{"start":{"line":47,"column":14},"end":{"line":47,"column":50}},"type":"binary-expr","locations":[{"start":{"line":47,"column":14},"end":{"line":47,"column":25}},{"start":{"line":47,"column":29},"end":{"line":47,"column":50}}],"line":47},"4":{"loc":{"start":{"line":51,"column":13},"end":{"line":73,"column":13}},"type":"cond-expr","locations":[{"start":{"line":52,"column":14},"end":{"line":58,"column":21}},{"start":{"line":60,"column":14},"end":{"line":72,"column":17}}],"line":51},"5":{"loc":{"start":{"line":62,"column":24},"end":{"line":62,"column":67}},"type":"cond-expr","locations":[{"start":{"line":62,"column":35},"end":{"line":62,"column":43}},{"start":{"line":62,"column":46},"end":{"line":62,"column":67}}],"line":62},"6":{"loc":{"start":{"line":64,"column":25},"end":{"line":64,"column":54}},"type":"cond-expr","locations":[{"start":{"line":64,"column":36},"end":{"line":64,"column":45}},{"start":{"line":64,"column":48},"end":{"line":64,"column":54}}],"line":64},"7":{"loc":{"start":{"line":68,"column":18},"end":{"line":68,"column":50}},"type":"binary-expr","locations":[{"start":{"line":68,"column":18},"end":{"line":68,"column":26}},{"start":{"line":68,"column":30},"end":{"line":68,"column":50}}],"line":68}},"s":{"0":0,"1":0,"2":0,"3":0,"4":0,"5":0,"6":0,"7":0,"8":0,"9":0,"10":0,"11":0,"12":0,"13":0},"f":{"0":0,"1":0,"2":0,"3":0},"b":{"0":[0],"1":[0,0],"2":[0,0],"3":[0,0],"4":[0,0],"5":[0,0],"6":[0,0],"7":[0,0]}}
,"C:\\Users\\lucas\\.cursor-tutor-3\\AdoptMe\\src\\components\\navigation\\NavbarContainer.js": {"path":"C:\\Users\\lucas\\.cursor-tutor-3\\AdoptMe\\src\\components\\navigation\\NavbarContainer.js","statementMap":{"0":{"start":{"line":11,"column":24},"end":{"line":36,"column":1}},"1":{"start":{"line":12,"column":17},"end":{"line":12,"column":36}},"2":{"start":{"line":14,"column":2},"end":{"line":35,"column":4}},"3":{"start":{"line":38,"column":15},"end":{"line":53,"column":2}}},"fnMap":{"0":{"name":"(anonymous_0)","decl":{"start":{"line":11,"column":24},"end":{"line":11,"column":25}},"loc":{"start":{"line":11,"column":73},"end":{"line":36,"column":1}},"line":11}},"branchMap":{"0":{"loc":{"start":{"line":11,"column":37},"end":{"line":11,"column":55}},"type":"default-arg","locations":[{"start":{"line":11,"column":50},"end":{"line":11,"column":55}}],"line":11},"1":{"loc":{"start":{"line":11,"column":57},"end":{"line":11,"column":66}},"type":"default-arg","locations":[{"start":{"line":11,"column":64},"end":{"line":11,"column":66}}],"line":11},"2":{"loc":{"start":{"line":17,"column":23},"end":{"line":17,"column":53}},"type":"cond-expr","locations":[{"start":{"line":17,"column":36},"end":{"line":17,"column":49}},{"start":{"line":17,"column":52},"end":{"line":17,"column":53}}],"line":17},"3":{"loc":{"start":{"line":21,"column":25},"end":{"line":21,"column":60}},"type":"cond-expr","locations":[{"start":{"line":21,"column":38},"end":{"line":21,"column":39}},{"start":{"line":21,"column":42},"end":{"line":21,"column":60}}],"line":21},"4":{"loc":{"start":{"line":26,"column":7},"end":{"line":33,"column":7}},"type":"binary-expr","locations":[{"start":{"line":26,"column":7},"end":{"line":26,"column":18}},{"start":{"line":27,"column":8},"end":{"line":32,"column":15}}],"line":26}},"s":{"0":0,"1":0,"2":0,"3":0},"f":{"0":0},"b":{"0":[0],"1":[0],"2":[0,0],"3":[0,0],"4":[0,0]}}
,"C:\\Users\\lucas\\.cursor-tutor-3\\AdoptMe\\src\\components\\navigation\\index.js": {"path":"C:\\Users\\lucas\\.cursor-tutor-3\\AdoptMe\\src\\components\\navigation\\index.js","statementMap":{},"fnMap":{},"branchMap":{},"s":{},"f":{},"b":{}}
,"C:\\Users\\lucas\\.cursor-tutor-3\\AdoptMe\\src\\config\\queryClient.js": {"path":"C:\\Users\\lucas\\.cursor-tutor-3\\AdoptMe\\src\\config\\queryClient.js","statementMap":{"0":{"start":{"line":4,"column":20},"end":{"line":13,"column":2}}},"fnMap":{},"branchMap":{},"s":{"0":0},"f":{},"b":{}}
,"C:\\Users\\lucas\\.cursor-tutor-3\\AdoptMe\\src\\config\\supabase.js": {"path":"C:\\Users\\lucas\\.cursor-tutor-3\\AdoptMe\\src\\config\\supabase.js","statementMap":{"0":{"start":{"line":6,"column":20},"end":{"line":6,"column":62}},"1":{"start":{"line":7,"column":24},"end":{"line":7,"column":234}},"2":{"start":{"line":10,"column":17},"end":{"line":17,"column":2}}},"fnMap":{},"branchMap":{},"s":{"0":0,"1":0,"2":0},"f":{},"b":{}}
,"C:\\Users\\lucas\\.cursor-tutor-3\\AdoptMe\\src\\context\\AuthContext.js": {"path":"C:\\Users\\lucas\\.cursor-tutor-3\\AdoptMe\\src\\context\\AuthContext.js","statementMap":{"0":{"start":{"line":7,"column":20},"end":{"line":7,"column":39}},"1":{"start":{"line":10,"column":28},"end":{"line":148,"column":1}},"2":{"start":{"line":11,"column":26},"end":{"line":11,"column":40}},"3":{"start":{"line":12,"column":32},"end":{"line":12,"column":46}},"4":{"start":{"line":13,"column":32},"end":{"line":13,"column":46}},"5":{"start":{"line":16,"column":2},"end":{"line":47,"column":9}},"6":{"start":{"line":17,"column":27},"end":{"line":44,"column":5}},"7":{"start":{"line":18,"column":6},"end":{"line":43,"column":7}},"8":{"start":{"line":20,"column":32},"end":{"line":20,"column":64}},"9":{"start":{"line":22,"column":8},"end":{"line":22,"column":31}},"10":{"start":{"line":22,"column":19},"end":{"line":22,"column":31}},"11":{"start":{"line":24,"column":8},"end":{"line":24,"column":33}},"12":{"start":{"line":25,"column":8},"end":{"line":25,"column":44}},"13":{"start":{"line":28,"column":39},"end":{"line":34,"column":9}},"14":{"start":{"line":31,"column":12},"end":{"line":31,"column":35}},"15":{"start":{"line":32,"column":12},"end":{"line":32,"column":46}},"16":{"start":{"line":36,"column":8},"end":{"line":38,"column":10}},"17":{"start":{"line":37,"column":10},"end":{"line":37,"column":52}},"18":{"start":{"line":40,"column":8},"end":{"line":40,"column":57}},"19":{"start":{"line":42,"column":8},"end":{"line":42,"column":26}},"20":{"start":{"line":46,"column":4},"end":{"line":46,"column":21}},"21":{"start":{"line":50,"column":17},"end":{"line":67,"column":3}},"22":{"start":{"line":51,"column":4},"end":{"line":66,"column":5}},"23":{"start":{"line":52,"column":6},"end":{"line":52,"column":23}},"24":{"start":{"line":53,"column":21},"end":{"line":53,"column":62}},"25":{"start":{"line":55,"column":6},"end":{"line":58,"column":7}},"26":{"start":{"line":56,"column":8},"end":{"line":56,"column":59}},"27":{"start":{"line":57,"column":8},"end":{"line":57,"column":21}},"28":{"start":{"line":60,"column":6},"end":{"line":60,"column":18}},"29":{"start":{"line":62,"column":6},"end":{"line":62,"column":50}},"30":{"start":{"line":63,"column":6},"end":{"line":63,"column":19}},"31":{"start":{"line":65,"column":6},"end":{"line":65,"column":24}},"32":{"start":{"line":70,"column":17},"end":{"line":92,"column":3}},"33":{"start":{"line":71,"column":4},"end":{"line":91,"column":5}},"34":{"start":{"line":72,"column":6},"end":{"line":72,"column":23}},"35":{"start":{"line":73,"column":21},"end":{"line":73,"column":72}},"36":{"start":{"line":75,"column":6},"end":{"line":78,"column":7}},"37":{"start":{"line":76,"column":8},"end":{"line":76,"column":59}},"38":{"start":{"line":77,"column":8},"end":{"line":77,"column":21}},"39":{"start":{"line":80,"column":6},"end":{"line":82,"column":7}},"40":{"start":{"line":81,"column":8},"end":{"line":81,"column":37}},"41":{"start":{"line":84,"column":6},"end":{"line":84,"column":111}},"42":{"start":{"line":85,"column":6},"end":{"line":85,"column":18}},"43":{"start":{"line":87,"column":6},"end":{"line":87,"column":50}},"44":{"start":{"line":88,"column":6},"end":{"line":88,"column":19}},"45":{"start":{"line":90,"column":6},"end":{"line":90,"column":24}},"46":{"start":{"line":95,"column":18},"end":{"line":112,"column":3}},"47":{"start":{"line":96,"column":4},"end":{"line":111,"column":5}},"48":{"start":{"line":97,"column":6},"end":{"line":97,"column":23}},"49":{"start":{"line":98,"column":21},"end":{"line":98,"column":48}},"50":{"start":{"line":100,"column":6},"end":{"line":103,"column":7}},"51":{"start":{"line":101,"column":8},"end":{"line":101,"column":60}},"52":{"start":{"line":102,"column":8},"end":{"line":102,"column":21}},"53":{"start":{"line":105,"column":6},"end":{"line":105,"column":18}},"54":{"start":{"line":107,"column":6},"end":{"line":107,"column":51}},"55":{"start":{"line":108,"column":6},"end":{"line":108,"column":19}},"56":{"start":{"line":110,"column":6},"end":{"line":110,"column":24}},"57":{"start":{"line":115,"column":24},"end":{"line":133,"column":3}},"58":{"start":{"line":116,"column":4},"end":{"line":132,"column":5}},"59":{"start":{"line":117,"column":6},"end":{"line":117,"column":23}},"60":{"start":{"line":118,"column":21},"end":{"line":118,"column":59}},"61":{"start":{"line":120,"column":6},"end":{"line":123,"column":7}},"62":{"start":{"line":121,"column":8},"end":{"line":121,"column":66}},"63":{"start":{"line":122,"column":8},"end":{"line":122,"column":21}},"64":{"start":{"line":125,"column":6},"end":{"line":125,"column":80}},"65":{"start":{"line":126,"column":6},"end":{"line":126,"column":18}},"66":{"start":{"line":128,"column":6},"end":{"line":128,"column":57}},"67":{"start":{"line":129,"column":6},"end":{"line":129,"column":19}},"68":{"start":{"line":131,"column":6},"end":{"line":131,"column":24}},"69":{"start":{"line":136,"column":16},"end":{"line":145,"column":3}},"70":{"start":{"line":147,"column":2},"end":{"line":147,"column":79}},"71":{"start":{"line":151,"column":23},"end":{"line":157,"column":1}},"72":{"start":{"line":152,"column":18},"end":{"line":152,"column":41}},"73":{"start":{"line":153,"column":2},"end":{"line":155,"column":3}},"74":{"start":{"line":154,"column":4},"end":{"line":154,"column":67}},"75":{"start":{"line":156,"column":2},"end":{"line":156,"column":17}}},"fnMap":{"0":{"name":"(anonymous_0)","decl":{"start":{"line":10,"column":28},"end":{"line":10,"column":29}},"loc":{"start":{"line":10,"column":46},"end":{"line":148,"column":1}},"line":10},"1":{"name":"(anonymous_1)","decl":{"start":{"line":16,"column":12},"end":{"line":16,"column":13}},"loc":{"start":{"line":16,"column":18},"end":{"line":47,"column":3}},"line":16},"2":{"name":"(anonymous_2)","decl":{"start":{"line":17,"column":27},"end":{"line":17,"column":28}},"loc":{"start":{"line":17,"column":39},"end":{"line":44,"column":5}},"line":17},"3":{"name":"(anonymous_3)","decl":{"start":{"line":29,"column":10},"end":{"line":29,"column":11}},"loc":{"start":{"line":29,"column":39},"end":{"line":33,"column":11}},"line":29},"4":{"name":"(anonymous_4)","decl":{"start":{"line":36,"column":15},"end":{"line":36,"column":16}},"loc":{"start":{"line":36,"column":21},"end":{"line":38,"column":9}},"line":36},"5":{"name":"(anonymous_5)","decl":{"start":{"line":50,"column":17},"end":{"line":50,"column":18}},"loc":{"start":{"line":50,"column":44},"end":{"line":67,"column":3}},"line":50},"6":{"name":"(anonymous_6)","decl":{"start":{"line":70,"column":17},"end":{"line":70,"column":18}},"loc":{"start":{"line":70,"column":54},"end":{"line":92,"column":3}},"line":70},"7":{"name":"(anonymous_7)","decl":{"start":{"line":95,"column":18},"end":{"line":95,"column":19}},"loc":{"start":{"line":95,"column":30},"end":{"line":112,"column":3}},"line":95},"8":{"name":"(anonymous_8)","decl":{"start":{"line":115,"column":24},"end":{"line":115,"column":25}},"loc":{"start":{"line":115,"column":41},"end":{"line":133,"column":3}},"line":115},"9":{"name":"(anonymous_9)","decl":{"start":{"line":151,"column":23},"end":{"line":151,"column":24}},"loc":{"start":{"line":151,"column":29},"end":{"line":157,"column":1}},"line":151}},"branchMap":{"0":{"loc":{"start":{"line":22,"column":8},"end":{"line":22,"column":31}},"type":"if","locations":[{"start":{"line":22,"column":8},"end":{"line":22,"column":31}},{"start":{},"end":{}}],"line":22},"1":{"loc":{"start":{"line":25,"column":16},"end":{"line":25,"column":42}},"type":"binary-expr","locations":[{"start":{"line":25,"column":16},"end":{"line":25,"column":34}},{"start":{"line":25,"column":38},"end":{"line":25,"column":42}}],"line":25},"2":{"loc":{"start":{"line":32,"column":20},"end":{"line":32,"column":44}},"type":"binary-expr","locations":[{"start":{"line":32,"column":20},"end":{"line":32,"column":36}},{"start":{"line":32,"column":40},"end":{"line":32,"column":44}}],"line":32},"3":{"loc":{"start":{"line":55,"column":6},"end":{"line":58,"column":7}},"type":"if","locations":[{"start":{"line":55,"column":6},"end":{"line":58,"column":7}},{"start":{},"end":{}}],"line":55},"4":{"loc":{"start":{"line":75,"column":6},"end":{"line":78,"column":7}},"type":"if","locations":[{"start":{"line":75,"column":6},"end":{"line":78,"column":7}},{"start":{},"end":{}}],"line":75},"5":{"loc":{"start":{"line":80,"column":6},"end":{"line":82,"column":7}},"type":"if","locations":[{"start":{"line":80,"column":6},"end":{"line":82,"column":7}},{"start":{},"end":{}}],"line":80},"6":{"loc":{"start":{"line":100,"column":6},"end":{"line":103,"column":7}},"type":"if","locations":[{"start":{"line":100,"column":6},"end":{"line":103,"column":7}},{"start":{},"end":{}}],"line":100},"7":{"loc":{"start":{"line":120,"column":6},"end":{"line":123,"column":7}},"type":"if","locations":[{"start":{"line":120,"column":6},"end":{"line":123,"column":7}},{"start":{},"end":{}}],"line":120},"8":{"loc":{"start":{"line":153,"column":2},"end":{"line":155,"column":3}},"type":"if","locations":[{"start":{"line":153,"column":2},"end":{"line":155,"column":3}},{"start":{},"end":{}}],"line":153}},"s":{"0":0,"1":0,"2":0,"3":0,"4":0,"5":0,"6":0,"7":0,"8":0,"9":0,"10":0,"11":0,"12":0,"13":0,"14":0,"15":0,"16":0,"17":0,"18":0,"19":0,"20":0,"21":0,"22":0,"23":0,"24":0,"25":0,"26":0,"27":0,"28":0,"29":0,"30":0,"31":0,"32":0,"33":0,"34":0,"35":0,"36":0,"37":0,"38":0,"39":0,"40":0,"41":0,"42":0,"43":0,"44":0,"45":0,"46":0,"47":0,"48":0,"49":0,"50":0,"51":0,"52":0,"53":0,"54":0,"55":0,"56":0,"57":0,"58":0,"59":0,"60":0,"61":0,"62":0,"63":0,"64":0,"65":0,"66":0,"67":0,"68":0,"69":0,"70":0,"71":0,"72":0,"73":0,"74":0,"75":0},"f":{"0":0,"1":0,"2":0,"3":0,"4":0,"5":0,"6":0,"7":0,"8":0,"9":0},"b":{"0":[0,0],"1":[0,0],"2":[0,0],"3":[0,0],"4":[0,0],"5":[0,0],"6":[0,0],"7":[0,0],"8":[0,0]}}
,"C:\\Users\\lucas\\.cursor-tutor-3\\AdoptMe\\src\\context\\ChatContext.js": {"path":"C:\\Users\\lucas\\.cursor-tutor-3\\AdoptMe\\src\\context\\ChatContext.js","statementMap":{"0":{"start":{"line":6,"column":27},"end":{"line":6,"column":46}},"1":{"start":{"line":8,"column":28},"end":{"line":260,"column":1}},"2":{"start":{"line":9,"column":22},"end":{"line":9,"column":45}},"3":{"start":{"line":11,"column":15},"end":{"line":11,"column":40}},"4":{"start":{"line":12,"column":44},"end":{"line":12,"column":56}},"5":{"start":{"line":13,"column":56},"end":{"line":13,"column":70}},"6":{"start":{"line":14,"column":34},"end":{"line":14,"column":46}},"7":{"start":{"line":15,"column":32},"end":{"line":15,"column":47}},"8":{"start":{"line":16,"column":28},"end":{"line":16,"column":42}},"9":{"start":{"line":17,"column":42},"end":{"line":17,"column":56}},"10":{"start":{"line":20,"column":20},"end":{"line":20,"column":32}},"11":{"start":{"line":23,"column":2},"end":{"line":58,"column":13}},"12":{"start":{"line":24,"column":20},"end":{"line":24,"column":24}},"13":{"start":{"line":26,"column":21},"end":{"line":43,"column":5}},"14":{"start":{"line":27,"column":6},"end":{"line":42,"column":7}},"15":{"start":{"line":28,"column":8},"end":{"line":36,"column":9}},"16":{"start":{"line":30,"column":10},"end":{"line":30,"column":36}},"17":{"start":{"line":33,"column":10},"end":{"line":35,"column":11}},"18":{"start":{"line":34,"column":12},"end":{"line":34,"column":40}},"19":{"start":{"line":38,"column":8},"end":{"line":38,"column":55}},"20":{"start":{"line":39,"column":8},"end":{"line":41,"column":9}},"21":{"start":{"line":40,"column":10},"end":{"line":40,"column":48}},"22":{"start":{"line":45,"column":4},"end":{"line":45,"column":15}},"23":{"start":{"line":48,"column":4},"end":{"line":57,"column":6}},"24":{"start":{"line":49,"column":6},"end":{"line":49,"column":24}},"25":{"start":{"line":50,"column":6},"end":{"line":56,"column":7}},"26":{"start":{"line":51,"column":8},"end":{"line":55,"column":9}},"27":{"start":{"line":52,"column":10},"end":{"line":52,"column":37}},"28":{"start":{"line":54,"column":10},"end":{"line":54,"column":53}},"29":{"start":{"line":61,"column":2},"end":{"line":65,"column":34}},"30":{"start":{"line":62,"column":4},"end":{"line":64,"column":5}},"31":{"start":{"line":63,"column":6},"end":{"line":63,"column":43}},"32":{"start":{"line":68,"column":30},"end":{"line":111,"column":3}},"33":{"start":{"line":69,"column":4},"end":{"line":110,"column":5}},"34":{"start":{"line":71,"column":6},"end":{"line":77,"column":7}},"35":{"start":{"line":72,"column":8},"end":{"line":76,"column":9}},"36":{"start":{"line":73,"column":10},"end":{"line":73,"column":37}},"37":{"start":{"line":75,"column":10},"end":{"line":75,"column":80}},"38":{"start":{"line":80,"column":6},"end":{"line":80,"column":24}},"39":{"start":{"line":80,"column":17},"end":{"line":80,"column":24}},"40":{"start":{"line":82,"column":18},"end":{"line":102,"column":8}},"41":{"start":{"line":83,"column":8},"end":{"line":101,"column":9}},"42":{"start":{"line":85,"column":10},"end":{"line":85,"column":31}},"43":{"start":{"line":85,"column":24},"end":{"line":85,"column":31}},"44":{"start":{"line":87,"column":28},"end":{"line":87,"column":45}},"45":{"start":{"line":88,"column":29},"end":{"line":88,"column":40}},"46":{"start":{"line":89,"column":29},"end":{"line":89,"column":40}},"47":{"start":{"line":92,"column":10},"end":{"line":98,"column":11}},"48":{"start":{"line":93,"column":12},"end":{"line":93,"column":41}},"49":{"start":{"line":94,"column":17},"end":{"line":98,"column":11}},"50":{"start":{"line":95,"column":12},"end":{"line":95,"column":57}},"51":{"start":{"line":96,"column":17},"end":{"line":98,"column":11}},"52":{"start":{"line":97,"column":12},"end":{"line":97,"column":45}},"53":{"start":{"line":100,"column":10},"end":{"line":100,"column":66}},"54":{"start":{"line":104,"column":6},"end":{"line":106,"column":7}},"55":{"start":{"line":105,"column":8},"end":{"line":105,"column":29}},"56":{"start":{"line":108,"column":6},"end":{"line":108,"column":61}},"57":{"start":{"line":109,"column":6},"end":{"line":109,"column":50}},"58":{"start":{"line":114,"column":27},"end":{"line":146,"column":3}},"59":{"start":{"line":116,"column":4},"end":{"line":118,"column":5}},"60":{"start":{"line":117,"column":6},"end":{"line":117,"column":13}},"61":{"start":{"line":121,"column":4},"end":{"line":121,"column":24}},"62":{"start":{"line":124,"column":4},"end":{"line":145,"column":5}},"63":{"start":{"line":125,"column":26},"end":{"line":125,"column":48}},"64":{"start":{"line":126,"column":6},"end":{"line":144,"column":7}},"65":{"start":{"line":128,"column":8},"end":{"line":130,"column":9}},"66":{"start":{"line":129,"column":10},"end":{"line":129,"column":63}},"67":{"start":{"line":133,"column":8},"end":{"line":143,"column":11}},"68":{"start":{"line":133,"column":36},"end":{"line":143,"column":9}},"69":{"start":{"line":149,"column":31},"end":{"line":172,"column":3}},"70":{"start":{"line":151,"column":4},"end":{"line":153,"column":5}},"71":{"start":{"line":152,"column":6},"end":{"line":152,"column":13}},"72":{"start":{"line":156,"column":4},"end":{"line":168,"column":5}},"73":{"start":{"line":157,"column":6},"end":{"line":167,"column":8}},"74":{"start":{"line":158,"column":8},"end":{"line":166,"column":9}},"75":{"start":{"line":159,"column":10},"end":{"line":165,"column":21}},"76":{"start":{"line":171,"column":4},"end":{"line":171,"column":24}},"77":{"start":{"line":175,"column":31},"end":{"line":190,"column":3}},"78":{"start":{"line":177,"column":4},"end":{"line":179,"column":5}},"79":{"start":{"line":178,"column":6},"end":{"line":178,"column":13}},"80":{"start":{"line":182,"column":4},"end":{"line":186,"column":5}},"81":{"start":{"line":183,"column":6},"end":{"line":185,"column":8}},"82":{"start":{"line":184,"column":8},"end":{"line":184,"column":68}},"83":{"start":{"line":184,"column":39},"end":{"line":184,"column":67}},"84":{"start":{"line":189,"column":4},"end":{"line":189,"column":24}},"85":{"start":{"line":193,"column":28},"end":{"line":207,"column":3}},"86":{"start":{"line":194,"column":4},"end":{"line":194,"column":22}},"87":{"start":{"line":194,"column":15},"end":{"line":194,"column":22}},"88":{"start":{"line":196,"column":4},"end":{"line":206,"column":5}},"89":{"start":{"line":197,"column":6},"end":{"line":197,"column":23}},"90":{"start":{"line":198,"column":19},"end":{"line":198,"column":55}},"91":{"start":{"line":199,"column":6},"end":{"line":199,"column":29}},"92":{"start":{"line":200,"column":6},"end":{"line":200,"column":21}},"93":{"start":{"line":202,"column":6},"end":{"line":202,"column":57}},"94":{"start":{"line":203,"column":6},"end":{"line":203,"column":47}},"95":{"start":{"line":205,"column":6},"end":{"line":205,"column":24}},"96":{"start":{"line":210,"column":23},"end":{"line":224,"column":3}},"97":{"start":{"line":211,"column":4},"end":{"line":211,"column":22}},"98":{"start":{"line":211,"column":15},"end":{"line":211,"column":22}},"99":{"start":{"line":213,"column":4},"end":{"line":223,"column":5}},"100":{"start":{"line":214,"column":6},"end":{"line":214,"column":23}},"101":{"start":{"line":215,"column":19},"end":{"line":215,"column":56}},"102":{"start":{"line":216,"column":6},"end":{"line":216,"column":24}},"103":{"start":{"line":217,"column":6},"end":{"line":217,"column":21}},"104":{"start":{"line":219,"column":6},"end":{"line":219,"column":52}},"105":{"start":{"line":220,"column":6},"end":{"line":220,"column":42}},"106":{"start":{"line":222,"column":6},"end":{"line":222,"column":24}},"107":{"start":{"line":227,"column":22},"end":{"line":241,"column":3}},"108":{"start":{"line":228,"column":4},"end":{"line":228,"column":22}},"109":{"start":{"line":228,"column":15},"end":{"line":228,"column":22}},"110":{"start":{"line":230,"column":4},"end":{"line":240,"column":5}},"111":{"start":{"line":231,"column":6},"end":{"line":231,"column":23}},"112":{"start":{"line":232,"column":6},"end":{"line":232,"column":57}},"113":{"start":{"line":234,"column":6},"end":{"line":234,"column":21}},"114":{"start":{"line":236,"column":6},"end":{"line":236,"column":51}},"115":{"start":{"line":237,"column":6},"end":{"line":237,"column":41}},"116":{"start":{"line":239,"column":6},"end":{"line":239,"column":24}},"117":{"start":{"line":243,"column":2},"end":{"line":259,"column":4}},"118":{"start":{"line":263,"column":23},"end":{"line":269,"column":1}},"119":{"start":{"line":264,"column":18},"end":{"line":264,"column":41}},"120":{"start":{"line":265,"column":2},"end":{"line":267,"column":3}},"121":{"start":{"line":266,"column":4},"end":{"line":266,"column":66}},"122":{"start":{"line":268,"column":2},"end":{"line":268,"column":17}}},"fnMap":{"0":{"name":"(anonymous_0)","decl":{"start":{"line":8,"column":28},"end":{"line":8,"column":29}},"loc":{"start":{"line":8,"column":46},"end":{"line":260,"column":1}},"line":8},"1":{"name":"(anonymous_1)","decl":{"start":{"line":23,"column":12},"end":{"line":23,"column":13}},"loc":{"start":{"line":23,"column":18},"end":{"line":58,"column":3}},"line":23},"2":{"name":"(anonymous_2)","decl":{"start":{"line":26,"column":21},"end":{"line":26,"column":22}},"loc":{"start":{"line":26,"column":33},"end":{"line":43,"column":5}},"line":26},"3":{"name":"(anonymous_3)","decl":{"start":{"line":48,"column":11},"end":{"line":48,"column":12}},"loc":{"start":{"line":48,"column":17},"end":{"line":57,"column":5}},"line":48},"4":{"name":"(anonymous_4)","decl":{"start":{"line":61,"column":12},"end":{"line":61,"column":13}},"loc":{"start":{"line":61,"column":18},"end":{"line":65,"column":3}},"line":61},"5":{"name":"(anonymous_5)","decl":{"start":{"line":68,"column":30},"end":{"line":68,"column":31}},"loc":{"start":{"line":68,"column":42},"end":{"line":111,"column":3}},"line":68},"6":{"name":"(anonymous_6)","decl":{"start":{"line":82,"column":50},"end":{"line":82,"column":51}},"loc":{"start":{"line":82,"column":63},"end":{"line":102,"column":7}},"line":82},"7":{"name":"(anonymous_7)","decl":{"start":{"line":114,"column":27},"end":{"line":114,"column":28}},"loc":{"start":{"line":114,"column":43},"end":{"line":146,"column":3}},"line":114},"8":{"name":"(anonymous_8)","decl":{"start":{"line":133,"column":20},"end":{"line":133,"column":21}},"loc":{"start":{"line":133,"column":36},"end":{"line":143,"column":9}},"line":133},"9":{"name":"(anonymous_9)","decl":{"start":{"line":149,"column":31},"end":{"line":149,"column":32}},"loc":{"start":{"line":149,"column":59},"end":{"line":172,"column":3}},"line":149},"10":{"name":"(anonymous_10)","decl":{"start":{"line":157,"column":18},"end":{"line":157,"column":19}},"loc":{"start":{"line":158,"column":8},"end":{"line":166,"column":9}},"line":158},"11":{"name":"(anonymous_11)","decl":{"start":{"line":158,"column":25},"end":{"line":158,"column":26}},"loc":{"start":{"line":159,"column":10},"end":{"line":165,"column":21}},"line":159},"12":{"name":"(anonymous_12)","decl":{"start":{"line":175,"column":31},"end":{"line":175,"column":32}},"loc":{"start":{"line":175,"column":47},"end":{"line":190,"column":3}},"line":175},"13":{"name":"(anonymous_13)","decl":{"start":{"line":183,"column":18},"end":{"line":183,"column":19}},"loc":{"start":{"line":184,"column":8},"end":{"line":184,"column":68}},"line":184},"14":{"name":"(anonymous_14)","decl":{"start":{"line":184,"column":28},"end":{"line":184,"column":29}},"loc":{"start":{"line":184,"column":39},"end":{"line":184,"column":67}},"line":184},"15":{"name":"(anonymous_15)","decl":{"start":{"line":193,"column":28},"end":{"line":193,"column":29}},"loc":{"start":{"line":193,"column":40},"end":{"line":207,"column":3}},"line":193},"16":{"name":"(anonymous_16)","decl":{"start":{"line":210,"column":23},"end":{"line":210,"column":24}},"loc":{"start":{"line":210,"column":41},"end":{"line":224,"column":3}},"line":210},"17":{"name":"(anonymous_17)","decl":{"start":{"line":227,"column":22},"end":{"line":227,"column":23}},"loc":{"start":{"line":227,"column":53},"end":{"line":241,"column":3}},"line":227},"18":{"name":"(anonymous_18)","decl":{"start":{"line":263,"column":23},"end":{"line":263,"column":24}},"loc":{"start":{"line":263,"column":29},"end":{"line":269,"column":1}},"line":263}},"branchMap":{"0":{"loc":{"start":{"line":11,"column":15},"end":{"line":11,"column":40}},"type":"binary-expr","locations":[{"start":{"line":11,"column":15},"end":{"line":11,"column":32}},{"start":{"line":11,"column":36},"end":{"line":11,"column":40}}],"line":11},"1":{"loc":{"start":{"line":28,"column":8},"end":{"line":36,"column":9}},"type":"if","locations":[{"start":{"line":28,"column":8},"end":{"line":36,"column":9}},{"start":{},"end":{}}],"line":28},"2":{"loc":{"start":{"line":33,"column":10},"end":{"line":35,"column":11}},"type":"if","locations":[{"start":{"line":33,"column":10},"end":{"line":35,"column":11}},{"start":{},"end":{}}],"line":33},"3":{"loc":{"start":{"line":39,"column":8},"end":{"line":41,"column":9}},"type":"if","locations":[{"start":{"line":39,"column":8},"end":{"line":41,"column":9}},{"start":{},"end":{}}],"line":39},"4":{"loc":{"start":{"line":50,"column":6},"end":{"line":56,"column":7}},"type":"if","locations":[{"start":{"line":50,"column":6},"end":{"line":56,"column":7}},{"start":{},"end":{}}],"line":50},"5":{"loc":{"start":{"line":62,"column":4},"end":{"line":64,"column":5}},"type":"if","locations":[{"start":{"line":62,"column":4},"end":{"line":64,"column":5}},{"start":{},"end":{}}],"line":62},"6":{"loc":{"start":{"line":62,"column":8},"end":{"line":62,"column":35}},"type":"binary-expr","locations":[{"start":{"line":62,"column":8},"end":{"line":62,"column":27}},{"start":{"line":62,"column":31},"end":{"line":62,"column":35}}],"line":62},"7":{"loc":{"start":{"line":71,"column":6},"end":{"line":77,"column":7}},"type":"if","locations":[{"start":{"line":71,"column":6},"end":{"line":77,"column":7}},{"start":{},"end":{}}],"line":71},"8":{"loc":{"start":{"line":80,"column":6},"end":{"line":80,"column":24}},"type":"if","locations":[{"start":{"line":80,"column":6},"end":{"line":80,"column":24}},{"start":{},"end":{}}],"line":80},"9":{"loc":{"start":{"line":85,"column":10},"end":{"line":85,"column":31}},"type":"if","locations":[{"start":{"line":85,"column":10},"end":{"line":85,"column":31}},{"start":{},"end":{}}],"line":85},"10":{"loc":{"start":{"line":92,"column":10},"end":{"line":98,"column":11}},"type":"if","locations":[{"start":{"line":92,"column":10},"end":{"line":98,"column":11}},{"start":{"line":94,"column":17},"end":{"line":98,"column":11}}],"line":92},"11":{"loc":{"start":{"line":92,"column":14},"end":{"line":92,"column":50}},"type":"binary-expr","locations":[{"start":{"line":92,"column":14},"end":{"line":92,"column":36}},{"start":{"line":92,"column":40},"end":{"line":92,"column":50}}],"line":92},"12":{"loc":{"start":{"line":94,"column":17},"end":{"line":98,"column":11}},"type":"if","locations":[{"start":{"line":94,"column":17},"end":{"line":98,"column":11}},{"start":{"line":96,"column":17},"end":{"line":98,"column":11}}],"line":94},"13":{"loc":{"start":{"line":94,"column":21},"end":{"line":94,"column":71}},"type":"binary-expr","locations":[{"start":{"line":94,"column":21},"end":{"line":94,"column":43}},{"start":{"line":94,"column":47},"end":{"line":94,"column":57}},{"start":{"line":94,"column":61},"end":{"line":94,"column":71}}],"line":94},"14":{"loc":{"start":{"line":96,"column":17},"end":{"line":98,"column":11}},"type":"if","locations":[{"start":{"line":96,"column":17},"end":{"line":98,"column":11}},{"start":{},"end":{}}],"line":96},"15":{"loc":{"start":{"line":96,"column":21},"end":{"line":96,"column":57}},"type":"binary-expr","locations":[{"start":{"line":96,"column":21},"end":{"line":96,"column":43}},{"start":{"line":96,"column":47},"end":{"line":96,"column":57}}],"line":96},"16":{"loc":{"start":{"line":104,"column":6},"end":{"line":106,"column":7}},"type":"if","locations":[{"start":{"line":104,"column":6},"end":{"line":106,"column":7}},{"start":{},"end":{}}],"line":104},"17":{"loc":{"start":{"line":116,"column":4},"end":{"line":118,"column":5}},"type":"if","locations":[{"start":{"line":116,"column":4},"end":{"line":118,"column":5}},{"start":{},"end":{}}],"line":116},"18":{"loc":{"start":{"line":116,"column":8},"end":{"line":116,"column":89}},"type":"binary-expr","locations":[{"start":{"line":116,"column":8},"end":{"line":116,"column":13}},{"start":{"line":116,"column":18},"end":{"line":116,"column":50}},{"start":{"line":116,"column":54},"end":{"line":116,"column":88}}],"line":116},"19":{"loc":{"start":{"line":124,"column":4},"end":{"line":145,"column":5}},"type":"if","locations":[{"start":{"line":124,"column":4},"end":{"line":145,"column":5}},{"start":{},"end":{}}],"line":124},"20":{"loc":{"start":{"line":126,"column":6},"end":{"line":144,"column":7}},"type":"if","locations":[{"start":{"line":126,"column":6},"end":{"line":144,"column":7}},{"start":{},"end":{}}],"line":126},"21":{"loc":{"start":{"line":126,"column":10},"end":{"line":126,"column":88}},"type":"binary-expr","locations":[{"start":{"line":126,"column":10},"end":{"line":126,"column":46}},{"start":{"line":126,"column":50},"end":{"line":126,"column":88}}],"line":126},"22":{"loc":{"start":{"line":128,"column":8},"end":{"line":130,"column":9}},"type":"if","locations":[{"start":{"line":128,"column":8},"end":{"line":130,"column":9}},{"start":{},"end":{}}],"line":128},"23":{"loc":{"start":{"line":141,"column":18},"end":{"line":141,"column":69}},"type":"binary-expr","locations":[{"start":{"line":141,"column":18},"end":{"line":141,"column":33}},{"start":{"line":141,"column":37},"end":{"line":141,"column":69}}],"line":141},"24":{"loc":{"start":{"line":151,"column":4},"end":{"line":153,"column":5}},"type":"if","locations":[{"start":{"line":151,"column":4},"end":{"line":153,"column":5}},{"start":{},"end":{}}],"line":151},"25":{"loc":{"start":{"line":151,"column":8},"end":{"line":151,"column":89}},"type":"binary-expr","locations":[{"start":{"line":151,"column":8},"end":{"line":151,"column":13}},{"start":{"line":151,"column":18},"end":{"line":151,"column":50}},{"start":{"line":151,"column":54},"end":{"line":151,"column":88}}],"line":151},"26":{"loc":{"start":{"line":156,"column":4},"end":{"line":168,"column":5}},"type":"if","locations":[{"start":{"line":156,"column":4},"end":{"line":168,"column":5}},{"start":{},"end":{}}],"line":156},"27":{"loc":{"start":{"line":159,"column":10},"end":{"line":165,"column":21}},"type":"cond-expr","locations":[{"start":{"line":160,"column":14},"end":{"line":164,"column":15}},{"start":{"line":165,"column":14},"end":{"line":165,"column":21}}],"line":159},"28":{"loc":{"start":{"line":177,"column":4},"end":{"line":179,"column":5}},"type":"if","locations":[{"start":{"line":177,"column":4},"end":{"line":179,"column":5}},{"start":{},"end":{}}],"line":177},"29":{"loc":{"start":{"line":177,"column":8},"end":{"line":177,"column":89}},"type":"binary-expr","locations":[{"start":{"line":177,"column":8},"end":{"line":177,"column":13}},{"start":{"line":177,"column":18},"end":{"line":177,"column":50}},{"start":{"line":177,"column":54},"end":{"line":177,"column":88}}],"line":177},"30":{"loc":{"start":{"line":182,"column":4},"end":{"line":186,"column":5}},"type":"if","locations":[{"start":{"line":182,"column":4},"end":{"line":186,"column":5}},{"start":{},"end":{}}],"line":182},"31":{"loc":{"start":{"line":194,"column":4},"end":{"line":194,"column":22}},"type":"if","locations":[{"start":{"line":194,"column":4},"end":{"line":194,"column":22}},{"start":{},"end":{}}],"line":194},"32":{"loc":{"start":{"line":211,"column":4},"end":{"line":211,"column":22}},"type":"if","locations":[{"start":{"line":211,"column":4},"end":{"line":211,"column":22}},{"start":{},"end":{}}],"line":211},"33":{"loc":{"start":{"line":228,"column":4},"end":{"line":228,"column":22}},"type":"if","locations":[{"start":{"line":228,"column":4},"end":{"line":228,"column":22}},{"start":{},"end":{}}],"line":228},"34":{"loc":{"start":{"line":265,"column":2},"end":{"line":267,"column":3}},"type":"if","locations":[{"start":{"line":265,"column":2},"end":{"line":267,"column":3}},{"start":{},"end":{}}],"line":265}},"s":{"0":0,"1":0,"2":0,"3":0,"4":0,"5":0,"6":0,"7":0,"8":0,"9":0,"10":0,"11":0,"12":0,"13":0,"14":0,"15":0,"16":0,"17":0,"18":0,"19":0,"20":0,"21":0,"22":0,"23":0,"24":0,"25":0,"26":0,"27":0,"28":0,"29":0,"30":0,"31":0,"32":0,"33":0,"34":0,"35":0,"36":0,"37":0,"38":0,"39":0,"40":0,"41":0,"42":0,"43":0,"44":0,"45":0,"46":0,"47":0,"48":0,"49":0,"50":0,"51":0,"52":0,"53":0,"54":0,"55":0,"56":0,"57":0,"58":0,"59":0,"60":0,"61":0,"62":0,"63":0,"64":0,"65":0,"66":0,"67":0,"68":0,"69":0,"70":0,"71":0,"72":0,"73":0,"74":0,"75":0,"76":0,"77":0,"78":0,"79":0,"80":0,"81":0,"82":0,"83":0,"84":0,"85":0,"86":0,"87":0,"88":0,"89":0,"90":0,"91":0,"92":0,"93":0,"94":0,"95":0,"96":0,"97":0,"98":0,"99":0,"100":0,"101":0,"102":0,"103":0,"104":0,"105":0,"106":0,"107":0,"108":0,"109":0,"110":0,"111":0,"112":0,"113":0,"114":0,"115":0,"116":0,"117":0,"118":0,"119":0,"120":0,"121":0,"122":0},"f":{"0":0,"1":0,"2":0,"3":0,"4":0,"5":0,"6":0,"7":0,"8":0,"9":0,"10":0,"11":0,"12":0,"13":0,"14":0,"15":0,"16":0,"17":0,"18":0},"b":{"0":[0,0],"1":[0,0],"2":[0,0],"3":[0,0],"4":[0,0],"5":[0,0],"6":[0,0],"7":[0,0],"8":[0,0],"9":[0,0],"10":[0,0],"11":[0,0],"12":[0,0],"13":[0,0,0],"14":[0,0],"15":[0,0],"16":[0,0],"17":[0,0],"18":[0,0,0],"19":[0,0],"20":[0,0],"21":[0,0],"22":[0,0],"23":[0,0],"24":[0,0],"25":[0,0,0],"26":[0,0],"27":[0,0],"28":[0,0],"29":[0,0,0],"30":[0,0],"31":[0,0],"32":[0,0],"33":[0,0],"34":[0,0]}}
,"C:\\Users\\lucas\\.cursor-tutor-3\\AdoptMe\\src\\data\\categories.js": {"path":"C:\\Users\\lucas\\.cursor-tutor-3\\AdoptMe\\src\\data\\categories.js","statementMap":{"0":{"start":{"line":1,"column":26},"end":{"line":7,"column":1}}},"fnMap":{},"branchMap":{},"s":{"0":0},"f":{},"b":{}}
,"C:\\Users\\lucas\\.cursor-tutor-3\\AdoptMe\\src\\hooks\\useAnimalMutations.js": {"path":"C:\\Users\\lucas\\.cursor-tutor-3\\AdoptMe\\src\\hooks\\useAnimalMutations.js","statementMap":{"0":{"start":{"line":10,"column":16},"end":{"line":13,"column":1}},"1":{"start":{"line":11,"column":19},"end":{"line":11,"column":51}},"2":{"start":{"line":12,"column":2},"end":{"line":12,"column":29}},"3":{"start":{"line":18,"column":31},"end":{"line":98,"column":1}},"4":{"start":{"line":19,"column":22},"end":{"line":19,"column":38}},"5":{"start":{"line":20,"column":47},"end":{"line":20,"column":64}},"6":{"start":{"line":22,"column":2},"end":{"line":97,"column":5}},"7":{"start":{"line":25,"column":19},"end":{"line":25,"column":34}},"8":{"start":{"line":26,"column":6},"end":{"line":28,"column":7}},"9":{"start":{"line":27,"column":8},"end":{"line":27,"column":77}},"10":{"start":{"line":31,"column":21},"end":{"line":31,"column":25}},"11":{"start":{"line":34,"column":6},"end":{"line":66,"column":7}},"12":{"start":{"line":35,"column":8},"end":{"line":65,"column":9}},"13":{"start":{"line":37,"column":27},"end":{"line":37,"column":44}},"14":{"start":{"line":38,"column":27},"end":{"line":38,"column":51}},"15":{"start":{"line":41,"column":29},"end":{"line":41,"column":45}},"16":{"start":{"line":42,"column":29},"end":{"line":42,"column":47}},"17":{"start":{"line":45,"column":59},"end":{"line":49,"column":14}},"18":{"start":{"line":51,"column":10},"end":{"line":54,"column":11}},"19":{"start":{"line":52,"column":12},"end":{"line":52,"column":63}},"20":{"start":{"line":53,"column":12},"end":{"line":53,"column":75}},"21":{"start":{"line":57,"column":42},"end":{"line":59,"column":35}},"22":{"start":{"line":61,"column":10},"end":{"line":61,"column":45}},"23":{"start":{"line":63,"column":10},"end":{"line":63,"column":57}},"24":{"start":{"line":64,"column":10},"end":{"line":64,"column":66}},"25":{"start":{"line":69,"column":30},"end":{"line":76,"column":17}},"26":{"start":{"line":78,"column":6},"end":{"line":81,"column":7}},"27":{"start":{"line":79,"column":8},"end":{"line":79,"column":55}},"28":{"start":{"line":80,"column":8},"end":{"line":80,"column":68}},"29":{"start":{"line":83,"column":6},"end":{"line":83,"column":21}},"30":{"start":{"line":87,"column":6},"end":{"line":87,"column":63}},"31":{"start":{"line":88,"column":6},"end":{"line":88,"column":67}},"32":{"start":{"line":91,"column":6},"end":{"line":91,"column":56}},"33":{"start":{"line":95,"column":6},"end":{"line":95,"column":53}},"34":{"start":{"line":103,"column":31},"end":{"line":187,"column":1}},"35":{"start":{"line":104,"column":22},"end":{"line":104,"column":38}},"36":{"start":{"line":106,"column":2},"end":{"line":186,"column":5}},"37":{"start":{"line":109,"column":6},"end":{"line":111,"column":7}},"38":{"start":{"line":110,"column":8},"end":{"line":110,"column":61}},"39":{"start":{"line":114,"column":19},"end":{"line":114,"column":34}},"40":{"start":{"line":115,"column":6},"end":{"line":117,"column":7}},"41":{"start":{"line":116,"column":8},"end":{"line":116,"column":77}},"42":{"start":{"line":120,"column":25},"end":{"line":120,"column":42}},"43":{"start":{"line":123,"column":6},"end":{"line":156,"column":7}},"44":{"start":{"line":124,"column":8},"end":{"line":155,"column":9}},"45":{"start":{"line":126,"column":27},"end":{"line":126,"column":44}},"46":{"start":{"line":127,"column":27},"end":{"line":127,"column":51}},"47":{"start":{"line":130,"column":29},"end":{"line":130,"column":45}},"48":{"start":{"line":131,"column":29},"end":{"line":131,"column":47}},"49":{"start":{"line":134,"column":59},"end":{"line":138,"column":14}},"50":{"start":{"line":140,"column":10},"end":{"line":143,"column":11}},"51":{"start":{"line":141,"column":12},"end":{"line":141,"column":63}},"52":{"start":{"line":142,"column":12},"end":{"line":142,"column":75}},"53":{"start":{"line":146,"column":42},"end":{"line":148,"column":35}},"54":{"start":{"line":151,"column":10},"end":{"line":151,"column":57}},"55":{"start":{"line":153,"column":10},"end":{"line":153,"column":57}},"56":{"start":{"line":154,"column":10},"end":{"line":154,"column":66}},"57":{"start":{"line":159,"column":30},"end":{"line":164,"column":17}},"58":{"start":{"line":166,"column":6},"end":{"line":169,"column":7}},"59":{"start":{"line":167,"column":8},"end":{"line":167,"column":55}},"60":{"start":{"line":168,"column":8},"end":{"line":168,"column":66}},"61":{"start":{"line":171,"column":6},"end":{"line":171,"column":21}},"62":{"start":{"line":175,"column":6},"end":{"line":175,"column":63}},"63":{"start":{"line":176,"column":6},"end":{"line":176,"column":71}},"64":{"start":{"line":177,"column":6},"end":{"line":177,"column":67}},"65":{"start":{"line":180,"column":6},"end":{"line":180,"column":56}},"66":{"start":{"line":184,"column":6},"end":{"line":184,"column":51}},"67":{"start":{"line":192,"column":31},"end":{"line":235,"column":1}},"68":{"start":{"line":193,"column":22},"end":{"line":193,"column":38}},"69":{"start":{"line":195,"column":2},"end":{"line":234,"column":5}},"70":{"start":{"line":197,"column":6},"end":{"line":199,"column":7}},"71":{"start":{"line":198,"column":8},"end":{"line":198,"column":62}},"72":{"start":{"line":202,"column":19},"end":{"line":202,"column":34}},"73":{"start":{"line":203,"column":6},"end":{"line":205,"column":7}},"74":{"start":{"line":204,"column":8},"end":{"line":204,"column":77}},"75":{"start":{"line":208,"column":30},"end":{"line":213,"column":17}},"76":{"start":{"line":215,"column":6},"end":{"line":218,"column":7}},"77":{"start":{"line":216,"column":8},"end":{"line":216,"column":55}},"78":{"start":{"line":217,"column":8},"end":{"line":217,"column":68}},"79":{"start":{"line":220,"column":6},"end":{"line":220,"column":41}},"80":{"start":{"line":224,"column":6},"end":{"line":224,"column":63}},"81":{"start":{"line":225,"column":6},"end":{"line":225,"column":67}},"82":{"start":{"line":228,"column":6},"end":{"line":228,"column":58}},"83":{"start":{"line":232,"column":6},"end":{"line":232,"column":53}},"84":{"start":{"line":240,"column":30},"end":{"line":287,"column":1}},"85":{"start":{"line":241,"column":22},"end":{"line":241,"column":38}},"86":{"start":{"line":243,"column":2},"end":{"line":286,"column":5}},"87":{"start":{"line":245,"column":6},"end":{"line":245,"column":56}},"88":{"start":{"line":247,"column":6},"end":{"line":249,"column":7}},"89":{"start":{"line":248,"column":8},"end":{"line":248,"column":49}},"90":{"start":{"line":252,"column":19},"end":{"line":252,"column":34}},"91":{"start":{"line":253,"column":6},"end":{"line":255,"column":7}},"92":{"start":{"line":254,"column":8},"end":{"line":254,"column":78}},"93":{"start":{"line":258,"column":30},"end":{"line":263,"column":17}},"94":{"start":{"line":265,"column":6},"end":{"line":268,"column":7}},"95":{"start":{"line":266,"column":8},"end":{"line":266,"column":65}},"96":{"start":{"line":267,"column":8},"end":{"line":267,"column":71}},"97":{"start":{"line":271,"column":6},"end":{"line":271,"column":84}},"98":{"start":{"line":274,"column":6},"end":{"line":274,"column":54}},"99":{"start":{"line":277,"column":6},"end":{"line":277,"column":63}},"100":{"start":{"line":278,"column":6},"end":{"line":280,"column":7}},"101":{"start":{"line":279,"column":8},"end":{"line":279,"column":73}},"102":{"start":{"line":281,"column":6},"end":{"line":281,"column":67}},"103":{"start":{"line":284,"column":6},"end":{"line":284,"column":63}}},"fnMap":{"0":{"name":"(anonymous_0)","decl":{"start":{"line":10,"column":16},"end":{"line":10,"column":17}},"loc":{"start":{"line":10,"column":28},"end":{"line":13,"column":1}},"line":10},"1":{"name":"(anonymous_1)","decl":{"start":{"line":18,"column":31},"end":{"line":18,"column":32}},"loc":{"start":{"line":18,"column":47},"end":{"line":98,"column":1}},"line":18},"2":{"name":"(anonymous_2)","decl":{"start":{"line":23,"column":16},"end":{"line":23,"column":17}},"loc":{"start":{"line":23,"column":53},"end":{"line":84,"column":5}},"line":23},"3":{"name":"(anonymous_3)","decl":{"start":{"line":85,"column":15},"end":{"line":85,"column":16}},"loc":{"start":{"line":85,"column":25},"end":{"line":92,"column":5}},"line":85},"4":{"name":"(anonymous_4)","decl":{"start":{"line":93,"column":13},"end":{"line":93,"column":14}},"loc":{"start":{"line":93,"column":24},"end":{"line":96,"column":5}},"line":93},"5":{"name":"(anonymous_5)","decl":{"start":{"line":103,"column":31},"end":{"line":103,"column":32}},"loc":{"start":{"line":103,"column":47},"end":{"line":187,"column":1}},"line":103},"6":{"name":"(anonymous_6)","decl":{"start":{"line":107,"column":16},"end":{"line":107,"column":17}},"loc":{"start":{"line":107,"column":63},"end":{"line":172,"column":5}},"line":107},"7":{"name":"(anonymous_7)","decl":{"start":{"line":173,"column":15},"end":{"line":173,"column":16}},"loc":{"start":{"line":173,"column":25},"end":{"line":181,"column":5}},"line":173},"8":{"name":"(anonymous_8)","decl":{"start":{"line":182,"column":13},"end":{"line":182,"column":14}},"loc":{"start":{"line":182,"column":24},"end":{"line":185,"column":5}},"line":182},"9":{"name":"(anonymous_9)","decl":{"start":{"line":192,"column":31},"end":{"line":192,"column":32}},"loc":{"start":{"line":192,"column":47},"end":{"line":235,"column":1}},"line":192},"10":{"name":"(anonymous_10)","decl":{"start":{"line":196,"column":16},"end":{"line":196,"column":17}},"loc":{"start":{"line":196,"column":36},"end":{"line":221,"column":5}},"line":196},"11":{"name":"(anonymous_11)","decl":{"start":{"line":222,"column":15},"end":{"line":222,"column":16}},"loc":{"start":{"line":222,"column":27},"end":{"line":229,"column":5}},"line":222},"12":{"name":"(anonymous_12)","decl":{"start":{"line":230,"column":13},"end":{"line":230,"column":14}},"loc":{"start":{"line":230,"column":24},"end":{"line":233,"column":5}},"line":230},"13":{"name":"(anonymous_13)","decl":{"start":{"line":240,"column":30},"end":{"line":240,"column":31}},"loc":{"start":{"line":240,"column":36},"end":{"line":287,"column":1}},"line":240},"14":{"name":"(anonymous_14)","decl":{"start":{"line":244,"column":16},"end":{"line":244,"column":17}},"loc":{"start":{"line":244,"column":36},"end":{"line":272,"column":5}},"line":244},"15":{"name":"(anonymous_15)","decl":{"start":{"line":273,"column":15},"end":{"line":273,"column":16}},"loc":{"start":{"line":273,"column":25},"end":{"line":282,"column":5}},"line":273},"16":{"name":"(anonymous_16)","decl":{"start":{"line":283,"column":13},"end":{"line":283,"column":14}},"loc":{"start":{"line":283,"column":24},"end":{"line":285,"column":5}},"line":283}},"branchMap":{"0":{"loc":{"start":{"line":26,"column":6},"end":{"line":28,"column":7}},"type":"if","locations":[{"start":{"line":26,"column":6},"end":{"line":28,"column":7}},{"start":{},"end":{}}],"line":26},"1":{"loc":{"start":{"line":34,"column":6},"end":{"line":66,"column":7}},"type":"if","locations":[{"start":{"line":34,"column":6},"end":{"line":66,"column":7}},{"start":{},"end":{}}],"line":34},"2":{"loc":{"start":{"line":34,"column":10},"end":{"line":34,"column":39}},"type":"binary-expr","locations":[{"start":{"line":34,"column":10},"end":{"line":34,"column":19}},{"start":{"line":34,"column":23},"end":{"line":34,"column":39}}],"line":34},"3":{"loc":{"start":{"line":51,"column":10},"end":{"line":54,"column":11}},"type":"if","locations":[{"start":{"line":51,"column":10},"end":{"line":54,"column":11}},{"start":{},"end":{}}],"line":51},"4":{"loc":{"start":{"line":78,"column":6},"end":{"line":81,"column":7}},"type":"if","locations":[{"start":{"line":78,"column":6},"end":{"line":81,"column":7}},{"start":{},"end":{}}],"line":78},"5":{"loc":{"start":{"line":109,"column":6},"end":{"line":111,"column":7}},"type":"if","locations":[{"start":{"line":109,"column":6},"end":{"line":111,"column":7}},{"start":{},"end":{}}],"line":109},"6":{"loc":{"start":{"line":115,"column":6},"end":{"line":117,"column":7}},"type":"if","locations":[{"start":{"line":115,"column":6},"end":{"line":117,"column":7}},{"start":{},"end":{}}],"line":115},"7":{"loc":{"start":{"line":123,"column":6},"end":{"line":156,"column":7}},"type":"if","locations":[{"start":{"line":123,"column":6},"end":{"line":156,"column":7}},{"start":{},"end":{}}],"line":123},"8":{"loc":{"start":{"line":123,"column":10},"end":{"line":123,"column":39}},"type":"binary-expr","locations":[{"start":{"line":123,"column":10},"end":{"line":123,"column":19}},{"start":{"line":123,"column":23},"end":{"line":123,"column":39}}],"line":123},"9":{"loc":{"start":{"line":140,"column":10},"end":{"line":143,"column":11}},"type":"if","locations":[{"start":{"line":140,"column":10},"end":{"line":143,"column":11}},{"start":{},"end":{}}],"line":140},"10":{"loc":{"start":{"line":166,"column":6},"end":{"line":169,"column":7}},"type":"if","locations":[{"start":{"line":166,"column":6},"end":{"line":169,"column":7}},{"start":{},"end":{}}],"line":166},"11":{"loc":{"start":{"line":197,"column":6},"end":{"line":199,"column":7}},"type":"if","locations":[{"start":{"line":197,"column":6},"end":{"line":199,"column":7}},{"start":{},"end":{}}],"line":197},"12":{"loc":{"start":{"line":203,"column":6},"end":{"line":205,"column":7}},"type":"if","locations":[{"start":{"line":203,"column":6},"end":{"line":205,"column":7}},{"start":{},"end":{}}],"line":203},"13":{"loc":{"start":{"line":215,"column":6},"end":{"line":218,"column":7}},"type":"if","locations":[{"start":{"line":215,"column":6},"end":{"line":218,"column":7}},{"start":{},"end":{}}],"line":215},"14":{"loc":{"start":{"line":247,"column":6},"end":{"line":249,"column":7}},"type":"if","locations":[{"start":{"line":247,"column":6},"end":{"line":249,"column":7}},{"start":{},"end":{}}],"line":247},"15":{"loc":{"start":{"line":253,"column":6},"end":{"line":255,"column":7}},"type":"if","locations":[{"start":{"line":253,"column":6},"end":{"line":255,"column":7}},{"start":{},"end":{}}],"line":253},"16":{"loc":{"start":{"line":265,"column":6},"end":{"line":268,"column":7}},"type":"if","locations":[{"start":{"line":265,"column":6},"end":{"line":268,"column":7}},{"start":{},"end":{}}],"line":2
[...]
,"C:\\Users\\lucas\\.cursor-tutor-3\\AdoptMe\\src\\utils\\setupDatabase.js": {"path":"C:\\Users\\lucas\\.cursor-tutor-3\\AdoptMe\\src\\utils\\setupDatabase.js","statementMap":{"0":{"start":{"line":8,"column":38},"end":{"line":32,"column":1}},"1":{"start":{"line":34,"column":40},"end":{"line":62,"column":1}},"2":{"start":{"line":68,"column":27},"end":{"line":87,"column":1}},"3":{"start":{"line":89,"column":29},"end":{"line":140,"column":1}},"4":{"start":{"line":89,"column":42},"end":{"line":140,"column":1}},"5":{"start":{"line":145,"column":32},"end":{"line":181,"column":1}},"6":{"start":{"line":146,"column":2},"end":{"line":180,"column":3}},"7":{"start":{"line":148,"column":46},"end":{"line":151,"column":15}},"8":{"start":{"line":153,"column":4},"end":{"line":156,"column":5}},"9":{"start":{"line":154,"column":6},"end":{"line":154,"column":64}},"10":{"start":{"line":155,"column":6},"end":{"line":155,"column":50}},"11":{"start":{"line":158,"column":4},"end":{"line":158,"column":62}},"12":{"start":{"line":161,"column":20},"end":{"line":161,"column":46}},"13":{"start":{"line":161,"column":38},"end":{"line":161,"column":45}},"14":{"start":{"line":164,"column":50},"end":{"line":167,"column":15}},"15":{"start":{"line":169,"column":4},"end":{"line":172,"column":5}},"16":{"start":{"line":170,"column":6},"end":{"line":170,"column":68}},"17":{"start":{"line":171,"column":6},"end":{"line":171,"column":52}},"18":{"start":{"line":174,"column":4},"end":{"line":174,"column":66}},"19":{"start":{"line":176,"column":4},"end":{"line":176,"column":55}},"20":{"start":{"line":178,"column":4},"end":{"line":178,"column":55}},"21":{"start":{"line":179,"column":4},"end":{"line":179,"column":37}}},"fnMap":{"0":{"name":"(anonymous_0)","decl":{"start":{"line":89,"column":29},"end":{"line":89,"column":30}},"loc":{"start":{"line":89,"column":42},"end":{"line":140,"column":1}},"line":89},"1":{"name":"(anonymous_1)","decl":{"start":{"line":145,"column":32},"end":{"line":145,"column":33}},"loc":{"start":{"line":145,"column":44},"end":{"line":181,"column":1}},"line":145},"2":{"name":"(anonymous_2)","decl":{"start":{"line":161,"column":30},"end":{"line":161,"column":31}},"loc":{"start":{"line":161,"column":38},"end":{"line":161,"column":45}},"line":161}},"branchMap":{"0":{"loc":{"start":{"line":153,"column":4},"end":{"line":156,"column":5}},"type":"if","locations":[{"start":{"line":153,"column":4},"end":{"line":156,"column":5}},{"start":{},"end":{}}],"line":153},"1":{"loc":{"start":{"line":169,"column":4},"end":{"line":172,"column":5}},"type":"if","locations":[{"start":{"line":169,"column":4},"end":{"line":172,"column":5}},{"start":{},"end":{}}],"line":169}},"s":{"0":0,"1":0,"2":0,"3":0,"4":0,"5":0,"6":0,"7":0,"8":0,"9":0,"10":0,"11":0,"12":0,"13":0,"14":0,"15":0,"16":0,"17":0,"18":0,"19":0,"20":0,"21":0},"f":{"0":0,"1":0,"2":0},"b":{"0":[0,0],"1":[0,0]}}
,"C:\\Users\\lucas\\.cursor-tutor-3\\AdoptMe\\src\\utils\\testCategoryFiltering.js": {"path":"C:\\Users\\lucas\\.cursor-tutor-3\\AdoptMe\\src\\utils\\testCategoryFiltering.js","statementMap":{"0":{"start":{"line":1,"column":25},"end":{"line":1,"column":57}},"1":{"start":{"line":4,"column":20},"end":{"line":4,"column":62}},"2":{"start":{"line":5,"column":24},"end":{"line":5,"column":234}},"3":{"start":{"line":7,"column":17},"end":{"line":7,"column":59}},"4":{"start":{"line":10,"column":30},"end":{"line":65,"column":1}},"5":{"start":{"line":12,"column":27},"end":{"line":12,"column":65}},"6":{"start":{"line":14,"column":2},"end":{"line":14,"column":64}},"7":{"start":{"line":16,"column":2},"end":{"line":64,"column":3}},"8":{"start":{"line":17,"column":4},"end":{"line":17,"column":51}},"9":{"start":{"line":20,"column":16},"end":{"line":25,"column":48}},"10":{"start":{"line":28,"column":4},"end":{"line":43,"column":5}},"11":{"start":{"line":30,"column":25},"end":{"line":35,"column":7}},"12":{"start":{"line":37,"column":22},"end":{"line":37,"column":42}},"13":{"start":{"line":38,"column":6},"end":{"line":42,"column":7}},"14":{"start":{"line":39,"column":8},"end":{"line":39,"column":45}},"15":{"start":{"line":40,"column":13},"end":{"line":42,"column":7}},"16":{"start":{"line":41,"column":8},"end":{"line":41,"column":67}},"17":{"start":{"line":46,"column":35},"end":{"line":46,"column":46}},"18":{"start":{"line":48,"column":4},"end":{"line":51,"column":5}},"19":{"start":{"line":49,"column":6},"end":{"line":49,"column":75}},"20":{"start":{"line":50,"column":6},"end":{"line":50,"column":15}},"21":{"start":{"line":53,"column":4},"end":{"line":53,"column":76}},"22":{"start":{"line":56,"column":4},"end":{"line":63,"column":5}},"23":{"start":{"line":57,"column":6},"end":{"line":57,"column":55}},"24":{"start":{"line":58,"column":6},"end":{"line":60,"column":9}},"25":{"start":{"line":59,"column":8},"end":{"line":59,"column":98}},"26":{"start":{"line":62,"column":6},"end":{"line":62,"column":56}},"27":{"start":{"line":68,"column":0},"end":{"line":74,"column":5}},"28":{"start":{"line":70,"column":4},"end":{"line":70,"column":56}},"29":{"start":{"line":73,"column":4},"end":{"line":73,"column":52}}},"fnMap":{"0":{"name":"(anonymous_0)","decl":{"start":{"line":10,"column":30},"end":{"line":10,"column":31}},"loc":{"start":{"line":10,"column":42},"end":{"line":65,"column":1}},"line":10},"1":{"name":"(anonymous_1)","decl":{"start":{"line":58,"column":31},"end":{"line":58,"column":32}},"loc":{"start":{"line":58,"column":41},"end":{"line":60,"column":7}},"line":58},"2":{"name":"(anonymous_2)","decl":{"start":{"line":69,"column":8},"end":{"line":69,"column":9}},"loc":{"start":{"line":69,"column":14},"end":{"line":71,"column":3}},"line":69},"3":{"name":"(anonymous_3)","decl":{"start":{"line":72,"column":9},"end":{"line":72,"column":10}},"loc":{"start":{"line":72,"column":18},"end":{"line":74,"column":3}},"line":72}},"branchMap":{"0":{"loc":{"start":{"line":28,"column":4},"end":{"line":43,"column":5}},"type":"if","locations":[{"start":{"line":28,"column":4},"end":{"line":43,"column":5}},{"start":{},"end":{}}],"line":28},"1":{"loc":{"start":{"line":38,"column":6},"end":{"line":42,"column":7}},"type":"if","locations":[{"start":{"line":38,"column":6},"end":{"line":42,"column":7}},{"start":{"line":40,"column":13},"end":{"line":42,"column":7}}],"line":38},"2":{"loc":{"start":{"line":40,"column":13},"end":{"line":42,"column":7}},"type":"if","locations":[{"start":{"line":40,"column":13},"end":{"line":42,"column":7}},{"start":{},"end":{}}],"line":40},"3":{"loc":{"start":{"line":48,"column":4},"end":{"line":51,"column":5}},"type":"if","locations":[{"start":{"line":48,"column":4},"end":{"line":51,"column":5}},{"start":{},"end":{}}],"line":48},"4":{"loc":{"start":{"line":53,"column":27},"end":{"line":53,"column":37}},"type":"binary-expr","locations":[{"start":{"line":53,"column":27},"end":{"line":53,"column":32}},{"start":{"line":53,"column":36},"end":{"line":53,"column":37}}],"line":53},"5":{"loc":{"start":{"line":56,"column":4},"end":{"line":63,"column":5}},"type":"if","locations":[{"start":{"line":56,"column":4},"end":{"line":63,"column":5}},{"start":{"line":61,"column":11},"end":{"line":63,"column":5}}],"line":56},"6":{"loc":{"start":{"line":56,"column":8},"end":{"line":56,"column":31}},"type":"binary-expr","locations":[{"start":{"line":56,"column":8},"end":{"line":56,"column":12}},{"start":{"line":56,"column":16},"end":{"line":56,"column":31}}],"line":56}},"s":{"0":0,"1":0,"2":0,"3":0,"4":0,"5":0,"6":0,"7":0,"8":0,"9":0,"10":0,"11":0,"12":0,"13":0,"14":0,"15":0,"16":0,"17":0,"18":0,"19":0,"20":0,"21":0,"22":0,"23":0,"24":0,"25":0,"26":0,"27":0,"28":0,"29":0},"f":{"0":0,"1":0,"2":0,"3":0},"b":{"0":[0,0],"1":[0,0],"2":[0,0],"3":[0,0],"4":[0,0],"5":[0,0],"6":[0,0]}}
,"C:\\Users\\lucas\\.cursor-tutor-3\\AdoptMe\\src\\utils\\testConnection.js": {"path":"C:\\Users\\lucas\\.cursor-tutor-3\\AdoptMe\\src\\utils\\testConnection.js","statementMap":{"0":{"start":{"line":2,"column":25},"end":{"line":2,"column":57}},"1":{"start":{"line":5,"column":20},"end":{"line":5,"column":62}},"2":{"start":{"line":6,"column":24},"end":{"line":6,"column":234}},"3":{"start":{"line":8,"column":17},"end":{"line":8,"column":59}},"4":{"start":{"line":11,"column":31},"end":{"line":74,"column":1}},"5":{"start":{"line":12,"column":2},"end":{"line":12,"column":48}},"6":{"start":{"line":14,"column":2},"end":{"line":73,"column":3}},"7":{"start":{"line":16,"column":49},"end":{"line":19,"column":15}},"8":{"start":{"line":21,"column":4},"end":{"line":26,"column":5}},"9":{"start":{"line":22,"column":6},"end":{"line":22,"column":86}},"10":{"start":{"line":24,"column":6},"end":{"line":24,"column":71}},"11":{"start":{"line":25,"column":6},"end":{"line":25,"column":75}},"12":{"start":{"line":29,"column":53},"end":{"line":34,"column":15}},"13":{"start":{"line":36,"column":4},"end":{"line":40,"column":5}},"14":{"start":{"line":37,"column":6},"end":{"line":37,"column":90}},"15":{"start":{"line":38,"column":6},"end":{"line":38,"column":120}},"16":{"start":{"line":39,"column":6},"end":{"line":39,"column":19}},"17":{"start":{"line":42,"column":4},"end":{"line":42,"column":71}},"18":{"start":{"line":43,"column":4},"end":{"line":43,"column":77}},"19":{"start":{"line":45,"column":4},"end":{"line":50,"column":5}},"20":{"start":{"line":46,"column":6},"end":{"line":46,"column":43}},"21":{"start":{"line":47,"column":6},"end":{"line":47,"column":58}},"22":{"start":{"line":49,"column":6},"end":{"line":49,"column":95}},"23":{"start":{"line":53,"column":63},"end":{"line":59,"column":15}},"24":{"start":{"line":61,"column":4},"end":{"line":67,"column":5}},"25":{"start":{"line":62,"column":6},"end":{"line":62,"column":83}},"26":{"start":{"line":63,"column":6},"end":{"line":63,"column":98}},"27":{"start":{"line":65,"column":6},"end":{"line":65,"column":68}},"28":{"start":{"line":66,"column":6},"end":{"line":66,"column":63}},"29":{"start":{"line":69,"column":4},"end":{"line":69,"column":42}},"30":{"start":{"line":71,"column":4},"end":{"line":71,"column":56}},"31":{"start":{"line":72,"column":4},"end":{"line":72,"column":17}},"32":{"start":{"line":77,"column":0},"end":{"line":87,"column":5}},"33":{"start":{"line":79,"column":4},"end":{"line":83,"column":5}},"34":{"start":{"line":80,"column":6},"end":{"line":80,"column":61}},"35":{"start":{"line":82,"column":6},"end":{"line":82,"column":103}},"36":{"start":{"line":86,"column":4},"end":{"line":86,"column":51}},"37":{"start":{"line":89,"column":0},"end":{"line":89,"column":40}}},"fnMap":{"0":{"name":"(anonymous_0)","decl":{"start":{"line":11,"column":31},"end":{"line":11,"column":32}},"loc":{"start":{"line":11,"column":43},"end":{"line":74,"column":1}},"line":11},"1":{"name":"(anonymous_1)","decl":{"start":{"line":78,"column":8},"end":{"line":78,"column":9}},"loc":{"start":{"line":78,"column":19},"end":{"line":84,"column":3}},"line":78},"2":{"name":"(anonymous_2)","decl":{"start":{"line":85,"column":9},"end":{"line":85,"column":10}},"loc":{"start":{"line":85,"column":18},"end":{"line":87,"column":3}},"line":85}},"branchMap":{"0":{"loc":{"start":{"line":21,"column":4},"end":{"line":26,"column":5}},"type":"if","locations":[{"start":{"line":21,"column":4},"end":{"line":26,"column":5}},{"start":{"line":23,"column":11},"end":{"line":26,"column":5}}],"line":21},"1":{"loc":{"start":{"line":36,"column":4},"end":{"line":40,"column":5}},"type":"if","locations":[{"start":{"line":36,"column":4},"end":{"line":40,"column":5}},{"start":{},"end":{}}],"line":36},"2":{"loc":{"start":{"line":45,"column":4},"end":{"line":50,"column":5}},"type":"if","locations":[{"start":{"line":45,"column":4},"end":{"line":50,"column":5}},{"start":{"line":48,"column":11},"end":{"line":50,"column":5}}],"line":45},"3":{"loc":{"start":{"line":61,"column":4},"end":{"line":67,"column":5}},"type":"if","locations":[{"start":{"line":61,"column":4},"end":{"line":67,"column":5}},{"start":{"line":64,"column":11},"end":{"line":67,"column":5}}],"line":61},"4":{"loc":{"start":{"line":69,"column":11},"end":{"line":69,"column":41}},"type":"binary-expr","locations":[{"start":{"line":69,"column":11},"end":{"line":69,"column":23}},{"start":{"line":69,"column":27},"end":{"line":69,"column":41}}],"line":69},"5":{"loc":{"start":{"line":79,"column":4},"end":{"line":83,"column":5}},"type":"if","locations":[{"start":{"line":79,"column":4},"end":{"line":83,"column":5}},{"start":{"line":81,"column":11},"end":{"line":83,"column":5}}],"line":79}},"s":{"0":0,"1":0,"2":0,"3":0,"4":0,"5":0,"6":0,"7":0,"8":0,"9":0,"10":0,"11":0,"12":0,"13":0,"14":0,"15":0,"16":0,"17":0,"18":0,"19":0,"20":0,"21":0,"22":0,"23":0,"24":0,"25":0,"26":0,"27":0,"28":0,"29":0,"30":0,"31":0,"32":0,"33":0,"34":0,"35":0,"36":0,"37":0},"f":{"0":0,"1":0,"2":0},"b":{"0":[0,0],"1":[0,0],"2":[0,0],"3":[0,0],"4":[0,0],"5":[0,0]}}
,"C:\\Users\\lucas\\.cursor-tutor-3\\AdoptMe\\src\\utils\\testSpecies.js": {"path":"C:\\Users\\lucas\\.cursor-tutor-3\\AdoptMe\\src\\utils\\testSpecies.js","statementMap":{"0":{"start":{"line":1,"column":25},"end":{"line":1,"column":57}},"1":{"start":{"line":4,"column":20},"end":{"line":4,"column":62}},"2":{"start":{"line":5,"column":24},"end":{"line":5,"column":234}},"3":{"start":{"line":7,"column":17},"end":{"line":7,"column":59}},"4":{"start":{"line":10,"column":27},"end":{"line":70,"column":1}},"5":{"start":{"line":11,"column":2},"end":{"line":11,"column":61}},"6":{"start":{"line":13,"column":2},"end":{"line":69,"column":3}},"7":{"start":{"line":15,"column":28},"end":{"line":18,"column":44}},"8":{"start":{"line":20,"column":4},"end":{"line":23,"column":5}},"9":{"start":{"line":21,"column":6},"end":{"line":21,"column":70}},"10":{"start":{"line":22,"column":6},"end":{"line":22,"column":13}},"11":{"start":{"line":25,"column":4},"end":{"line":28,"column":5}},"12":{"start":{"line":26,"column":6},"end":{"line":26,"column":49}},"13":{"start":{"line":27,"column":6},"end":{"line":27,"column":13}},"14":{"start":{"line":31,"column":26},"end":{"line":31,"column":74}},"15":{"start":{"line":31,"column":57},"end":{"line":31,"column":71}},"16":{"start":{"line":32,"column":4},"end":{"line":32,"column":57}},"17":{"start":{"line":33,"column":4},"end":{"line":35,"column":7}},"18":{"start":{"line":34,"column":6},"end":{"line":34,"column":44}},"19":{"start":{"line":38,"column":4},"end":{"line":38,"column":50}},"20":{"start":{"line":39,"column":4},"end":{"line":48,"column":5}},"21":{"start":{"line":40,"column":43},"end":{"line":43,"column":31}},"22":{"start":{"line":45,"column":6},"end":{"line":47,"column":7}},"23":{"start":{"line":46,"column":8},"end":{"line":46,"column":64}},"24":{"start":{"line":51,"column":4},"end":{"line":51,"column":47}},"25":{"start":{"line":52,"column":29},"end":{"line":52,"column":62}},"26":{"start":{"line":54,"column":4},"end":{"line":65,"column":5}},"27":{"start":{"line":55,"column":42},"end":{"line":58,"column":32}},"28":{"start":{"line":60,"column":6},"end":{"line":64,"column":7}},"29":{"start":{"line":61,"column":8},"end":{"line":61,"column":82}},"30":{"start":{"line":63,"column":8},"end":{"line":63,"column":77}},"31":{"start":{"line":68,"column":4},"end":{"line":68,"column":48}},"32":{"start":{"line":73,"column":0},"end":{"line":79,"column":5}},"33":{"start":{"line":75,"column":4},"end":{"line":75,"column":46}},"34":{"start":{"line":78,"column":4},"end":{"line":78,"column":53}}},"fnMap":{"0":{"name":"(anonymous_0)","decl":{"start":{"line":10,"column":27},"end":{"line":10,"column":28}},"loc":{"start":{"line":10,"column":39},"end":{"line":70,"column":1}},"line":10},"1":{"name":"(anonymous_1)","decl":{"start":{"line":31,"column":47},"end":{"line":31,"column":48}},"loc":{"start":{"line":31,"column":57},"end":{"line":31,"column":71}},"line":31},"2":{"name":"(anonymous_2)","decl":{"start":{"line":33,"column":26},"end":{"line":33,"column":27}},"loc":{"start":{"line":33,"column":37},"end":{"line":35,"column":5}},"line":33},"3":{"name":"(anonymous_3)","decl":{"start":{"line":74,"column":8},"end":{"line":74,"column":9}},"loc":{"start":{"line":74,"column":14},"end":{"line":76,"column":3}},"line":74},"4":{"name":"(anonymous_4)","decl":{"start":{"line":77,"column":9},"end":{"line":77,"column":10}},"loc":{"start":{"line":77,"column":18},"end":{"line":79,"column":3}},"line":77}},"branchMap":{"0":{"loc":{"start":{"line":20,"column":4},"end":{"line":23,"column":5}},"type":"if","locations":[{"start":{"line":20,"column":4},"end":{"line":23,"column":5}},{"start":{},"end":{}}],"line":20},"1":{"loc":{"start":{"line":25,"column":4},"end":{"line":28,"column":5}},"type":"if","locations":[{"start":{"line":25,"column":4},"end":{"line":28,"column":5}},{"start":{},"end":{}}],"line":25},"2":{"loc":{"start":{"line":25,"column":8},"end":{"line":25,"column":34}},"type":"binary-expr","locations":[{"start":{"line":25,"column":8},"end":{"line":25,"column":13}},{"start":{"line":25,"column":17},"end":{"line":25,"column":34}}],"line":25},"3":{"loc":{"start":{"line":34,"column":23},"end":{"line":34,"column":40}},"type":"binary-expr","locations":[{"start":{"line":34,"column":23},"end":{"line":34,"column":30}},{"start":{"line":34,"column":34},"end":{"line":34,"column":40}}],"line":34},"4":{"loc":{"start":{"line":45,"column":6},"end":{"line":47,"column":7}},"type":"if","locations":[{"start":{"line":45,"column":6},"end":{"line":47,"column":7}},{"start":{},"end":{}}],"line":45},"5":{"loc":{"start":{"line":46,"column":25},"end":{"line":46,"column":42}},"type":"binary-expr","locations":[{"start":{"line":46,"column":25},"end":{"line":46,"column":32}},{"start":{"line":46,"column":36},"end":{"line":46,"column":42}}],"line":46},"6":{"loc":{"start":{"line":60,"column":6},"end":{"line":64,"column":7}},"type":"if","locations":[{"start":{"line":60,"column":6},"end":{"line":64,"column":7}},{"start":{"line":62,"column":13},"end":{"line":64,"column":7}}],"line":60},"7":{"loc":{"start":{"line":63,"column":49},"end":{"line":63,"column":59}},"type":"binary-expr","locations":[{"start":{"line":63,"column":49},"end":{"line":63,"column":54}},{"start":{"line":63,"column":58},"end":{"line":63,"column":59}}],"line":63}},"s":{"0":0,"1":0,"2":0,"3":0,"4":0,"5":0,"6":0,"7":0,"8":0,"9":0,"10":0,"11":0,"12":0,"13":0,"14":0,"15":0,"16":0,"17":0,"18":0,"19":0,"20":0,"21":0,"22":0,"23":0,"24":0,"25":0,"26":0,"27":0,"28":0,"29":0,"30":0,"31":0,"32":0,"33":0,"34":0},"f":{"0":0,"1":0,"2":0,"3":0,"4":0},"b":{"0":[0,0],"1":[0,0],"2":[0,0],"3":[0,0],"4":[0,0],"5":[0,0],"6":[0,0],"7":[0,0]}}
}
