{"C:\\Users\\lucas\\.cursor-tutor-3\\AdoptMe\\App.js": {"path":"C:\\Users\\lucas\\.cursor-tutor-3\\AdoptMe\\App.js","statementMap":{"0":{"start":{"line":10,"column":2},"end":{"line":18,"column":4}}},"fnMap":{"0":{"name":"App","decl":{"start":{"line":9,"column":24},"end":{"line":9,"column":27}},"loc":{"start":{"line":9,"column":30},"end":{"line":19,"column":1}},"line":9}},"branchMap":{},"s":{"0":0},"f":{"0":0},"b":{}}
,"C:\\Users\\lucas\\.cursor-tutor-3\\AdoptMe\\jest.config.js": {"path":"C:\\Users\\lucas\\.cursor-tutor-3\\AdoptMe\\jest.config.js","statementMap":{"0":{"start":{"line":1,"column":0},"end":{"line":23,"column":2}}},"fnMap":{},"branchMap":{},"s":{"0":0},"f":{},"b":{}}
,"C:\\Users\\lucas\\.cursor-tutor-3\\AdoptMe\\assets\\defaultAvatar.js": {"path":"C:\\Users\\lucas\\.cursor-tutor-3\\AdoptMe\\assets\\defaultAvatar.js","statementMap":{"0":{"start":{"line":4,"column":35},"end":{"line":4,"column":1763}}},"fnMap":{},"branchMap":{},"s":{"0":0},"f":{},"b":{}}
,"C:\\Users\\lucas\\.cursor-tutor-3\\AdoptMe\\src\\api\\database.js": {"path":"C:\\Users\\lucas\\.cursor-tutor-3\\AdoptMe\\src\\api\\database.js","statementMap":{"0":{"start":{"line":8,"column":32},"end":{"line":17,"column":1}},"1":{"start":{"line":9,"column":26},"end":{"line":9,"column":70}},"2":{"start":{"line":11,"column":2},"end":{"line":14,"column":3}},"3":{"start":{"line":12,"column":4},"end":{"line":12,"column":56}},"4":{"start":{"line":13,"column":4},"end":{"line":13,"column":37}},"5":{"start":{"line":16,"column":2},"end":{"line":16,"column":33}},"6":{"start":{"line":20,"column":34},"end":{"line":29,"column":1}},"7":{"start":{"line":21,"column":26},"end":{"line":21,"column":72}},"8":{"start":{"line":23,"column":2},"end":{"line":26,"column":3}},"9":{"start":{"line":24,"column":4},"end":{"line":24,"column":58}},"10":{"start":{"line":25,"column":4},"end":{"line":25,"column":37}},"11":{"start":{"line":28,"column":2},"end":{"line":28,"column":33}},"12":{"start":{"line":36,"column":26},"end":{"line":48,"column":1}},"13":{"start":{"line":37,"column":26},"end":{"line":40,"column":13}},"14":{"start":{"line":42,"column":2},"end":{"line":45,"column":3}},"15":{"start":{"line":43,"column":4},"end":{"line":43,"column":49}},"16":{"start":{"line":44,"column":4},"end":{"line":44,"column":37}},"17":{"start":{"line":47,"column":2},"end":{"line":47,"column":33}},"18":{"start":{"line":51,"column":24},"end":{"line":62,"column":1}},"19":{"start":{"line":52,"column":26},"end":{"line":54,"column":16}},"20":{"start":{"line":56,"column":2},"end":{"line":59,"column":3}},"21":{"start":{"line":57,"column":4},"end":{"line":57,"column":50}},"22":{"start":{"line":58,"column":4},"end":{"line":58,"column":37}},"23":{"start":{"line":61,"column":2},"end":{"line":61,"column":33}},"24":{"start":{"line":69,"column":28},"end":{"line":81,"column":1}},"25":{"start":{"line":70,"column":26},"end":{"line":73,"column":13}},"26":{"start":{"line":75,"column":2},"end":{"line":78,"column":3}},"27":{"start":{"line":76,"column":4},"end":{"line":76,"column":59}},"28":{"start":{"line":77,"column":4},"end":{"line":77,"column":37}},"29":{"start":{"line":80,"column":2},"end":{"line":80,"column":33}},"30":{"start":{"line":84,"column":26},"end":{"line":95,"column":1}},"31":{"start":{"line":85,"column":26},"end":{"line":87,"column":36}},"32":{"start":{"line":89,"column":2},"end":{"line":92,"column":3}},"33":{"start":{"line":90,"column":4},"end":{"line":90,"column":52}},"34":{"start":{"line":91,"column":4},"end":{"line":91,"column":37}},"35":{"start":{"line":94,"column":2},"end":{"line":94,"column":33}},"36":{"start":{"line":98,"column":32},"end":{"line":110,"column":1}},"37":{"start":{"line":99,"column":26},"end":{"line":102,"column":26}},"38":{"start":{"line":104,"column":2},"end":{"line":107,"column":3}},"39":{"start":{"line":105,"column":4},"end":{"line":105,"column":60}},"40":{"start":{"line":106,"column":4},"end":{"line":106,"column":37}},"41":{"start":{"line":109,"column":2},"end":{"line":109,"column":33}}},"fnMap":{"0":{"name":"(anonymous_0)","decl":{"start":{"line":8,"column":32},"end":{"line":8,"column":33}},"loc":{"start":{"line":8,"column":44},"end":{"line":17,"column":1}},"line":8},"1":{"name":"(anonymous_1)","decl":{"start":{"line":20,"column":34},"end":{"line":20,"column":35}},"loc":{"start":{"line":20,"column":46},"end":{"line":29,"column":1}},"line":20},"2":{"name":"(anonymous_2)","decl":{"start":{"line":36,"column":26},"end":{"line":36,"column":27}},"loc":{"start":{"line":36,"column":46},"end":{"line":48,"column":1}},"line":36},"3":{"name":"(anonymous_3)","decl":{"start":{"line":51,"column":24},"end":{"line":51,"column":25}},"loc":{"start":{"line":51,"column":36},"end":{"line":62,"column":1}},"line":51},"4":{"name":"(anonymous_4)","decl":{"start":{"line":69,"column":28},"end":{"line":69,"column":29}},"loc":{"start":{"line":69,"column":50},"end":{"line":81,"column":1}},"line":69},"5":{"name":"(anonymous_5)","decl":{"start":{"line":84,"column":26},"end":{"line":84,"column":27}},"loc":{"start":{"line":84,"column":38},"end":{"line":95,"column":1}},"line":84},"6":{"name":"(anonymous_6)","decl":{"start":{"line":98,"column":32},"end":{"line":98,"column":33}},"loc":{"start":{"line":98,"column":50},"end":{"line":110,"column":1}},"line":98}},"branchMap":{"0":{"loc":{"start":{"line":11,"column":2},"end":{"line":14,"column":3}},"type":"if","locations":[{"start":{"line":11,"column":2},"end":{"line":14,"column":3}},{"start":{},"end":{}}],"line":11},"1":{"loc":{"start":{"line":23,"column":2},"end":{"line":26,"column":3}},"type":"if","locations":[{"start":{"line":23,"column":2},"end":{"line":26,"column":3}},{"start":{},"end":{}}],"line":23},"2":{"loc":{"start":{"line":42,"column":2},"end":{"line":45,"column":3}},"type":"if","locations":[{"start":{"line":42,"column":2},"end":{"line":45,"column":3}},{"start":{},"end":{}}],"line":42},"3":{"loc":{"start":{"line":56,"column":2},"end":{"line":59,"column":3}},"type":"if","locations":[{"start":{"line":56,"column":2},"end":{"line":59,"column":3}},{"start":{},"end":{}}],"line":56},"4":{"loc":{"start":{"line":75,"column":2},"end":{"line":78,"column":3}},"type":"if","locations":[{"start":{"line":75,"column":2},"end":{"line":78,"column":3}},{"start":{},"end":{}}],"line":75},"5":{"loc":{"start":{"line":89,"column":2},"end":{"line":92,"column":3}},"type":"if","locations":[{"start":{"line":89,"column":2},"end":{"line":92,"column":3}},{"start":{},"end":{}}],"line":89},"6":{"loc":{"start":{"line":104,"column":2},"end":{"line":107,"column":3}},"type":"if","locations":[{"start":{"line":104,"column":2},"end":{"line":107,"column":3}},{"start":{},"end":{}}],"line":104}},"s":{"0":0,"1":0,"2":0,"3":0,"4":0,"5":0,"6":0,"7":0,"8":0,"9":0,"10":0,"11":0,"12":0,"13":0,"14":0,"15":0,"16":0,"17":0,"18":0,"19":0,"20":0,"21":0,"22":0,"23":0,"24":0,"25":0,"26":0,"27":0,"28":0,"29":0,"30":0,"31":0,"32":0,"33":0,"34":0,"35":0,"36":0,"37":0,"38":0,"39":0,"40":0,"41":0},"f":{"0":0,"1":0,"2":0,"3":0,"4":0,"5":0,"6":0},"b":{"0":[0,0],"1":[0,0],"2":[0,0],"3":[0,0],"4":[0,0],"5":[0,0],"6":[0,0]}}
,"C:\\Users\\lucas\\.cursor-tutor-3\\AdoptMe\\src\\components\\animals\\AnimalCard.js": {"path":"C:\\Users\\lucas\\.cursor-tutor-3\\AdoptMe\\src\\components\\animals\\AnimalCard.js","statementMap":{"0":{"start":{"line":5,"column":19},"end":{"line":40,"column":1}},"1":{"start":{"line":6,"column":2},"end":{"line":39,"column":4}},"2":{"start":{"line":42,"column":15},"end":{"line":108,"column":2}}},"fnMap":{"0":{"name":"(anonymous_0)","decl":{"start":{"line":5,"column":19},"end":{"line":5,"column":20}},"loc":{"start":{"line":5,"column":44},"end":{"line":40,"column":1}},"line":5}},"branchMap":{"0":{"loc":{"start":{"line":14,"column":9},"end":{"line":18,"column":9}},"type":"binary-expr","locations":[{"start":{"line":14,"column":9},"end":{"line":14,"column":26}},{"start":{"line":15,"column":10},"end":{"line":17,"column":17}}],"line":14},"1":{"loc":{"start":{"line":34,"column":62},"end":{"line":34,"column":97}},"type":"cond-expr","locations":[{"start":{"line":34,"column":81},"end":{"line":34,"column":87}},{"start":{"line":34,"column":90},"end":{"line":34,"column":97}}],"line":34}},"s":{"0":1,"1":5,"2":1},"f":{"0":5},"b":{"0":[5,1],"1":[1,4]},"_coverageSchema":"1a1c01bbd47fc00a2c39e90264f33305004495a9","hash":"3efba591dc662f77e4a6ca29cdea73b1a3a56b13"}
,"C:\\Users\\lucas\\.cursor-tutor-3\\AdoptMe\\src\\components\\categories\\CategoryButton.js": {"path":"C:\\Users\\lucas\\.cursor-tutor-3\\AdoptMe\\src\\components\\categories\\CategoryButton.js","statementMap":{"0":{"start":{"line":5,"column":23},"end":{"line":22,"column":1}},"1":{"start":{"line":6,"column":2},"end":{"line":21,"column":21}},"2":{"start":{"line":24,"column":15},"end":{"line":49,"column":2}}},"fnMap":{"0":{"name":"(anonymous_0)","decl":{"start":{"line":5,"column":23},"end":{"line":5,"column":24}},"loc":{"start":{"line":6,"column":2},"end":{"line":21,"column":21}},"line":6}},"branchMap":{"0":{"loc":{"start":{"line":9,"column":25},"end":{"line":9,"column":53}},"type":"binary-expr","locations":[{"start":{"line":9,"column":25},"end":{"line":9,"column":40}},{"start":{"line":9,"column":44},"end":{"line":9,"column":53}}],"line":9},"1":{"loc":{"start":{"line":10,"column":6},"end":{"line":10,"column":41}},"type":"binary-expr","locations":[{"start":{"line":10,"column":6},"end":{"line":10,"column":14}},{"start":{"line":10,"column":18},"end":{"line":10,"column":41}}],"line":10},"2":{"loc":{"start":{"line":16,"column":25},"end":{"line":16,"column":71}},"type":"binary-expr","locations":[{"start":{"line":16,"column":25},"end":{"line":16,"column":39}},{"start":{"line":16,"column":43},"end":{"line":16,"column":58}},{"start":{"line":16,"column":62},"end":{"line":16,"column":71}}],"line":16},"3":{"loc":{"start":{"line":18,"column":57},"end":{"line":18,"column":92}},"type":"cond-expr","locations":[{"start":{"line":18,"column":68},"end":{"line":18,"column":74}},{"start":{"line":18,"column":77},"end":{"line":18,"column":92}}],"line":18}},"s":{"0":1,"1":5,"2":1},"f":{"0":5},"b":{"0":[5,3],"1":[5,1],"2":[5,4,3],"3":[1,4]},"_coverageSchema":"1a1c01bbd47fc00a2c39e90264f33305004495a9","hash":"8ca95bdf1ef50b1053adb0ec3afaafb2cd72116a"}
,"C:\\Users\\lucas\\.cursor-tutor-3\\AdoptMe\\src\\components\\home\\CategoriesSection.js": {"path":"C:\\Users\\lucas\\.cursor-tutor-3\\AdoptMe\\src\\components\\home\\CategoriesSection.js","statementMap":{"0":{"start":{"line":5,"column":26},"end":{"line":34,"column":1}},"1":{"start":{"line":6,"column":2},"end":{"line":33,"column":4}},"2":{"start":{"line":21,"column":10},"end":{"line":29,"column":12}},"3":{"start":{"line":26,"column":27},"end":{"line":26,"column":55}},"4":{"start":{"line":36,"column":15},"end":{"line":56,"column":2}}},"fnMap":{"0":{"name":"(anonymous_0)","decl":{"start":{"line":5,"column":26},"end":{"line":5,"column":27}},"loc":{"start":{"line":5,"column":81},"end":{"line":34,"column":1}},"line":5},"1":{"name":"(anonymous_1)","decl":{"start":{"line":20,"column":24},"end":{"line":20,"column":25}},"loc":{"start":{"line":21,"column":10},"end":{"line":29,"column":12}},"line":21},"2":{"name":"(anonymous_2)","decl":{"start":{"line":26,"column":21},"end":{"line":26,"column":22}},"loc":{"start":{"line":26,"column":27},"end":{"line":26,"column":55}},"line":26}},"branchMap":{},"s":{"0":0,"1":0,"2":0,"3":0,"4":0},"f":{"0":0,"1":0,"2":0},"b":{}}
,"C:\\Users\\lucas\\.cursor-tutor-3\\AdoptMe\\src\\components\\home\\CommunityBanner.js": {"path":"C:\\Users\\lucas\\.cursor-tutor-3\\AdoptMe\\src\\components\\home\\CommunityBanner.js","statementMap":{"0":{"start":{"line":4,"column":24},"end":{"line":19,"column":1}},"1":{"start":{"line":5,"column":2},"end":{"line":18,"column":4}},"2":{"start":{"line":21,"column":15},"end":{"line":57,"column":2}}},"fnMap":{"0":{"name":"(anonymous_0)","decl":{"start":{"line":4,"column":24},"end":{"line":4,"column":25}},"loc":{"start":{"line":4,"column":30},"end":{"line":19,"column":1}},"line":4}},"branchMap":{},"s":{"0":0,"1":0,"2":0},"f":{"0":0},"b":{}}
,"C:\\Users\\lucas\\.cursor-tutor-3\\AdoptMe\\src\\components\\home\\HomeHeader.js": {"path":"C:\\Users\\lucas\\.cursor-tutor-3\\AdoptMe\\src\\components\\home\\HomeHeader.js","statementMap":{"0":{"start":{"line":6,"column":19},"end":{"line":35,"column":1}},"1":{"start":{"line":7,"column":2},"end":{"line":34,"column":4}},"2":{"start":{"line":37,"column":15},"end":{"line":81,"column":2}}},"fnMap":{"0":{"name":"(anonymous_0)","decl":{"start":{"line":6,"column":19},"end":{"line":6,"column":20}},"loc":{"start":{"line":6,"column":25},"end":{"line":35,"column":1}},"line":6}},"branchMap":{},"s":{"0":0,"1":0,"2":0},"f":{"0":0},"b":{}}
,"C:\\Users\\lucas\\.cursor-tutor-3\\AdoptMe\\src\\components\\home\\PetsList.js": {"path":"C:\\Users\\lucas\\.cursor-tutor-3\\AdoptMe\\src\\components\\home\\PetsList.js","statementMap":{"0":{"start":{"line":6,"column":17},"end":{"line":57,"column":1}},"1":{"start":{"line":13,"column":2},"end":{"line":56,"column":4}},"2":{"start":{"line":29,"column":12},"end":{"line":33,"column":14}},"3":{"start":{"line":32,"column":29},"end":{"line":32,"column":76}},"4":{"start":{"line":59,"column":15},"end":{"line":106,"column":2}}},"fnMap":{"0":{"name":"(anonymous_0)","decl":{"start":{"line":6,"column":17},"end":{"line":6,"column":18}},"loc":{"start":{"line":12,"column":6},"end":{"line":57,"column":1}},"line":12},"1":{"name":"(anonymous_1)","decl":{"start":{"line":28,"column":23},"end":{"line":28,"column":24}},"loc":{"start":{"line":29,"column":12},"end":{"line":33,"column":14}},"line":29},"2":{"name":"(anonymous_2)","decl":{"start":{"line":32,"column":23},"end":{"line":32,"column":24}},"loc":{"start":{"line":32,"column":29},"end":{"line":32,"column":76}},"line":32}},"branchMap":{"0":{"loc":{"start":{"line":22,"column":7},"end":{"line":54,"column":7}},"type":"cond-expr","locations":[{"start":{"line":23,"column":8},"end":{"line":25,"column":15}},{"start":{"line":27,"column":8},"end":{"line":53,"column":15}}],"line":22},"1":{"loc":{"start":{"line":37,"column":11},"end":{"line":42,"column":11}},"type":"binary-expr","locations":[{"start":{"line":37,"column":11},"end":{"line":37,"column":29}},{"start":{"line":38,"column":12},"end":{"line":41,"column":19}}],"line":37},"2":{"loc":{"start":{"line":45,"column":11},"end":{"line":52,"column":11}},"type":"binary-expr","locations":[{"start":{"line":45,"column":11},"end":{"line":45,"column":22}},{"start":{"line":45,"column":26},"end":{"line":45,"column":45}},{"start":{"line":46,"column":12},"end":{"line":51,"column":31}}],"line":45}},"s":{"0":0,"1":0,"2":0,"3":0,"4":0},"f":{"0":0,"1":0,"2":0},"b":{"0":[0,0],"1":[0,0],"2":[0,0,0]}}
,"C:\\Users\\lucas\\.cursor-tutor-3\\AdoptMe\\src\\components\\home\\SearchBar.js": {"path":"C:\\Users\\lucas\\.cursor-tutor-3\\AdoptMe\\src\\components\\home\\SearchBar.js","statementMap":{"0":{"start":{"line":5,"column":18},"end":{"line":21,"column":1}},"1":{"start":{"line":6,"column":2},"end":{"line":20,"column":4}},"2":{"start":{"line":23,"column":15},"end":{"line":50,"column":2}}},"fnMap":{"0":{"name":"(anonymous_0)","decl":{"start":{"line":5,"column":18},"end":{"line":5,"column":19}},"loc":{"start":{"line":5,"column":54},"end":{"line":21,"column":1}},"line":5}},"branchMap":{},"s":{"0":1,"1":4,"2":1},"f":{"0":4},"b":{},"_coverageSchema":"1a1c01bbd47fc00a2c39e90264f33305004495a9","hash":"bf311c4c346ca4cd82a3443b86ef989e11f5a0bc"}
,"C:\\Users\\lucas\\.cursor-tutor-3\\AdoptMe\\src\\components\\home\\index.js": {"path":"C:\\Users\\lucas\\.cursor-tutor-3\\AdoptMe\\src\\components\\home\\index.js","statementMap":{},"fnMap":{},"branchMap":{},"s":{},"f":{},"b":{}}
,"C:\\Users\\lucas\\.cursor-tutor-3\\AdoptMe\\src\\components\\navigation\\Navbar.js": {"path":"C:\\Users\\lucas\\.cursor-tutor-3\\AdoptMe\\src\\components\\navigation\\Navbar.js","statementMap":{"0":{"start":{"line":10,"column":15},"end":{"line":79,"column":1}},"1":{"start":{"line":11,"column":21},"end":{"line":11,"column":36}},"2":{"start":{"line":12,"column":16},"end":{"line":12,"column":26}},"3":{"start":{"line":15,"column":22},"end":{"line":21,"column":3}},"4":{"start":{"line":24,"column":18},"end":{"line":24,"column":54}},"5":{"start":{"line":27,"column":27},"end":{"line":27,"column":37}},"6":{"start":{"line":30,"column":27},"end":{"line":35,"column":3}},"7":{"start":{"line":32,"column":4},"end":{"line":34,"column":5}},"8":{"start":{"line":33,"column":6},"end":{"line":33,"column":38}},"9":{"start":{"line":37,"column":2},"end":{"line":78,"column":4}},"10":{"start":{"line":40,"column":25},"end":{"line":40,"column":56}},"11":{"start":{"line":42,"column":8},"end":{"line":75,"column":10}},"12":{"start":{"line":49,"column":27},"end":{"line":49,"column":55}},"13":{"start":{"line":81,"column":15},"end":{"line":138,"column":2}}},"fnMap":{"0":{"name":"(anonymous_0)","decl":{"start":{"line":10,"column":15},"end":{"line":10,"column":16}},"loc":{"start":{"line":10,"column":34},"end":{"line":79,"column":1}},"line":10},"1":{"name":"(anonymous_1)","decl":{"start":{"line":30,"column":27},"end":{"line":30,"column":28}},"loc":{"start":{"line":30,"column":43},"end":{"line":35,"column":3}},"line":30},"2":{"name":"(anonymous_2)","decl":{"start":{"line":39,"column":19},"end":{"line":39,"column":20}},"loc":{"start":{"line":39,"column":35},"end":{"line":76,"column":7}},"line":39},"3":{"name":"(anonymous_3)","decl":{"start":{"line":49,"column":21},"end":{"line":49,"column":22}},"loc":{"start":{"line":49,"column":27},"end":{"line":49,"column":55}},"line":49}},"branchMap":{"0":{"loc":{"start":{"line":10,"column":18},"end":{"line":10,"column":27}},"type":"default-arg","locations":[{"start":{"line":10,"column":25},"end":{"line":10,"column":27}}],"line":10},"1":{"loc":{"start":{"line":24,"column":18},"end":{"line":24,"column":54}},"type":"cond-expr","locations":[{"start":{"line":24,"column":36},"end":{"line":24,"column":40}},{"start":{"line":24,"column":43},"end":{"line":24,"column":54}}],"line":24},"2":{"loc":{"start":{"line":32,"column":4},"end":{"line":34,"column":5}},"type":"if","locations":[{"start":{"line":32,"column":4},"end":{"line":34,"column":5}},{"start":{},"end":{}}],"line":32},"3":{"loc":{"start":{"line":47,"column":14},"end":{"line":47,"column":50}},"type":"binary-expr","locations":[{"start":{"line":47,"column":14},"end":{"line":47,"column":25}},{"start":{"line":47,"column":29},"end":{"line":47,"column":50}}],"line":47},"4":{"loc":{"start":{"line":51,"column":13},"end":{"line":73,"column":13}},"type":"cond-expr","locations":[{"start":{"line":52,"column":14},"end":{"line":58,"column":21}},{"start":{"line":60,"column":14},"end":{"line":72,"column":17}}],"line":51},"5":{"loc":{"start":{"line":62,"column":24},"end":{"line":62,"column":67}},"type":"cond-expr","locations":[{"start":{"line":62,"column":35},"end":{"line":62,"column":43}},{"start":{"line":62,"column":46},"end":{"line":62,"column":67}}],"line":62},"6":{"loc":{"start":{"line":64,"column":25},"end":{"line":64,"column":54}},"type":"cond-expr","locations":[{"start":{"line":64,"column":36},"end":{"line":64,"column":45}},{"start":{"line":64,"column":48},"end":{"line":64,"column":54}}],"line":64},"7":{"loc":{"start":{"line":68,"column":18},"end":{"line":68,"column":50}},"type":"binary-expr","locations":[{"start":{"line":68,"column":18},"end":{"line":68,"column":26}},{"start":{"line":68,"column":30},"end":{"line":68,"column":50}}],"line":68}},"s":{"0":1,"1":5,"2":5,"3":5,"4":5,"5":5,"6":5,"7":2,"8":1,"9":5,"10":25,"11":25,"12":2,"13":1},"f":{"0":5,"1":2,"2":25,"3":2},"b":{"0":[1],"1":[4,1],"2":[1,1],"3":[25,5],"4":[5,20],"5":[5,15],"6":[5,15],"7":[20,5]},"_coverageSchema":"1a1c01bbd47fc00a2c39e90264f33305004495a9","hash":"591ee6a48a06f6a8fcca22ec3f7d2b38a8fa8903"}
,"C:\\Users\\lucas\\.cursor-tutor-3\\AdoptMe\\src\\components\\navigation\\NavbarContainer.js": {"path":"C:\\Users\\lucas\\.cursor-tutor-3\\AdoptMe\\src\\components\\navigation\\NavbarContainer.js","statementMap":{"0":{"start":{"line":11,"column":24},"end":{"line":36,"column":1}},"1":{"start":{"line":12,"column":17},"end":{"line":12,"column":36}},"2":{"start":{"line":14,"column":2},"end":{"line":35,"column":4}},"3":{"start":{"line":38,"column":15},"end":{"line":53,"column":2}}},"fnMap":{"0":{"name":"(anonymous_0)","decl":{"start":{"line":11,"column":24},"end":{"line":11,"column":25}},"loc":{"start":{"line":11,"column":73},"end":{"line":36,"column":1}},"line":11}},"branchMap":{"0":{"loc":{"start":{"line":11,"column":37},"end":{"line":11,"column":55}},"type":"default-arg","locations":[{"start":{"line":11,"column":50},"end":{"line":11,"column":55}}],"line":11},"1":{"loc":{"start":{"line":11,"column":57},"end":{"line":11,"column":66}},"type":"default-arg","locations":[{"start":{"line":11,"column":64},"end":{"line":11,"column":66}}],"line":11},"2":{"loc":{"start":{"line":17,"column":23},"end":{"line":17,"column":53}},"type":"cond-expr","locations":[{"start":{"line":17,"column":36},"end":{"line":17,"column":49}},{"start":{"line":17,"column":52},"end":{"line":17,"column":53}}],"line":17},"3":{"loc":{"start":{"line":21,"column":25},"end":{"line":21,"column":60}},"type":"cond-expr","locations":[{"start":{"line":21,"column":38},"end":{"line":21,"column":39}},{"start":{"line":21,"column":42},"end":{"line":21,"column":60}}],"line":21},"4":{"loc":{"start":{"line":26,"column":7},"end":{"line":33,"column":7}},"type":"binary-expr","locations":[{"start":{"line":26,"column":7},"end":{"line":26,"column":18}},{"start":{"line":27,"column":8},"end":{"line":32,"column":15}}],"line":26}},"s":{"0":0,"1":0,"2":0,"3":0},"f":{"0":0},"b":{"0":[0],"1":[0],"2":[0,0],"3":[0,0],"4":[0,0]}}
,"C:\\Users\\lucas\\.cursor-tutor-3\\AdoptMe\\src\\components\\navigation\\index.js": {"path":"C:\\Users\\lucas\\.cursor-tutor-3\\AdoptMe\\src\\components\\navigation\\index.js","statementMap":{},"fnMap":{},"branchMap":{},"s":{},"f":{},"b":{}}
,"C:\\Users\\lucas\\.cursor-tutor-3\\AdoptMe\\src\\config\\queryClient.js": {"path":"C:\\Users\\lucas\\.cursor-tutor-3\\AdoptMe\\src\\config\\queryClient.js","statementMap":{"0":{"start":{"line":4,"column":20},"end":{"line":13,"column":2}}},"fnMap":{},"branchMap":{},"s":{"0":0},"f":{},"b":{}}
,"C:\\Users\\lucas\\.cursor-tutor-3\\AdoptMe\\src\\config\\supabase.js": {"path":"C:\\Users\\lucas\\.cursor-tutor-3\\AdoptMe\\src\\config\\supabase.js","statementMap":{"0":{"start":{"line":6,"column":20},"end":{"line":6,"column":62}},"1":{"start":{"line":7,"column":24},"end":{"line":7,"column":234}},"2":{"start":{"line":10,"column":17},"end":{"line":17,"column":2}}},"fnMap":{},"branchMap":{},"s":{"0":1,"1":1,"2":1},"f":{},"b":{},"_coverageSchema":"1a1c01bbd47fc00a2c39e90264f33305004495a9","hash":"1ce683d290ec911fb1b875dfffb719072ce15c08"}
,"C:\\Users\\lucas\\.cursor-tutor-3\\AdoptMe\\src\\context\\AuthContext.js": {"path":"C:\\Users\\lucas\\.cursor-tutor-3\\AdoptMe\\src\\context\\AuthContext.js","statementMap":{"0":{"start":{"line":7,"column":20},"end":{"line":7,"column":39}},"1":{"start":{"line":10,"column":28},"end":{"line":148,"column":1}},"2":{"start":{"line":11,"column":26},"end":{"line":11,"column":40}},"3":{"start":{"line":12,"column":32},"end":{"line":12,"column":46}},"4":{"start":{"line":13,"column":32},"end":{"line":13,"column":46}},"5":{"start":{"line":16,"column":2},"end":{"line":47,"column":9}},"6":{"start":{"line":17,"column":27},"end":{"line":44,"column":5}},"7":{"start":{"line":18,"column":6},"end":{"line":43,"column":7}},"8":{"start":{"line":20,"column":32},"end":{"line":20,"column":64}},"9":{"start":{"line":22,"column":8},"end":{"line":22,"column":31}},"10":{"start":{"line":22,"column":19},"end":{"line":22,"column":31}},"11":{"start":{"line":24,"column":8},"end":{"line":24,"column":33}},"12":{"start":{"line":25,"column":8},"end":{"line":25,"column":44}},"13":{"start":{"line":28,"column":39},"end":{"line":34,"column":9}},"14":{"start":{"line":30,"column":12},"end":{"line":30,"column":56}},"15":{"start":{"line":31,"column":12},"end":{"line":31,"column":35}},"16":{"start":{"line":32,"column":12},"end":{"line":32,"column":46}},"17":{"start":{"line":36,"column":8},"end":{"line":38,"column":10}},"18":{"start":{"line":37,"column":10},"end":{"line":37,"column":52}},"19":{"start":{"line":40,"column":8},"end":{"line":40,"column":57}},"20":{"start":{"line":42,"column":8},"end":{"line":42,"column":26}},"21":{"start":{"line":46,"column":4},"end":{"line":46,"column":21}},"22":{"start":{"line":50,"column":17},"end":{"line":67,"column":3}},"23":{"start":{"line":51,"column":4},"end":{"line":66,"column":5}},"24":{"start":{"line":52,"column":6},"end":{"line":52,"column":23}},"25":{"start":{"line":53,"column":21},"end":{"line":53,"column":62}},"26":{"start":{"line":55,"column":6},"end":{"line":58,"column":7}},"27":{"start":{"line":56,"column":8},"end":{"line":56,"column":59}},"28":{"start":{"line":57,"column":8},"end":{"line":57,"column":21}},"29":{"start":{"line":60,"column":6},"end":{"line":60,"column":18}},"30":{"start":{"line":62,"column":6},"end":{"line":62,"column":50}},"31":{"start":{"line":63,"column":6},"end":{"line":63,"column":19}},"32":{"start":{"line":65,"column":6},"end":{"line":65,"column":24}},"33":{"start":{"line":70,"column":17},"end":{"line":92,"column":3}},"34":{"start":{"line":71,"column":4},"end":{"line":91,"column":5}},"35":{"start":{"line":72,"column":6},"end":{"line":72,"column":23}},"36":{"start":{"line":73,"column":21},"end":{"line":73,"column":72}},"37":{"start":{"line":75,"column":6},"end":{"line":78,"column":7}},"38":{"start":{"line":76,"column":8},"end":{"line":76,"column":59}},"39":{"start":{"line":77,"column":8},"end":{"line":77,"column":21}},"40":{"start":{"line":80,"column":6},"end":{"line":82,"column":7}},"41":{"start":{"line":81,"column":8},"end":{"line":81,"column":37}},"42":{"start":{"line":84,"column":6},"end":{"line":84,"column":111}},"43":{"start":{"line":85,"column":6},"end":{"line":85,"column":18}},"44":{"start":{"line":87,"column":6},"end":{"line":87,"column":50}},"45":{"start":{"line":88,"column":6},"end":{"line":88,"column":19}},"46":{"start":{"line":90,"column":6},"end":{"line":90,"column":24}},"47":{"start":{"line":95,"column":18},"end":{"line":112,"column":3}},"48":{"start":{"line":96,"column":4},"end":{"line":111,"column":5}},"49":{"start":{"line":97,"column":6},"end":{"line":97,"column":23}},"50":{"start":{"line":98,"column":21},"end":{"line":98,"column":48}},"51":{"start":{"line":100,"column":6},"end":{"line":103,"column":7}},"52":{"start":{"line":101,"column":8},"end":{"line":101,"column":60}},"53":{"start":{"line":102,"column":8},"end":{"line":102,"column":21}},"54":{"start":{"line":105,"column":6},"end":{"line":105,"column":18}},"55":{"start":{"line":107,"column":6},"end":{"line":107,"column":51}},"56":{"start":{"line":108,"column":6},"end":{"line":108,"column":19}},"57":{"start":{"line":110,"column":6},"end":{"line":110,"column":24}},"58":{"start":{"line":115,"column":24},"end":{"line":133,"column":3}},"59":{"start":{"line":116,"column":4},"end":{"line":132,"column":5}},"60":{"start":{"line":117,"column":6},"end":{"line":117,"column":23}},"61":{"start":{"line":118,"column":21},"end":{"line":118,"column":59}},"62":{"start":{"line":120,"column":6},"end":{"line":123,"column":7}},"63":{"start":{"line":121,"column":8},"end":{"line":121,"column":66}},"64":{"start":{"line":122,"column":8},"end":{"line":122,"column":21}},"65":{"start":{"line":125,"column":6},"end":{"line":125,"column":80}},"66":{"start":{"line":126,"column":6},"end":{"line":126,"column":18}},"67":{"start":{"line":128,"column":6},"end":{"line":128,"column":57}},"68":{"start":{"line":129,"column":6},"end":{"line":129,"column":19}},"69":{"start":{"line":131,"column":6},"end":{"line":131,"column":24}},"70":{"start":{"line":136,"column":16},"end":{"line":145,"column":3}},"71":{"start":{"line":147,"column":2},"end":{"line":147,"column":79}},"72":{"start":{"line":151,"column":23},"end":{"line":157,"column":1}},"73":{"start":{"line":152,"column":18},"end":{"line":152,"column":41}},"74":{"start":{"line":153,"column":2},"end":{"line":155,"column":3}},"75":{"start":{"line":154,"column":4},"end":{"line":154,"column":67}},"76":{"start":{"line":156,"column":2},"end":{"line":156,"column":17}}},"fnMap":{"0":{"name":"(anonymous_0)","decl":{"start":{"line":10,"column":28},"end":{"line":10,"column":29}},"loc":{"start":{"line":10,"column":46},"end":{"line":148,"column":1}},"line":10},"1":{"name":"(anonymous_1)","decl":{"start":{"line":16,"column":12},"end":{"line":16,"column":13}},"loc":{"start":{"line":16,"column":18},"end":{"line":47,"column":3}},"line":16},"2":{"name":"(anonymous_2)","decl":{"start":{"line":17,"column":27},"end":{"line":17,"column":28}},"loc":{"start":{"line":17,"column":39},"end":{"line":44,"column":5}},"line":17},"3":{"name":"(anonymous_3)","decl":{"start":{"line":29,"column":10},"end":{"line":29,"column":11}},"loc":{"start":{"line":29,"column":39},"end":{"line":33,"column":11}},"line":29},"4":{"name":"(anonymous_4)","decl":{"start":{"line":36,"column":15},"end":{"line":36,"column":16}},"loc":{"start":{"line":36,"column":21},"end":{"line":38,"column":9}},"line":36},"5":{"name":"(anonymous_5)","decl":{"start":{"line":50,"column":17},"end":{"line":50,"column":18}},"loc":{"start":{"line":50,"column":44},"end":{"line":67,"column":3}},"line":50},"6":{"name":"(anonymous_6)","decl":{"start":{"line":70,"column":17},"end":{"line":70,"column":18}},"loc":{"start":{"line":70,"column":54},"end":{"line":92,"column":3}},"line":70},"7":{"name":"(anonymous_7)","decl":{"start":{"line":95,"column":18},"end":{"line":95,"column":19}},"loc":{"start":{"line":95,"column":30},"end":{"line":112,"column":3}},"line":95},"8":{"name":"(anonymous_8)","decl":{"start":{"line":115,"column":24},"end":{"line":115,"column":25}},"loc":{"start":{"line":115,"column":41},"end":{"line":133,"column":3}},"line":115},"9":{"name":"(anonymous_9)","decl":{"start":{"line":151,"column":23},"end":{"line":151,"column":24}},"loc":{"start":{"line":151,"column":29},"end":{"line":157,"column":1}},"line":151}},"branchMap":{"0":{"loc":{"start":{"line":22,"column":8},"end":{"line":22,"column":31}},"type":"if","locations":[{"start":{"line":22,"column":8},"end":{"line":22,"column":31}},{"start":{},"end":{}}],"line":22},"1":{"loc":{"start":{"line":25,"column":16},"end":{"line":25,"column":42}},"type":"binary-expr","locations":[{"start":{"line":25,"column":16},"end":{"line":25,"column":34}},{"start":{"line":25,"column":38},"end":{"line":25,"column":42}}],"line":25},"2":{"loc":{"start":{"line":32,"column":20},"end":{"line":32,"column":44}},"type":"binary-expr","locations":[{"start":{"line":32,"column":20},"end":{"line":32,"column":36}},{"start":{"line":32,"column":40},"end":{"line":32,"column":44}}],"line":32},"3":{"loc":{"start":{"line":55,"column":6},"end":{"line":58,"column":7}},"type":"if","locations":[{"start":{"line":55,"column":6},"end":{"line":58,"column":7}},{"start":{},"end":{}}],"line":55},"4":{"loc":{"start":{"line":75,"column":6},"end":{"line":78,"column":7}},"type":"if","locations":[{"start":{"line":75,"column":6},"end":{"line":78,"column":7}},{"start":{},"end":{}}],"line":75},"5":{"loc":{"start":{"line":80,"column":6},"end":{"line":82,"column":7}},"type":"if","locations":[{"start":{"line":80,"column":6},"end":{"line":82,"column":7}},{"start":{},"end":{}}],"line":80},"6":{"loc":{"start":{"line":100,"column":6},"end":{"line":103,"column":7}},"type":"if","locations":[{"start":{"line":100,"column":6},"end":{"line":103,"column":7}},{"start":{},"end":{}}],"line":100},"7":{"loc":{"start":{"line":120,"column":6},"end":{"line":123,"column":7}},"type":"if","locations":[{"start":{"line":120,"column":6},"end":{"line":123,"column":7}},{"start":{},"end":{}}],"line":120},"8":{"loc":{"start":{"line":153,"column":2},"end":{"line":155,"column":3}},"type":"if","locations":[{"start":{"line":153,"column":2},"end":{"line":155,"column":3}},{"start":{},"end":{}}],"line":153}},"s":{"0":1,"1":1,"2":10,"3":10,"4":10,"5":10,"6":4,"7":4,"8":4,"9":0,"10":0,"11":0,"12":0,"13":0,"14":0,"15":0,"16":0,"17":0,"18":0,"19":4,"20":4,"21":4,"22":10,"23":3,"24":3,"25":3,"26":3,"27":1,"28":1,"29":2,"30":0,"31":0,"32":3,"33":10,"34":0,"35":0,"36":0,"37":0,"38":0,"39":0,"40":0,"41":0,"42":0,"43":0,"44":0,"45":0,"46":0,"47":10,"48":0,"49":0,"50":0,"51":0,"52":0,"53":0,"54":0,"55":0,"56":0,"57":0,"58":10,"59":0,"60":0,"61":0,"62":0,"63":0,"64":0,"65":0,"66":0,"67":0,"68":0,"69":0,"70":10,"71":10,"72":1,"73":8,"74":8,"75":0,"76":8},"f":{"0":10,"1":4,"2":4,"3":0,"4":0,"5":3,"6":0,"7":0,"8":0,"9":8},"b":{"0":[0,0],"1":[0,0],"2":[0,0],"3":[1,2],"4":[0,0],"5":[0,0],"6":[0,0],"7":[0,0],"8":[0,8]},"_coverageSchema":"1a1c01bbd47fc00a2c39e90264f33305004495a9","hash":"eb0c9c9eac6a1a3671e09d86d311fc13ebb59282"}
,"C:\\Users\\lucas\\.cursor-tutor-3\\AdoptMe\\src\\data\\categories.js": {"path":"C:\\Users\\lucas\\.cursor-tutor-3\\AdoptMe\\src\\data\\categories.js","statementMap":{"0":{"start":{"line":1,"column":26},"end":{"line":7,"column":1}}},"fnMap":{},"branchMap":{},"s":{"0":0},"f":{},"b":{}}
,"C:\\Users\\lucas\\.cursor-tutor-3\\AdoptMe\\src\\hooks\\useAnimals.js": {"path":"C:\\Users\\lucas\\.cursor-tutor-3\\AdoptMe\\src\\hooks\\useAnimals.js","statementMap":{"0":{"start":{"line":5,"column":18},"end":{"line":5,"column":20}},"1":{"start":{"line":10,"column":26},"end":{"line":83,"column":1}},"2":{"start":{"line":11,"column":2},"end":{"line":82,"column":5}},"3":{"start":{"line":14,"column":6},"end":{"line":14,"column":105}},"4":{"start":{"line":17,"column":19},"end":{"line":17,"column":40}},"5":{"start":{"line":18,"column":17},"end":{"line":18,"column":37}},"6":{"start":{"line":21,"column":18},"end":{"line":28,"column":24}},"7":{"start":{"line":31,"column":6},"end":{"line":47,"column":7}},"8":{"start":{"line":33,"column":27},"end":{"line":38,"column":9}},"9":{"start":{"line":40,"column":24},"end":{"line":40,"column":44}},"10":{"start":{"line":41,"column":8},"end":{"line":46,"column":9}},"11":{"start":{"line":42,"column":10},"end":{"line":42,"column":47}},"12":{"start":{"line":43,"column":15},"end":{"line":46,"column":9}},"13":{"start":{"line":45,"column":10},"end":{"line":45,"column":69}},"14":{"start":{"line":50,"column":6},"end":{"line":54,"column":7}},"15":{"start":{"line":51,"column":8},"end":{"line":53,"column":10}},"16":{"start":{"line":56,"column":6},"end":{"line":77,"column":7}},"17":{"start":{"line":57,"column":39},"end":{"line":57,"column":50}},"18":{"start":{"line":59,"column":8},"end":{"line":62,"column":9}},"19":{"start":{"line":60,"column":10},"end":{"line":60,"column":66}},"20":{"start":{"line":61,"column":10},"end":{"line":61,"column":41}},"21":{"start":{"line":64,"column":8},"end":{"line":64,"column":90}},"22":{"start":{"line":65,"column":8},"end":{"line":67,"column":9}},"23":{"start":{"line":66,"column":10},"end":{"line":66,"column":74}},"24":{"start":{"line":69,"column":8},"end":{"line":73,"column":10}},"25":{"start":{"line":75,"column":8},"end":{"line":75,"column":64}},"26":{"start":{"line":76,"column":8},"end":{"line":76,"column":20}},"27":{"start":{"line":79,"column":36},"end":{"line":79,"column":53}},"28":{"start":{"line":88,"column":25},"end":{"line":119,"column":1}},"29":{"start":{"line":89,"column":2},"end":{"line":118,"column":5}},"30":{"start":{"line":92,"column":6},"end":{"line":92,"column":65}},"31":{"start":{"line":94,"column":6},"end":{"line":114,"column":7}},"32":{"start":{"line":95,"column":32},"end":{"line":102,"column":19}},"33":{"start":{"line":104,"column":8},"end":{"line":107,"column":9}},"34":{"start":{"line":105,"column":10},"end":{"line":105,"column":77}},"35":{"start":{"line":106,"column":10},"end":{"line":106,"column":41}},"36":{"start":{"line":109,"column":8},"end":{"line":109,"column":65}},"37":{"start":{"line":110,"column":8},"end":{"line":110,"column":20}},"38":{"start":{"line":112,"column":8},"end":{"line":112,"column":82}},"39":{"start":{"line":113,"column":8},"end":{"line":113,"column":20}}},"fnMap":{"0":{"name":"(anonymous_0)","decl":{"start":{"line":10,"column":26},"end":{"line":10,"column":27}},"loc":{"start":{"line":10,"column":69},"end":{"line":83,"column":1}},"line":10},"1":{"name":"(anonymous_1)","decl":{"start":{"line":13,"column":13},"end":{"line":13,"column":14}},"loc":{"start":{"line":13,"column":42},"end":{"line":78,"column":5}},"line":13},"2":{"name":"(anonymous_2)","decl":{"start":{"line":79,"column":22},"end":{"line":79,"column":23}},"loc":{"start":{"line":79,"column":36},"end":{"line":79,"column":53}},"line":79},"3":{"name":"(anonymous_3)","decl":{"start":{"line":88,"column":25},"end":{"line":88,"column":26}},"loc":{"start":{"line":88,"column":39},"end":{"line":119,"column":1}},"line":88},"4":{"name":"(anonymous_4)","decl":{"start":{"line":91,"column":13},"end":{"line":91,"column":14}},"loc":{"start":{"line":91,"column":25},"end":{"line":115,"column":5}},"line":91}},"branchMap":{"0":{"loc":{"start":{"line":10,"column":29},"end":{"line":10,"column":45}},"type":"default-arg","locations":[{"start":{"line":10,"column":40},"end":{"line":10,"column":45}}],"line":10},"1":{"loc":{"start":{"line":10,"column":47},"end":{"line":10,"column":62}},"type":"default-arg","locations":[{"start":{"line":10,"column":60},"end":{"line":10,"column":62}}],"line":10},"2":{"loc":{"start":{"line":13,"column":22},"end":{"line":13,"column":35}},"type":"default-arg","locations":[{"start":{"line":13,"column":34},"end":{"line":13,"column":35}}],"line":13},"3":{"loc":{"start":{"line":31,"column":6},"end":{"line":47,"column":7}},"type":"if","locations":[{"start":{"line":31,"column":6},"end":{"line":47,"column":7}},{"start":{},"end":{}}],"line":31},"4":{"loc":{"start":{"line":41,"column":8},"end":{"line":46,"column":9}},"type":"if","locations":[{"start":{"line":41,"column":8},"end":{"line":46,"column":9}},{"start":{"line":43,"column":15},"end":{"line":46,"column":9}}],"line":41},"5":{"loc":{"start":{"line":43,"column":15},"end":{"line":46,"column":9}},"type":"if","locations":[{"start":{"line":43,"column":15},"end":{"line":46,"column":9}},{"start":{},"end":{}}],"line":43},"6":{"loc":{"start":{"line":50,"column":6},"end":{"line":54,"column":7}},"type":"if","locations":[{"start":{"line":50,"column":6},"end":{"line":54,"column":7}},{"start":{},"end":{}}],"line":50},"7":{"loc":{"start":{"line":59,"column":8},"end":{"line":62,"column":9}},"type":"if","locations":[{"start":{"line":59,"column":8},"end":{"line":62,"column":9}},{"start":{},"end":{}}],"line":59},"8":{"loc":{"start":{"line":64,"column":33},"end":{"line":64,"column":50}},"type":"binary-expr","locations":[{"start":{"line":64,"column":33},"end":{"line":64,"column":45}},{"start":{"line":64,"column":49},"end":{"line":64,"column":50}}],"line":64},"9":{"loc":{"start":{"line":64,"column":76},"end":{"line":64,"column":86}},"type":"binary-expr","locations":[{"start":{"line":64,"column":76},"end":{"line":64,"column":81}},{"start":{"line":64,"column":85},"end":{"line":64,"column":86}}],"line":64},"10":{"loc":{"start":{"line":65,"column":8},"end":{"line":67,"column":9}},"type":"if","locations":[{"start":{"line":65,"column":8},"end":{"line":67,"column":9}},{"start":{},"end":{}}],"line":65},"11":{"loc":{"start":{"line":65,"column":12},"end":{"line":65,"column":35}},"type":"binary-expr","locations":[{"start":{"line":65,"column":12},"end":{"line":65,"column":16}},{"start":{"line":65,"column":20},"end":{"line":65,"column":35}}],"line":65},"12":{"loc":{"start":{"line":70,"column":19},"end":{"line":70,"column":29}},"type":"binary-expr","locations":[{"start":{"line":70,"column":19},"end":{"line":70,"column":23}},{"start":{"line":70,"column":27},"end":{"line":70,"column":29}}],"line":70},"13":{"loc":{"start":{"line":72,"column":20},"end":{"line":72,"column":74}},"type":"cond-expr","locations":[{"start":{"line":72,"column":49},"end":{"line":72,"column":62}},{"start":{"line":72,"column":65},"end":{"line":72,"column":74}}],"line":72},"14":{"loc":{"start":{"line":104,"column":8},"end":{"line":107,"column":9}},"type":"if","locations":[{"start":{"line":104,"column":8},"end":{"line":107,"column":9}},{"start":{},"end":{}}],"line":104}},"s":{"0":2,"1":2,"2":6,"3":3,"4":3,"5":3,"6":3,"7":3,"8":1,"9":1,"10":1,"11":1,"12":0,"13":0,"14":3,"15":1,"16":3,"17":3,"18":3,"19":0,"20":0,"21":3,"22":3,"23":3,"24":3,"25":0,"26":0,"27":9,"28":2,"29":3,"30":1,"31":1,"32":1,"33":1,"34":0,"35":0,"36":1,"37":1,"38":0,"39":0},"f":{"0":6,"1":3,"2":9,"3":3,"4":1},"b":{"0":[0],"1":[0],"2":[3],"3":[1,2],"4":[1,0],"5":[0,0],"6":[1,2],"7":[0,3],"8":[3,0],"9":[3,0],"10":[3,0],"11":[3,3],"12":[3,0],"13":[0,3],"14":[0,1]},"_coverageSchema":"1a1c01bbd47fc00a2c39e90264f33305004495a9","hash":"642d899bef4a43ea41f221b6c361ad8971d5c118"}
,"C:\\Users\\lucas\\.cursor-tutor-3\\AdoptMe\\src\\navigation\\AppNavigator.js": {"path":"C:\\Users\\lucas\\.cursor-tutor-3\\AdoptMe\\src\\navigation\\AppNavigator.js","statementMap":{"0":{"start":{"line":20,"column":14},"end":{"line":20,"column":36}},"1":{"start":{"line":21,"column":12},"end":{"line":21,"column":38}},"2":{"start":{"line":24,"column":22},"end":{"line":49,"column":1}},"3":{"start":{"line":25,"column":2},"end":{"line":48,"column":4}},"4":{"start":{"line":52,"column":25},"end":{"line":82,"column":1}},"5":{"start":{"line":53,"column":2},"end":{"line":81,"column":4}},"6":{"start":{"line":73,"column":33},"end":{"line":73,"column":87}},"7":{"start":{"line":85,"column":25},"end":{"line":105,"column":1}},"8":{"start":{"line":86,"column":2},"end":{"line":104,"column":4}},"9":{"start":{"line":108,"column":22},"end":{"line":132,"column":1}},"10":{"start":{"line":109,"column":2},"end":{"line":131,"column":4}},"11":{"start":{"line":111,"column":37},"end":{"line":126,"column":7}},"12":{"start":{"line":115,"column":10},"end":{"line":119,"column":11}},"13":{"start":{"line":116,"column":12},"end":{"line":116,"column":55}},"14":{"start":{"line":117,"column":17},"end":{"line":119,"column":11}},"15":{"start":{"line":118,"column":12},"end":{"line":118,"column":61}},"16":{"start":{"line":121,"column":10},"end":{"line":121,"column":72}},"17":{"start":{"line":134,"column":21},"end":{"line":159,"column":1}},"18":{"start":{"line":135,"column":2},"end":{"line":158,"column":4}}},"fnMap":{"0":{"name":"(anonymous_0)","decl":{"start":{"line":24,"column":22},"end":{"line":24,"column":23}},"loc":{"start":{"line":24,"column":28},"end":{"line":49,"column":1}},"line":24},"1":{"name":"(anonymous_1)","decl":{"start":{"line":52,"column":25},"end":{"line":52,"column":26}},"loc":{"start":{"line":52,"column":31},"end":{"line":82,"column":1}},"line":52},"2":{"name":"(anonymous_2)","decl":{"start":{"line":73,"column":17},"end":{"line":73,"column":18}},"loc":{"start":{"line":73,"column":33},"end":{"line":73,"column":87}},"line":73},"3":{"name":"(anonymous_3)","decl":{"start":{"line":85,"column":25},"end":{"line":85,"column":26}},"loc":{"start":{"line":85,"column":31},"end":{"line":105,"column":1}},"line":85},"4":{"name":"(anonymous_4)","decl":{"start":{"line":108,"column":22},"end":{"line":108,"column":23}},"loc":{"start":{"line":108,"column":28},"end":{"line":132,"column":1}},"line":108},"5":{"name":"(anonymous_5)","decl":{"start":{"line":111,"column":21},"end":{"line":111,"column":22}},"loc":{"start":{"line":111,"column":37},"end":{"line":126,"column":7}},"line":111},"6":{"name":"(anonymous_6)","decl":{"start":{"line":112,"column":20},"end":{"line":112,"column":21}},"loc":{"start":{"line":112,"column":50},"end":{"line":122,"column":9}},"line":112},"7":{"name":"(anonymous_7)","decl":{"start":{"line":134,"column":21},"end":{"line":134,"column":22}},"loc":{"start":{"line":134,"column":27},"end":{"line":159,"column":1}},"line":134}},"branchMap":{"0":{"loc":{"start":{"line":73,"column":42},"end":{"line":73,"column":85}},"type":"binary-expr","locations":[{"start":{"line":73,"column":42},"end":{"line":73,"column":68}},{"start":{"line":73,"column":72},"end":{"line":73,"column":85}}],"line":73},"1":{"loc":{"start":{"line":115,"column":10},"end":{"line":119,"column":11}},"type":"if","locations":[{"start":{"line":115,"column":10},"end":{"line":119,"column":11}},{"start":{"line":117,"column":17},"end":{"line":119,"column":11}}],"line":115},"2":{"loc":{"start":{"line":116,"column":23},"end":{"line":116,"column":54}},"type":"cond-expr","locations":[{"start":{"line":116,"column":33},"end":{"line":116,"column":38}},{"start":{"line":116,"column":41},"end":{"line":116,"column":54}}],"line":116},"3":{"loc":{"start":{"line":117,"column":17},"end":{"line":119,"column":11}},"type":"if","locations":[{"start":{"line":117,"column":17},"end":{"line":119,"column":11}},{"start":{},"end":{}}],"line":117},"4":{"loc":{"start":{"line":118,"column":23},"end":{"line":118,"column":60}},"type":"cond-expr","locations":[{"start":{"line":118,"column":33},"end":{"line":118,"column":41}},{"start":{"line":118,"column":44},"end":{"line":118,"column":60}}],"line":118}},"s":{"0":0,"1":0,"2":0,"3":0,"4":0,"5":0,"6":0,"7":0,"8":0,"9":0,"10":0,"11":0,"12":0,"13":0,"14":0,"15":0,"16":0,"17":0,"18":0},"f":{"0":0,"1":0,"2":0,"3":0,"4":0,"5":0,"6":0,"7":0},"b":{"0":[0,0],"1":[0,0],"2":[0,0],"3":[0,0],"4":[0,0]}}
,"C:\\Users\\lucas\\.cursor-tutor-3\\AdoptMe\\src\\navigation\\AuthNavigator.js": {"path":"C:\\Users\\lucas\\.cursor-tutor-3\\AdoptMe\\src\\navigation\\AuthNavigator.js","statementMap":{"0":{"start":{"line":7,"column":14},"end":{"line":7,"column":36}},"1":{"start":{"line":9,"column":22},"end":{"line":22,"column":1}},"2":{"start":{"line":10,"column":2},"end":{"line":21,"column":4}}},"fnMap":{"0":{"name":"(anonymous_0)","decl":{"start":{"line":9,"column":22},"end":{"line":9,"column":23}},"loc":{"start":{"line":9,"column":28},"end":{"line":22,"column":1}},"line":9}},"branchMap":{},"s":{"0":0,"1":0,"2":0},"f":{"0":0},"b":{}}
,"C:\\Users\\lucas\\.cursor-tutor-3\\AdoptMe\\src\\navigation\\MainNavigator.js": {"path":"C:\\Users\\lucas\\.cursor-tutor-3\\AdoptMe\\src\\navigation\\MainNavigator.js","statementMap":{"0":{"start":{"line":11,"column":14},"end":{"line":11,"column":36}},"1":{"start":{"line":13,"column":22},"end":{"line":56,"column":1}},"2":{"start":{"line":14,"column":39},"end":{"line":14,"column":48}},"3":{"start":{"line":16,"column":2},"end":{"line":22,"column":3}},"4":{"start":{"line":17,"column":4},"end":{"line":21,"column":6}},"5":{"start":{"line":24,"column":2},"end":{"line":55,"column":4}}},"fnMap":{"0":{"name":"(anonymous_0)","decl":{"start":{"line":13,"column":22},"end":{"line":13,"column":23}},"loc":{"start":{"line":13,"column":28},"end":{"line":56,"column":1}},"line":13}},"branchMap":{"0":{"loc":{"start":{"line":16,"column":2},"end":{"line":22,"column":3}},"type":"if","locations":[{"start":{"line":16,"column":2},"end":{"line":22,"column":3}},{"start":{},"end":{}}],"line":16},"1":{"loc":{"start":{"line":32,"column":9},"end":{"line":52,"column":9}},"type":"cond-expr","locations":[{"start":{"line":34,"column":10},"end":{"line":48,"column":13}},{"start":{"line":51,"column":10},"end":{"line":51,"column":64}}],"line":32}},"s":{"0":0,"1":0,"2":0,"3":0,"4":0,"5":0},"f":{"0":0},"b":{"0":[0,0],"1":[0,0]}}
,"C:\\Users\\lucas\\.cursor-tutor-3\\AdoptMe\\src\\navigation\\TabNavigator.js": {"path":"C:\\Users\\lucas\\.cursor-tutor-3\\AdoptMe\\src\\navigation\\TabNavigator.js","statementMap":{"0":{"start":{"line":8,"column":12},"end":{"line":8,"column":38}},"1":{"start":{"line":10,"column":21},"end":{"line":77,"column":1}},"2":{"start":{"line":11,"column":2},"end":{"line":76,"column":4}},"3":{"start":{"line":13,"column":37},"end":{"line":38,"column":7}},"4":{"start":{"line":17,"column":10},"end":{"line":23,"column":11}},"5":{"start":{"line":18,"column":12},"end":{"line":18,"column":57}},"6":{"start":{"line":19,"column":17},"end":{"line":23,"column":11}},"7":{"start":{"line":20,"column":12},"end":{"line":20,"column":69}},"8":{"start":{"line":21,"column":17},"end":{"line":23,"column":11}},"9":{"start":{"line":22,"column":12},"end":{"line":22,"column":61}},"10":{"start":{"line":25,"column":10},"end":{"line":25,"column":72}}},"fnMap":{"0":{"name":"(anonymous_0)","decl":{"start":{"line":10,"column":21},"end":{"line":10,"column":22}},"loc":{"start":{"line":10,"column":27},"end":{"line":77,"column":1}},"line":10},"1":{"name":"(anonymous_1)","decl":{"start":{"line":13,"column":21},"end":{"line":13,"column":22}},"loc":{"start":{"line":13,"column":37},"end":{"line":38,"column":7}},"line":13},"2":{"name":"(anonymous_2)","decl":{"start":{"line":14,"column":20},"end":{"line":14,"column":21}},"loc":{"start":{"line":14,"column":50},"end":{"line":26,"column":9}},"line":14}},"branchMap":{"0":{"loc":{"start":{"line":17,"column":10},"end":{"line":23,"column":11}},"type":"if","locations":[{"start":{"line":17,"column":10},"end":{"line":23,"column":11}},{"start":{"line":19,"column":17},"end":{"line":23,"column":11}}],"line":17},"1":{"loc":{"start":{"line":18,"column":23},"end":{"line":18,"column":56}},"type":"cond-expr","locations":[{"start":{"line":18,"column":33},"end":{"line":18,"column":39}},{"start":{"line":18,"column":42},"end":{"line":18,"column":56}}],"line":18},"2":{"loc":{"start":{"line":19,"column":17},"end":{"line":23,"column":11}},"type":"if","locations":[{"start":{"line":19,"column":17},"end":{"line":23,"column":11}},{"start":{"line":21,"column":17},"end":{"line":23,"column":11}}],"line":19},"3":{"loc":{"start":{"line":20,"column":23},"end":{"line":20,"column":68}},"type":"cond-expr","locations":[{"start":{"line":20,"column":33},"end":{"line":20,"column":45}},{"start":{"line":20,"column":48},"end":{"line":20,"column":68}}],"line":20},"4":{"loc":{"start":{"line":21,"column":17},"end":{"line":23,"column":11}},"type":"if","locations":[{"start":{"line":21,"column":17},"end":{"line":23,"column":11}},{"start":{},"end":{}}],"line":21},"5":{"loc":{"start":{"line":22,"column":23},"end":{"line":22,"column":60}},"type":"cond-expr","locations":[{"start":{"line":22,"column":33},"end":{"line":22,"column":41}},{"start":{"line":22,"column":44},"end":{"line":22,"column":60}}],"line":22}},"s":{"0":0,"1":0,"2":0,"3":0,"4":0,"5":0,"6":0,"7":0,"8":0,"9":0,"10":0},"f":{"0":0,"1":0,"2":0},"b":{"0":[0,0],"1":[0,0],"2":[0,0],"3":[0,0],"4":[0,0],"5":[0,0]}}
,"C:\\Users\\lucas\\.cursor-tutor-3\\AdoptMe\\src\\screens\\animals\\AddAnimalScreen.js": {"path":"C:\\Users\\lucas\\.cursor-tutor-3\\AdoptMe\\src\\screens\\animals\\AddAnimalScreen.js","statementMap":{"0":{"start":{"line":19,"column":24},"end":{"line":222,"column":1}},"1":{"start":{"line":20,"column":19},"end":{"line":20,"column":28}},"2":{"start":{"line":21,"column":32},"end":{"line":21,"column":47}},"3":{"start":{"line":22,"column":34},"end":{"line":31,"column":4}},"4":{"start":{"line":33,"column":26},"end":{"line":38,"column":3}},"5":{"start":{"line":34,"column":4},"end":{"line":37,"column":8}},"6":{"start":{"line":34,"column":25},"end":{"line":37,"column":5}},"7":{"start":{"line":40,"column":23},"end":{"line":50,"column":3}},"8":{"start":{"line":41,"column":4},"end":{"line":44,"column":5}},"9":{"start":{"line":42,"column":6},"end":{"line":42,"column":79}},"10":{"start":{"line":43,"column":6},"end":{"line":43,"column":19}},"11":{"start":{"line":45,"column":4},"end":{"line":48,"column":5}},"12":{"start":{"line":46,"column":6},"end":{"line":46,"column":76}},"13":{"start":{"line":47,"column":6},"end":{"line":47,"column":19}},"14":{"start":{"line":49,"column":4},"end":{"line":49,"column":16}},"15":{"start":{"line":52,"column":26},"end":{"line":92,"column":3}},"16":{"start":{"line":53,"column":4},"end":{"line":53,"column":32}},"17":{"start":{"line":53,"column":25},"end":{"line":53,"column":32}},"18":{"start":{"line":56,"column":23},"end":{"line":59,"column":5}},"19":{"start":{"line":61,"column":4},"end":{"line":61,"column":21}},"20":{"start":{"line":62,"column":4},"end":{"line":91,"column":5}},"21":{"start":{"line":63,"column":21},"end":{"line":63,"column":65}},"22":{"start":{"line":64,"column":6},"end":{"line":64,"column":24}},"23":{"start":{"line":66,"column":6},"end":{"line":69,"column":7}},"24":{"start":{"line":67,"column":8},"end":{"line":67,"column":80}},"25":{"start":{"line":68,"column":8},"end":{"line":68,"column":15}},"26":{"start":{"line":71,"column":6},"end":{"line":75,"column":8}},"27":{"start":{"line":74,"column":38},"end":{"line":74,"column":65}},"28":{"start":{"line":78,"column":6},"end":{"line":87,"column":9}},"29":{"start":{"line":89,"column":6},"end":{"line":89,"column":24}},"30":{"start":{"line":90,"column":6},"end":{"line":90,"column":76}},"31":{"start":{"line":94,"column":2},"end":{"line":221,"column":4}},"32":{"start":{"line":124,"column":42},"end":{"line":124,"column":71}},"33":{"start":{"line":138,"column":42},"end":{"line":138,"column":74}},"34":{"start":{"line":152,"column":42},"end":{"line":152,"column":72}},"35":{"start":{"line":166,"column":42},"end":{"line":166,"column":70}},"36":{"start":{"line":181,"column":42},"end":{"line":181,"column":78}},"37":{"start":{"line":193,"column":16},"end":{"line":193,"column":83}},"38":{"start":{"line":224,"column":15},"end":{"line":346,"column":2}}},"fnMap":{"0":{"name":"(anonymous_0)","decl":{"start":{"line":19,"column":24},"end":{"line":19,"column":25}},"loc":{"start":{"line":19,"column":44},"end":{"line":222,"column":1}},"line":19},"1":{"name":"(anonymous_1)","decl":{"start":{"line":33,"column":26},"end":{"line":33,"column":27}},"loc":{"start":{"line":33,"column":44},"end":{"line":38,"column":3}},"line":33},"2":{"name":"(anonymous_2)","decl":{"start":{"line":34,"column":16},"end":{"line":34,"column":17}},"loc":{"start":{"line":34,"column":25},"end":{"line":37,"column":5}},"line":34},"3":{"name":"(anonymous_3)","decl":{"start":{"line":40,"column":23},"end":{"line":40,"column":24}},"loc":{"start":{"line":40,"column":29},"end":{"line":50,"column":3}},"line":40},"4":{"name":"(anonymous_4)","decl":{"start":{"line":52,"column":26},"end":{"line":52,"column":27}},"loc":{"start":{"line":52,"column":38},"end":{"line":92,"column":3}},"line":52},"5":{"name":"(anonymous_5)","decl":{"start":{"line":74,"column":32},"end":{"line":74,"column":33}},"loc":{"start":{"line":74,"column":38},"end":{"line":74,"column":65}},"line":74},"6":{"name":"(anonymous_6)","decl":{"start":{"line":124,"column":32},"end":{"line":124,"column":33}},"loc":{"start":{"line":124,"column":42},"end":{"line":124,"column":71}},"line":124},"7":{"name":"(anonymous_7)","decl":{"start":{"line":138,"column":32},"end":{"line":138,"column":33}},"loc":{"start":{"line":138,"column":42},"end":{"line":138,"column":74}},"line":138},"8":{"name":"(anonymous_8)","decl":{"start":{"line":152,"column":32},"end":{"line":152,"column":33}},"loc":{"start":{"line":152,"column":42},"end":{"line":152,"column":72}},"line":152},"9":{"name":"(anonymous_9)","decl":{"start":{"line":166,"column":32},"end":{"line":166,"column":33}},"loc":{"start":{"line":166,"column":42},"end":{"line":166,"column":70}},"line":166},"10":{"name":"(anonymous_10)","decl":{"start":{"line":181,"column":32},"end":{"line":181,"column":33}},"loc":{"start":{"line":181,"column":42},"end":{"line":181,"column":78}},"line":181},"11":{"name":"(anonymous_11)","decl":{"start":{"line":191,"column":23},"end":{"line":191,"column":24}},"loc":{"start":{"line":191,"column":29},"end":{"line":194,"column":15}},"line":191}},"branchMap":{"0":{"loc":{"start":{"line":30,"column":13},"end":{"line":30,"column":29}},"type":"binary-expr","locations":[{"start":{"line":30,"column":13},"end":{"line":30,"column":21}},{"start":{"line":30,"column":25},"end":{"line":30,"column":29}}],"line":30},"1":{"loc":{"start":{"line":36,"column":15},"end":{"line":36,"column":75}},"type":"cond-expr","locations":[{"start":{"line":36,"column":34},"end":{"line":36,"column":66}},{"start":{"line":36,"column":70},"end":{"line":36,"column":75}}],"line":36},"2":{"loc":{"start":{"line":36,"column":34},"end":{"line":36,"column":66}},"type":"cond-expr","locations":[{"start":{"line":36,"column":42},"end":{"line":36,"column":61}},{"start":{"line":36,"column":64},"end":{"line":36,"column":66}}],"line":36},"3":{"loc":{"start":{"line":41,"column":4},"end":{"line":44,"column":5}},"type":"if","locations":[{"start":{"line":41,"column":4},"end":{"line":44,"column":5}},{"start":{},"end":{}}],"line":41},"4":{"loc":{"start":{"line":45,"column":4},"end":{"line":48,"column":5}},"type":"if","locations":[{"start":{"line":45,"column":4},"end":{"line":48,"column":5}},{"start":{},"end":{}}],"line":45},"5":{"loc":{"start":{"line":53,"column":4},"end":{"line":53,"column":32}},"type":"if","locations":[{"start":{"line":53,"column":4},"end":{"line":53,"column":32}},{"start":{},"end":{}}],"line":53},"6":{"loc":{"start":{"line":66,"column":6},"end":{"line":69,"column":7}},"type":"if","locations":[{"start":{"line":66,"column":6},"end":{"line":69,"column":7}},{"start":{},"end":{}}],"line":66},"7":{"loc":{"start":{"line":67,"column":29},"end":{"line":67,"column":78}},"type":"binary-expr","locations":[{"start":{"line":67,"column":29},"end":{"line":67,"column":49}},{"start":{"line":67,"column":53},"end":{"line":67,"column":78}}],"line":67},"8":{"loc":{"start":{"line":86,"column":17},"end":{"line":86,"column":33}},"type":"binary-expr","locations":[{"start":{"line":86,"column":17},"end":{"line":86,"column":25}},{"start":{"line":86,"column":29},"end":{"line":86,"column":33}}],"line":86},"9":{"loc":{"start":{"line":90,"column":27},"end":{"line":90,"column":74}},"type":"binary-expr","locations":[{"start":{"line":90,"column":27},"end":{"line":90,"column":40}},{"start":{"line":90,"column":44},"end":{"line":90,"column":74}}],"line":90},"10":{"loc":{"start":{"line":100,"column":18},"end":{"line":100,"column":62}},"type":"cond-expr","locations":[{"start":{"line":100,"column":42},"end":{"line":100,"column":51}},{"start":{"line":100,"column":54},"end":{"line":100,"column":62}}],"line":100},"11":{"loc":{"start":{"line":165,"column":25},"end":{"line":165,"column":54}},"type":"binary-expr","locations":[{"start":{"line":165,"column":25},"end":{"line":165,"column":48}},{"start":{"line":165,"column":52},"end":{"line":165,"column":54}}],"line":165},"12":{"loc":{"start":{"line":210,"column":17},"end":{"line":214,"column":17}},"type":"cond-expr","locations":[{"start":{"line":211,"column":18},"end":{"line":211,"column":65}},{"start":{"line":213,"column":18},"end":{"line":213,"column":70}}],"line":210}},"s":{"0":0,"1":0,"2":0,"3":0,"4":0,"5":0,"6":0,"7":0,"8":0,"9":0,"10":0,"11":0,"12":0,"13":0,"14":0,"15":0,"16":0,"17":0,"18":0,"19":0,"20":0,"21":0,"22":0,"23":0,"24":0,"25":0,"26":0,"27":0,"28":0,"29":0,"30":0,"31":0,"32":0,"33":0,"34":0,"35":0,"36":0,"37":0,"38":0},"f":{"0":0,"1":0,"2":0,"3":0,"4":0,"5":0,"6":0,"7":0,"8":0,"9":0,"10":0,"11":0},"b":{"0":[0,0],"1":[0,0],"2":[0,0],"3":[0,0],"4":[0,0],"5":[0,0],"6":[0,0],"7":[0,0],"8":[0,0],"9":[0,0],"10":[0,0],"11":[0,0],"12":[0,0]}}
,"C:\\Users\\lucas\\.cursor-tutor-3\\AdoptMe\\src\\screens\\animals\\AnimalDetailScreen.js": {"path":"C:\\Users\\lucas\\.cursor-tutor-3\\AdoptMe\\src\\screens\\animals\\AnimalDetailScreen.js","statementMap":{"0":{"start":{"line":19,"column":18},"end":{"line":19,"column":42}},"1":{"start":{"line":20,"column":18},"end":{"line":20,"column":34}},"2":{"start":{"line":22,"column":27},"end":{"line":298,"column":1}},"3":{"start":{"line":23,"column":36},"end":{"line":23,"column":48}},"4":{"start":{"line":24,"column":38},"end":{"line":24,"column":53}},"5":{"start":{"line":32,"column":6},"end":{"line":32,"column":33}},"6":{"start":{"line":35,"column":20},"end":{"line":35,"column":66}},"7":{"start":{"line":36,"column":24},"end":{"line":36,"column":47}},"8":{"start":{"line":38,"column":22},"end":{"line":72,"column":3}},"9":{"start":{"line":39,"column":4},"end":{"line":71,"column":5}},"10":{"start":{"line":41,"column":6},"end":{"line":41,"column":66}},"11":{"start":{"line":44,"column":33},"end":{"line":44,"column":62}},"12":{"start":{"line":46,"column":6},"end":{"line":49,"column":7}},"13":{"start":{"line":47,"column":8},"end":{"line":47,"column":73}},"14":{"start":{"line":48,"column":8},"end":{"line":48,"column":15}},"15":{"start":{"line":52,"column":24},"end":{"line":58,"column":35}},"16":{"start":{"line":60,"column":6},"end":{"line":60,"column":29}},"17":{"start":{"line":60,"column":17},"end":{"line":60,"column":29}},"18":{"start":{"line":63,"column":6},"end":{"line":67,"column":8}},"19":{"start":{"line":69,"column":6},"end":{"line":69,"column":53}},"20":{"start":{"line":70,"column":6},"end":{"line":70,"column":72}},"21":{"start":{"line":74,"column":24},"end":{"line":80,"column":3}},"22":{"start":{"line":75,"column":4},"end":{"line":79,"column":6}},"23":{"start":{"line":83,"column":2},"end":{"line":90,"column":3}},"24":{"start":{"line":84,"column":4},"end":{"line":89,"column":6}},"25":{"start":{"line":93,"column":2},"end":{"line":106,"column":3}},"26":{"start":{"line":94,"column":4},"end":{"line":105,"column":6}},"27":{"start":{"line":100,"column":25},"end":{"line":100,"column":44}},"28":{"start":{"line":108,"column":2},"end":{"line":297,"column":4}},"29":{"start":{"line":124,"column":27},"end":{"line":124,"column":46}},"30":{"start":{"line":131,"column":27},"end":{"line":131,"column":53}},"31":{"start":{"line":300,"column":15},"end":{"line":590,"column":2}}},"fnMap":{"0":{"name":"(anonymous_0)","decl":{"start":{"line":22,"column":27},"end":{"line":22,"column":28}},"loc":{"start":{"line":22,"column":54},"end":{"line":298,"column":1}},"line":22},"1":{"name":"(anonymous_1)","decl":{"start":{"line":38,"column":22},"end":{"line":38,"column":23}},"loc":{"start":{"line":38,"column":34},"end":{"line":72,"column":3}},"line":38},"2":{"name":"(anonymous_2)","decl":{"start":{"line":74,"column":24},"end":{"line":74,"column":25}},"loc":{"start":{"line":74,"column":30},"end":{"line":80,"column":3}},"line":74},"3":{"name":"(anonymous_3)","decl":{"start":{"line":100,"column":19},"end":{"line":100,"column":20}},"loc":{"start":{"line":100,"column":25},"end":{"line":100,"column":44}},"line":100},"4":{"name":"(anonymous_4)","decl":{"start":{"line":124,"column":21},"end":{"line":124,"column":22}},"loc":{"start":{"line":124,"column":27},"end":{"line":124,"column":46}},"line":124},"5":{"name":"(anonymous_5)","decl":{"start":{"line":131,"column":21},"end":{"line":131,"column":22}},"loc":{"start":{"line":131,"column":27},"end":{"line":131,"column":53}},"line":131}},"branchMap":{"0":{"loc":{"start":{"line":35,"column":20},"end":{"line":35,"column":66}},"type":"binary-expr","locations":[{"start":{"line":35,"column":20},"end":{"line":35,"column":38}},{"start":{"line":35,"column":42},"end":{"line":35,"column":66}}],"line":35},"1":{"loc":{"start":{"line":36,"column":24},"end":{"line":36,"column":47}},"type":"binary-expr","locations":[{"start":{"line":36,"column":24},"end":{"line":36,"column":30}},{"start":{"line":36,"column":34},"end":{"line":36,"column":47}}],"line":36},"2":{"loc":{"start":{"line":46,"column":6},"end":{"line":49,"column":7}},"type":"if","locations":[{"start":{"line":46,"column":6},"end":{"line":49,"column":7}},{"start":{},"end":{}}],"line":46},"3":{"loc":{"start":{"line":60,"column":6},"end":{"line":60,"column":29}},"type":"if","locations":[{"start":{"line":60,"column":6},"end":{"line":60,"column":29}},{"start":{},"end":{}}],"line":60},"4":{"loc":{"start":{"line":77,"column":24},"end":{"line":77,"column":66}},"type":"binary-expr","locations":[{"start":{"line":77,"column":24},"end":{"line":77,"column":49}},{"start":{"line":77,"column":53},"end":{"line":77,"column":66}}],"line":77},"5":{"loc":{"start":{"line":83,"column":2},"end":{"line":90,"column":3}},"type":"if","locations":[{"start":{"line":83,"column":2},"end":{"line":90,"column":3}},{"start":{},"end":{}}],"line":83},"6":{"loc":{"start":{"line":83,"column":6},"end":{"line":83,"column":33}},"type":"binary-expr","locations":[{"start":{"line":83,"column":6},"end":{"line":83,"column":15}},{"start":{"line":83,"column":19},"end":{"line":83,"column":33}}],"line":83},"7":{"loc":{"start":{"line":93,"column":2},"end":{"line":106,"column":3}},"type":"if","locations":[{"start":{"line":93,"column":2},"end":{"line":106,"column":3}},{"start":{},"end":{}}],"line":93},"8":{"loc":{"start":{"line":93,"column":6},"end":{"line":93,"column":31}},"type":"binary-expr","locations":[{"start":{"line":93,"column":6},"end":{"line":93,"column":13}},{"start":{"line":93,"column":17},"end":{"line":93,"column":31}}],"line":93},"9":{"loc":{"start":{"line":133,"column":52},"end":{"line":133,"column":82}},"type":"cond-expr","locations":[{"start":{"line":133,"column":65},"end":{"line":133,"column":70}},{"start":{"line":133,"column":73},"end":{"line":133,"column":82}}],"line":133},"10":{"loc":{"start":{"line":148,"column":45},"end":{"line":148,"column":80}},"type":"cond-expr","locations":[{"start":{"line":148,"column":57},"end":{"line":148,"column":66}},{"start":{"line":148,"column":69},"end":{"line":148,"column":80}}],"line":148},"11":{"loc":{"start":{"line":155,"column":54},"end":{"line":155,"column":98}},"type":"binary-expr","locations":[{"start":{"line":155,"column":54},"end":{"line":155,"column":76}},{"start":{"line":155,"column":80},"end":{"line":155,"column":98}}],"line":155},"12":{"loc":{"start":{"line":167,"column":53},"end":{"line":167,"column":85}},"type":"binary-expr","locations":[{"start":{"line":167,"column":53},"end":{"line":167,"column":72}},{"start":{"line":167,"column":76},"end":{"line":167,"column":85}}],"line":167},"13":{"loc":{"start":{"line":174,"column":53},"end":{"line":174,"column":87}},"type":"binary-expr","locations":[{"start":{"line":174,"column":53},"end":{"line":174,"column":74}},{"start":{"line":174,"column":78},"end":{"line":174,"column":87}}],"line":174},"14":{"loc":{"start":{"line":179,"column":73},"end":{"line":179,"column":115}},"type":"cond-expr","locations":[{"start":{"line":179,"column":99},"end":{"line":179,"column":105}},{"start":{"line":179,"column":108},"end":{"line":179,"column":115}}],"line":179},"15":{"loc":{"start":{"line":189,"column":29},"end":{"line":189,"column":119}},"type":"binary-expr","locations":[{"start":{"line":189,"column":29},"end":{"line":189,"column":65}},{"start":{"line":189,"column":69},"end":{"line":189,"column":119}}],"line":189},"16":{"loc":{"start":{"line":194,"column":46},"end":{"line":194,"column":90}},"type":"binary-expr","locations":[{"start":{"line":194,"column":46},"end":{"line":194,"column":71}},{"start":{"line":194,"column":75},"end":{"line":194,"column":90}}],"line":194},"17":{"loc":{"start":{"line":213,"column":13},"end":{"line":213,"column":131}},"type":"binary-expr","locations":[{"start":{"line":213,"column":13},"end":{"line":213,"column":38}},{"start":{"line":213,"column":42},"end":{"line":213,"column":131}}],"line":213},"18":{"loc":{"start":{"line":270,"column":9},"end":{"line":294,"column":9}},"type":"cond-expr","locations":[{"start":{"line":271,"column":10},"end":{"line":286,"column":29}},{"start":{"line":288,"column":10},"end":{"line":293,"column":29}}],"line":270},"19":{"loc":{"start":{"line":277,"column":15},"end":{"line":284,"column":15}},"type":"cond-expr","locations":[{"start":{"line":278,"column":16},"end":{"line":278,"column":50}},{"start":{"line":280,"column":16},"end":{"line":283,"column":19}}],"line":277}},"s":{"0":0,"1":0,"2":0,"3":0,"4":0,"5":0,"6":0,"7":0,"8":0,"9":0,"10":0,"11":0,"12":0,"13":0,"14":0,"15":0,"16":0,"17":0,"18":0,"19":0,"20":0,"21":0,"22":0,"23":0,"24":0,"25":0,"26":0,"27":0,"28":0,"29":0,"30":0,"31":0},"f":{"0":0,"1":0,"2":0,"3":0,"4":0,"5":0},"b":{"0":[0,0],"1":[0,0],"2":[0,0],"3":[0,0],"4":[0,0],"5":[0,0],"6":[0,0],"7":[0,0],"8":[0,0],"9":[0,0],"10":[0,0],"11":[0,0],"12":[0,0],"13":[0,0],"14":[0,0],"15":[0,0],"16":[0,0],"17":[0,0],"18":[0,0],"19":[0,0]}}
,"C:\\Users\\lucas\\.cursor-tutor-3\\AdoptMe\\src\\screens\\animals\\AnimalListScreen.js": {"path":"C:\\Users\\lucas\\.cursor-tutor-3\\AdoptMe\\src\\screens\\animals\\AnimalListScreen.js","statementMap":{"0":{"start":{"line":15,"column":19},"end":{"line":39,"column":1}},"1":{"start":{"line":16,"column":2},"end":{"line":38,"column":4}},"2":{"start":{"line":41,"column":25},"end":{"line":129,"column":1}},"3":{"start":{"line":42,"column":32},"end":{"line":42,"column":44}},"4":{"start":{"line":43,"column":32},"end":{"line":43,"column":46}},"5":{"start":{"line":44,"column":38},"end":{"line":44,"column":53}},"6":{"start":{"line":46,"column":23},"end":{"line":62,"column":3}},"7":{"start":{"line":47,"column":4},"end":{"line":61,"column":5}},"8":{"start":{"line":48,"column":6},"end":{"line":48,"column":23}},"9":{"start":{"line":49,"column":30},"end":{"line":52,"column":50}},"10":{"start":{"line":54,"column":6},"end":{"line":54,"column":29}},"11":{"start":{"line":54,"column":17},"end":{"line":54,"column":29}},"12":{"start":{"line":55,"column":6},"end":{"line":55,"column":29}},"13":{"start":{"line":57,"column":6},"end":{"line":57,"column":54}},"14":{"start":{"line":59,"column":6},"end":{"line":59,"column":24}},"15":{"start":{"line":60,"column":6},"end":{"line":60,"column":27}},"16":{"start":{"line":64,"column":2},"end":{"line":76,"column":9}},"17":{"start":{"line":65,"column":4},"end":{"line":65,"column":19}},"18":{"start":{"line":68,"column":25},"end":{"line":71,"column":18}},"19":{"start":{"line":73,"column":4},"end":{"line":75,"column":6}},"20":{"start":{"line":74,"column":6},"end":{"line":74,"column":33}},"21":{"start":{"line":78,"column":24},"end":{"line":81,"column":3}},"22":{"start":{"line":79,"column":4},"end":{"line":79,"column":24}},"23":{"start":{"line":80,"column":4},"end":{"line":80,"column":19}},"24":{"start":{"line":83,"column":28},"end":{"line":85,"column":3}},"25":{"start":{"line":84,"column":4},"end":{"line":84,"column":52}},"26":{"start":{"line":87,"column":26},"end":{"line":89,"column":3}},"27":{"start":{"line":88,"column":4},"end":{"line":88,"column":37}},"28":{"start":{"line":91,"column":2},"end":{"line":98,"column":3}},"29":{"start":{"line":92,"column":4},"end":{"line":97,"column":6}},"30":{"start":{"line":100,"column":2},"end":{"line":128,"column":4}},"31":{"start":{"line":104,"column":32},"end":{"line":104,"column":50}},"32":{"start":{"line":106,"column":10},"end":{"line":106,"column":78}},"33":{"start":{"line":106,"column":51},"end":{"line":106,"column":74}},"34":{"start":{"line":131,"column":15},"end":{"line":238,"column":2}}},"fnMap":{"0":{"name":"(anonymous_0)","decl":{"start":{"line":15,"column":19},"end":{"line":15,"column":20}},"loc":{"start":{"line":15,"column":44},"end":{"line":39,"column":1}},"line":15},"1":{"name":"(anonymous_1)","decl":{"start":{"line":41,"column":25},"end":{"line":41,"column":26}},"loc":{"start":{"line":41,"column":45},"end":{"line":129,"column":1}},"line":41},"2":{"name":"(anonymous_2)","decl":{"start":{"line":46,"column":23},"end":{"line":46,"column":24}},"loc":{"start":{"line":46,"column":35},"end":{"line":62,"column":3}},"line":46},"3":{"name":"(anonymous_3)","decl":{"start":{"line":64,"column":12},"end":{"line":64,"column":13}},"loc":{"start":{"line":64,"column":18},"end":{"line":76,"column":3}},"line":64},"4":{"name":"(anonymous_4)","decl":{"start":{"line":73,"column":11},"end":{"line":73,"column":12}},"loc":{"start":{"line":73,"column":17},"end":{"line":75,"column":5}},"line":73},"5":{"name":"(anonymous_5)","decl":{"start":{"line":78,"column":24},"end":{"line":78,"column":25}},"loc":{"start":{"line":78,"column":30},"end":{"line":81,"column":3}},"line":78},"6":{"name":"(anonymous_6)","decl":{"start":{"line":83,"column":28},"end":{"line":83,"column":29}},"loc":{"start":{"line":83,"column":40},"end":{"line":85,"column":3}},"line":83},"7":{"name":"(anonymous_7)","decl":{"start":{"line":87,"column":26},"end":{"line":87,"column":27}},"loc":{"start":{"line":87,"column":32},"end":{"line":89,"column":3}},"line":87},"8":{"name":"(anonymous_8)","decl":{"start":{"line":104,"column":22},"end":{"line":104,"column":23}},"loc":{"start":{"line":104,"column":32},"end":{"line":104,"column":50}},"line":104},"9":{"name":"(anonymous_9)","decl":{"start":{"line":105,"column":20},"end":{"line":105,"column":21}},"loc":{"start":{"line":106,"column":10},"end":{"line":106,"column":78}},"line":106},"10":{"name":"(anonymous_10)","decl":{"start":{"line":106,"column":45},"end":{"line":106,"column":46}},"loc":{"start":{"line":106,"column":51},"end":{"line":106,"column":74}},"line":106}},"branchMap":{"0":{"loc":{"start":{"line":31,"column":9},"end":{"line":35,"column":9}},"type":"binary-expr","locations":[{"start":{"line":31,"column":9},"end":{"line":31,"column":26}},{"start":{"line":32,"column":10},"end":{"line":34,"column":17}}],"line":31},"1":{"loc":{"start":{"line":54,"column":6},"end":{"line":54,"column":29}},"type":"if","locations":[{"start":{"line":54,"column":6},"end":{"line":54,"column":29}},{"start":{},"end":{}}],"line":54},"2":{"loc":{"start":{"line":55,"column":17},"end":{"line":55,"column":27}},"type":"binary-expr","locations":[{"start":{"line":55,"column":17},"end":{"line":55,"column":21}},{"start":{"line":55,"column":25},"end":{"line":55,"column":27}}],"line":55},"3":{"loc":{"start":{"line":91,"column":2},"end":{"line":98,"column":3}},"type":"if","locations":[{"start":{"line":91,"column":2},"end":{"line":98,"column":3}},{"start":{},"end":{}}],"line":91},"4":{"loc":{"start":{"line":91,"column":6},"end":{"line":91,"column":28}},"type":"binary-expr","locations":[{"start":{"line":91,"column":6},"end":{"line":91,"column":13}},{"start":{"line":91,"column":17},"end":{"line":91,"column":28}}],"line":91}},"s":{"0":0,"1":0,"2":0,"3":0,"4":0,"5":0,"6":0,"7":0,"8":0,"9":0,"10":0,"11":0,"12":0,"13":0,"14":0,"15":0,"16":0,"17":0,"18":0,"19":0,"20":0,"21":0,"22":0,"23":0,"24":0,"25":0,"26":0,"27":0,"28":0,"29":0,"30":0,"31":0,"32":0,"33":0,"34":0},"f":{"0":0,"1":0,"2":0,"3":0,"4":0,"5":0,"6":0,"7":0,"8":0,"9":0,"10":0},"b":{"0":[0,0],"1":[0,0],"2":[0,0],"3":[0,0],"4":[0,0]}}
,"C:\\Users\\lucas\\.cursor-tutor-3\\AdoptMe\\src\\screens\\auth\\ForgotPasswordScreen.js": {"path":"C:\\Users\\lucas\\.cursor-tutor-3\\AdoptMe\\src\\screens\\auth\\ForgotPasswordScreen.js","statementMap":{"0":{"start":{"line":17,"column":29},"end":{"line":103,"column":1}},"1":{"start":{"line":18,"column":28},"end":{"line":18,"column":40}},"2":{"start":{"line":19,"column":32},"end":{"line":19,"column":47}},"3":{"start":{"line":20,"column":28},"end":{"line":20,"column":37}},"4":{"start":{"line":22,"column":30},"end":{"line":35,"column":3}},"5":{"start":{"line":23,"column":4},"end":{"line":26,"column":5}},"6":{"start":{"line":24,"column":6},"end":{"line":24,"column":62}},"7":{"start":{"line":25,"column":6},"end":{"line":25,"column":13}},"8":{"start":{"line":28,"column":4},"end":{"line":28,"column":21}},"9":{"start":{"line":29,"column":20},"end":{"line":29,"column":46}},"10":{"start":{"line":30,"column":4},"end":{"line":30,"column":22}},"11":{"start":{"line":32,"column":4},"end":{"line":34,"column":5}},"12":{"start":{"line":33,"column":6},"end":{"line":33,"column":35}},"13":{"start":{"line":37,"column":2},"end":{"line":102,"column":4}},"14":{"start":{"line":49,"column":27},"end":{"line":49,"column":46}},"15":{"start":{"line":95,"column":45},"end":{"line":95,"column":73}},"16":{"start":{"line":105,"column":15},"end":{"line":217,"column":2}}},"fnMap":{"0":{"name":"(anonymous_0)","decl":{"start":{"line":17,"column":29},"end":{"line":17,"column":30}},"loc":{"start":{"line":17,"column":49},"end":{"line":103,"column":1}},"line":17},"1":{"name":"(anonymous_1)","decl":{"start":{"line":22,"column":30},"end":{"line":22,"column":31}},"loc":{"start":{"line":22,"column":42},"end":{"line":35,"column":3}},"line":22},"2":{"name":"(anonymous_2)","decl":{"start":{"line":49,"column":21},"end":{"line":49,"column":22}},"loc":{"start":{"line":49,"column":27},"end":{"line":49,"column":46}},"line":49},"3":{"name":"(anonymous_3)","decl":{"start":{"line":95,"column":39},"end":{"line":95,"column":40}},"loc":{"start":{"line":95,"column":45},"end":{"line":95,"column":73}},"line":95}},"branchMap":{"0":{"loc":{"start":{"line":23,"column":4},"end":{"line":26,"column":5}},"type":"if","locations":[{"start":{"line":23,"column":4},"end":{"line":26,"column":5}},{"start":{},"end":{}}],"line":23},"1":{"loc":{"start":{"line":32,"column":4},"end":{"line":34,"column":5}},"type":"if","locations":[{"start":{"line":32,"column":4},"end":{"line":34,"column":5}},{"start":{},"end":{}}],"line":32},"2":{"loc":{"start":{"line":43,"column":18},"end":{"line":43,"column":62}},"type":"cond-expr","locations":[{"start":{"line":43,"column":42},"end":{"line":43,"column":51}},{"start":{"line":43,"column":54},"end":{"line":43,"column":62}}],"line":43},"3":{"loc":{"start":{"line":87,"column":19},"end":{"line":87,"column":69}},"type":"cond-expr","locations":[{"start":{"line":87,"column":29},"end":{"line":87,"column":41}},{"start":{"line":87,"column":44},"end":{"line":87,"column":69}}],"line":87}},"s":{"0":0,"1":0,"2":0,"3":0,"4":0,"5":0,"6":0,"7":0,"8":0,"9":0,"10":0,"11":0,"12":0,"13":0,"14":0,"15":0,"16":0},"f":{"0":0,"1":0,"2":0,"3":0},"b":{"0":[0,0],"1":[0,0],"2":[0,0],"3":[0,0]}}
,"C:\\Users\\lucas\\.cursor-tutor-3\\AdoptMe\\src\\screens\\auth\\LoginScreen.js": {"path":"C:\\Users\\lucas\\.cursor-tutor-3\\AdoptMe\\src\\screens\\auth\\LoginScreen.js","statementMap":{"0":{"start":{"line":18,"column":20},"end":{"line":120,"column":1}},"1":{"start":{"line":19,"column":28},"end":{"line":19,"column":40}},"2":{"start":{"line":20,"column":34},"end":{"line":20,"column":46}},"3":{"start":{"line":21,"column":30},"end":{"line":21,"column":39}},"4":{"start":{"line":23,"column":22},"end":{"line":34,"column":3}},"5":{"start":{"line":24,"column":4},"end":{"line":27,"column":5}},"6":{"start":{"line":25,"column":6},"end":{"line":25,"column":67}},"7":{"start":{"line":26,"column":6},"end":{"line":26,"column":13}},"8":{"start":{"line":29,"column":20},"end":{"line":29,"column":49}},"9":{"start":{"line":30,"column":4},"end":{"line":33,"column":5}},"10":{"start":{"line":32,"column":6},"end":{"line":32,"column":39}},"11":{"start":{"line":36,"column":23},"end":{"line":38,"column":3}},"12":{"start":{"line":37,"column":4},"end":{"line":37,"column":34}},"13":{"start":{"line":40,"column":2},"end":{"line":119,"column":4}},"14":{"start":{"line":104,"column":29},"end":{"line":104,"column":66}},"15":{"start":{"line":122,"column":15},"end":{"line":252,"column":2}}},"fnMap":{"0":{"name":"(anonymous_0)","decl":{"start":{"line":18,"column":20},"end":{"line":18,"column":21}},"loc":{"start":{"line":18,"column":40},"end":{"line":120,"column":1}},"line":18},"1":{"name":"(anonymous_1)","decl":{"start":{"line":23,"column":22},"end":{"line":23,"column":23}},"loc":{"start":{"line":23,"column":34},"end":{"line":34,"column":3}},"line":23},"2":{"name":"(anonymous_2)","decl":{"start":{"line":36,"column":23},"end":{"line":36,"column":24}},"loc":{"start":{"line":36,"column":29},"end":{"line":38,"column":3}},"line":36},"3":{"name":"(anonymous_3)","decl":{"start":{"line":104,"column":23},"end":{"line":104,"column":24}},"loc":{"start":{"line":104,"column":29},"end":{"line":104,"column":66}},"line":104}},"branchMap":{"0":{"loc":{"start":{"line":24,"column":4},"end":{"line":27,"column":5}},"type":"if","locations":[{"start":{"line":24,"column":4},"end":{"line":27,"column":5}},{"start":{},"end":{}}],"line":24},"1":{"loc":{"start":{"line":24,"column":8},"end":{"line":24,"column":27}},"type":"binary-expr","locations":[{"start":{"line":24,"column":8},"end":{"line":24,"column":14}},{"start":{"line":24,"column":18},"end":{"line":24,"column":27}}],"line":24},"2":{"loc":{"start":{"line":30,"column":4},"end":{"line":33,"column":5}},"type":"if","locations":[{"start":{"line":30,"column":4},"end":{"line":33,"column":5}},{"start":{},"end":{}}],"line":30},"3":{"loc":{"start":{"line":46,"column":18},"end":{"line":46,"column":62}},"type":"cond-expr","locations":[{"start":{"line":46,"column":42},"end":{"line":46,"column":51}},{"start":{"line":46,"column":54},"end":{"line":46,"column":62}}],"line":46},"4":{"loc":{"start":{"line":97,"column":19},"end":{"line":97,"column":55}},"type":"cond-expr","locations":[{"start":{"line":97,"column":29},"end":{"line":97,"column":44}},{"start":{"line":97,"column":47},"end":{"line":97,"column":55}}],"line":97}},"s":{"0":1,"1":6,"2":6,"3":6,"4":6,"5":2,"6":0,"7":0,"8":2,"9":2,"10":1,"11":6,"12":1,"13":6,"14":0,"15":1},"f":{"0":6,"1":2,"2":1,"3":0},"b":{"0":[0,2],"1":[2,2],"2":[1,1],"3":[6,0],"4":[3,3]},"
[...]
,"C:\\Users\\lucas\\.cursor-tutor-3\\AdoptMe\\src\\utils\\setupDatabase.js": {"path":"C:\\Users\\lucas\\.cursor-tutor-3\\AdoptMe\\src\\utils\\setupDatabase.js","statementMap":{"0":{"start":{"line":8,"column":38},"end":{"line":32,"column":1}},"1":{"start":{"line":34,"column":40},"end":{"line":62,"column":1}},"2":{"start":{"line":68,"column":27},"end":{"line":87,"column":1}},"3":{"start":{"line":89,"column":29},"end":{"line":140,"column":1}},"4":{"start":{"line":89,"column":42},"end":{"line":140,"column":1}},"5":{"start":{"line":145,"column":32},"end":{"line":181,"column":1}},"6":{"start":{"line":146,"column":2},"end":{"line":180,"column":3}},"7":{"start":{"line":148,"column":46},"end":{"line":151,"column":15}},"8":{"start":{"line":153,"column":4},"end":{"line":156,"column":5}},"9":{"start":{"line":154,"column":6},"end":{"line":154,"column":64}},"10":{"start":{"line":155,"column":6},"end":{"line":155,"column":50}},"11":{"start":{"line":158,"column":4},"end":{"line":158,"column":62}},"12":{"start":{"line":161,"column":20},"end":{"line":161,"column":46}},"13":{"start":{"line":161,"column":38},"end":{"line":161,"column":45}},"14":{"start":{"line":164,"column":50},"end":{"line":167,"column":15}},"15":{"start":{"line":169,"column":4},"end":{"line":172,"column":5}},"16":{"start":{"line":170,"column":6},"end":{"line":170,"column":68}},"17":{"start":{"line":171,"column":6},"end":{"line":171,"column":52}},"18":{"start":{"line":174,"column":4},"end":{"line":174,"column":66}},"19":{"start":{"line":176,"column":4},"end":{"line":176,"column":55}},"20":{"start":{"line":178,"column":4},"end":{"line":178,"column":55}},"21":{"start":{"line":179,"column":4},"end":{"line":179,"column":37}}},"fnMap":{"0":{"name":"(anonymous_0)","decl":{"start":{"line":89,"column":29},"end":{"line":89,"column":30}},"loc":{"start":{"line":89,"column":42},"end":{"line":140,"column":1}},"line":89},"1":{"name":"(anonymous_1)","decl":{"start":{"line":145,"column":32},"end":{"line":145,"column":33}},"loc":{"start":{"line":145,"column":44},"end":{"line":181,"column":1}},"line":145},"2":{"name":"(anonymous_2)","decl":{"start":{"line":161,"column":30},"end":{"line":161,"column":31}},"loc":{"start":{"line":161,"column":38},"end":{"line":161,"column":45}},"line":161}},"branchMap":{"0":{"loc":{"start":{"line":153,"column":4},"end":{"line":156,"column":5}},"type":"if","locations":[{"start":{"line":153,"column":4},"end":{"line":156,"column":5}},{"start":{},"end":{}}],"line":153},"1":{"loc":{"start":{"line":169,"column":4},"end":{"line":172,"column":5}},"type":"if","locations":[{"start":{"line":169,"column":4},"end":{"line":172,"column":5}},{"start":{},"end":{}}],"line":169}},"s":{"0":0,"1":0,"2":0,"3":0,"4":0,"5":0,"6":0,"7":0,"8":0,"9":0,"10":0,"11":0,"12":0,"13":0,"14":0,"15":0,"16":0,"17":0,"18":0,"19":0,"20":0,"21":0},"f":{"0":0,"1":0,"2":0},"b":{"0":[0,0],"1":[0,0]}}
,"C:\\Users\\lucas\\.cursor-tutor-3\\AdoptMe\\src\\utils\\testCategoryFiltering.js": {"path":"C:\\Users\\lucas\\.cursor-tutor-3\\AdoptMe\\src\\utils\\testCategoryFiltering.js","statementMap":{"0":{"start":{"line":1,"column":25},"end":{"line":1,"column":57}},"1":{"start":{"line":4,"column":20},"end":{"line":4,"column":62}},"2":{"start":{"line":5,"column":24},"end":{"line":5,"column":234}},"3":{"start":{"line":7,"column":17},"end":{"line":7,"column":59}},"4":{"start":{"line":10,"column":30},"end":{"line":65,"column":1}},"5":{"start":{"line":12,"column":27},"end":{"line":12,"column":65}},"6":{"start":{"line":14,"column":2},"end":{"line":14,"column":64}},"7":{"start":{"line":16,"column":2},"end":{"line":64,"column":3}},"8":{"start":{"line":17,"column":4},"end":{"line":17,"column":51}},"9":{"start":{"line":20,"column":16},"end":{"line":25,"column":48}},"10":{"start":{"line":28,"column":4},"end":{"line":43,"column":5}},"11":{"start":{"line":30,"column":25},"end":{"line":35,"column":7}},"12":{"start":{"line":37,"column":22},"end":{"line":37,"column":42}},"13":{"start":{"line":38,"column":6},"end":{"line":42,"column":7}},"14":{"start":{"line":39,"column":8},"end":{"line":39,"column":45}},"15":{"start":{"line":40,"column":13},"end":{"line":42,"column":7}},"16":{"start":{"line":41,"column":8},"end":{"line":41,"column":67}},"17":{"start":{"line":46,"column":35},"end":{"line":46,"column":46}},"18":{"start":{"line":48,"column":4},"end":{"line":51,"column":5}},"19":{"start":{"line":49,"column":6},"end":{"line":49,"column":75}},"20":{"start":{"line":50,"column":6},"end":{"line":50,"column":15}},"21":{"start":{"line":53,"column":4},"end":{"line":53,"column":76}},"22":{"start":{"line":56,"column":4},"end":{"line":63,"column":5}},"23":{"start":{"line":57,"column":6},"end":{"line":57,"column":55}},"24":{"start":{"line":58,"column":6},"end":{"line":60,"column":9}},"25":{"start":{"line":59,"column":8},"end":{"line":59,"column":98}},"26":{"start":{"line":62,"column":6},"end":{"line":62,"column":56}},"27":{"start":{"line":68,"column":0},"end":{"line":74,"column":5}},"28":{"start":{"line":70,"column":4},"end":{"line":70,"column":56}},"29":{"start":{"line":73,"column":4},"end":{"line":73,"column":52}}},"fnMap":{"0":{"name":"(anonymous_0)","decl":{"start":{"line":10,"column":30},"end":{"line":10,"column":31}},"loc":{"start":{"line":10,"column":42},"end":{"line":65,"column":1}},"line":10},"1":{"name":"(anonymous_1)","decl":{"start":{"line":58,"column":31},"end":{"line":58,"column":32}},"loc":{"start":{"line":58,"column":41},"end":{"line":60,"column":7}},"line":58},"2":{"name":"(anonymous_2)","decl":{"start":{"line":69,"column":8},"end":{"line":69,"column":9}},"loc":{"start":{"line":69,"column":14},"end":{"line":71,"column":3}},"line":69},"3":{"name":"(anonymous_3)","decl":{"start":{"line":72,"column":9},"end":{"line":72,"column":10}},"loc":{"start":{"line":72,"column":18},"end":{"line":74,"column":3}},"line":72}},"branchMap":{"0":{"loc":{"start":{"line":28,"column":4},"end":{"line":43,"column":5}},"type":"if","locations":[{"start":{"line":28,"column":4},"end":{"line":43,"column":5}},{"start":{},"end":{}}],"line":28},"1":{"loc":{"start":{"line":38,"column":6},"end":{"line":42,"column":7}},"type":"if","locations":[{"start":{"line":38,"column":6},"end":{"line":42,"column":7}},{"start":{"line":40,"column":13},"end":{"line":42,"column":7}}],"line":38},"2":{"loc":{"start":{"line":40,"column":13},"end":{"line":42,"column":7}},"type":"if","locations":[{"start":{"line":40,"column":13},"end":{"line":42,"column":7}},{"start":{},"end":{}}],"line":40},"3":{"loc":{"start":{"line":48,"column":4},"end":{"line":51,"column":5}},"type":"if","locations":[{"start":{"line":48,"column":4},"end":{"line":51,"column":5}},{"start":{},"end":{}}],"line":48},"4":{"loc":{"start":{"line":53,"column":27},"end":{"line":53,"column":37}},"type":"binary-expr","locations":[{"start":{"line":53,"column":27},"end":{"line":53,"column":32}},{"start":{"line":53,"column":36},"end":{"line":53,"column":37}}],"line":53},"5":{"loc":{"start":{"line":56,"column":4},"end":{"line":63,"column":5}},"type":"if","locations":[{"start":{"line":56,"column":4},"end":{"line":63,"column":5}},{"start":{"line":61,"column":11},"end":{"line":63,"column":5}}],"line":56},"6":{"loc":{"start":{"line":56,"column":8},"end":{"line":56,"column":31}},"type":"binary-expr","locations":[{"start":{"line":56,"column":8},"end":{"line":56,"column":12}},{"start":{"line":56,"column":16},"end":{"line":56,"column":31}}],"line":56}},"s":{"0":0,"1":0,"2":0,"3":0,"4":0,"5":0,"6":0,"7":0,"8":0,"9":0,"10":0,"11":0,"12":0,"13":0,"14":0,"15":0,"16":0,"17":0,"18":0,"19":0,"20":0,"21":0,"22":0,"23":0,"24":0,"25":0,"26":0,"27":0,"28":0,"29":0},"f":{"0":0,"1":0,"2":0,"3":0},"b":{"0":[0,0],"1":[0,0],"2":[0,0],"3":[0,0],"4":[0,0],"5":[0,0],"6":[0,0]}}
,"C:\\Users\\lucas\\.cursor-tutor-3\\AdoptMe\\src\\utils\\testConnection.js": {"path":"C:\\Users\\lucas\\.cursor-tutor-3\\AdoptMe\\src\\utils\\testConnection.js","statementMap":{"0":{"start":{"line":2,"column":25},"end":{"line":2,"column":57}},"1":{"start":{"line":5,"column":20},"end":{"line":5,"column":62}},"2":{"start":{"line":6,"column":24},"end":{"line":6,"column":234}},"3":{"start":{"line":8,"column":17},"end":{"line":8,"column":59}},"4":{"start":{"line":11,"column":31},"end":{"line":74,"column":1}},"5":{"start":{"line":12,"column":2},"end":{"line":12,"column":48}},"6":{"start":{"line":14,"column":2},"end":{"line":73,"column":3}},"7":{"start":{"line":16,"column":49},"end":{"line":19,"column":15}},"8":{"start":{"line":21,"column":4},"end":{"line":26,"column":5}},"9":{"start":{"line":22,"column":6},"end":{"line":22,"column":86}},"10":{"start":{"line":24,"column":6},"end":{"line":24,"column":71}},"11":{"start":{"line":25,"column":6},"end":{"line":25,"column":75}},"12":{"start":{"line":29,"column":53},"end":{"line":34,"column":15}},"13":{"start":{"line":36,"column":4},"end":{"line":40,"column":5}},"14":{"start":{"line":37,"column":6},"end":{"line":37,"column":90}},"15":{"start":{"line":38,"column":6},"end":{"line":38,"column":120}},"16":{"start":{"line":39,"column":6},"end":{"line":39,"column":19}},"17":{"start":{"line":42,"column":4},"end":{"line":42,"column":71}},"18":{"start":{"line":43,"column":4},"end":{"line":43,"column":77}},"19":{"start":{"line":45,"column":4},"end":{"line":50,"column":5}},"20":{"start":{"line":46,"column":6},"end":{"line":46,"column":43}},"21":{"start":{"line":47,"column":6},"end":{"line":47,"column":58}},"22":{"start":{"line":49,"column":6},"end":{"line":49,"column":95}},"23":{"start":{"line":53,"column":63},"end":{"line":59,"column":15}},"24":{"start":{"line":61,"column":4},"end":{"line":67,"column":5}},"25":{"start":{"line":62,"column":6},"end":{"line":62,"column":83}},"26":{"start":{"line":63,"column":6},"end":{"line":63,"column":98}},"27":{"start":{"line":65,"column":6},"end":{"line":65,"column":68}},"28":{"start":{"line":66,"column":6},"end":{"line":66,"column":63}},"29":{"start":{"line":69,"column":4},"end":{"line":69,"column":42}},"30":{"start":{"line":71,"column":4},"end":{"line":71,"column":56}},"31":{"start":{"line":72,"column":4},"end":{"line":72,"column":17}},"32":{"start":{"line":77,"column":0},"end":{"line":87,"column":5}},"33":{"start":{"line":79,"column":4},"end":{"line":83,"column":5}},"34":{"start":{"line":80,"column":6},"end":{"line":80,"column":61}},"35":{"start":{"line":82,"column":6},"end":{"line":82,"column":103}},"36":{"start":{"line":86,"column":4},"end":{"line":86,"column":51}},"37":{"start":{"line":89,"column":0},"end":{"line":89,"column":40}}},"fnMap":{"0":{"name":"(anonymous_0)","decl":{"start":{"line":11,"column":31},"end":{"line":11,"column":32}},"loc":{"start":{"line":11,"column":43},"end":{"line":74,"column":1}},"line":11},"1":{"name":"(anonymous_1)","decl":{"start":{"line":78,"column":8},"end":{"line":78,"column":9}},"loc":{"start":{"line":78,"column":19},"end":{"line":84,"column":3}},"line":78},"2":{"name":"(anonymous_2)","decl":{"start":{"line":85,"column":9},"end":{"line":85,"column":10}},"loc":{"start":{"line":85,"column":18},"end":{"line":87,"column":3}},"line":85}},"branchMap":{"0":{"loc":{"start":{"line":21,"column":4},"end":{"line":26,"column":5}},"type":"if","locations":[{"start":{"line":21,"column":4},"end":{"line":26,"column":5}},{"start":{"line":23,"column":11},"end":{"line":26,"column":5}}],"line":21},"1":{"loc":{"start":{"line":36,"column":4},"end":{"line":40,"column":5}},"type":"if","locations":[{"start":{"line":36,"column":4},"end":{"line":40,"column":5}},{"start":{},"end":{}}],"line":36},"2":{"loc":{"start":{"line":45,"column":4},"end":{"line":50,"column":5}},"type":"if","locations":[{"start":{"line":45,"column":4},"end":{"line":50,"column":5}},{"start":{"line":48,"column":11},"end":{"line":50,"column":5}}],"line":45},"3":{"loc":{"start":{"line":61,"column":4},"end":{"line":67,"column":5}},"type":"if","locations":[{"start":{"line":61,"column":4},"end":{"line":67,"column":5}},{"start":{"line":64,"column":11},"end":{"line":67,"column":5}}],"line":61},"4":{"loc":{"start":{"line":69,"column":11},"end":{"line":69,"column":41}},"type":"binary-expr","locations":[{"start":{"line":69,"column":11},"end":{"line":69,"column":23}},{"start":{"line":69,"column":27},"end":{"line":69,"column":41}}],"line":69},"5":{"loc":{"start":{"line":79,"column":4},"end":{"line":83,"column":5}},"type":"if","locations":[{"start":{"line":79,"column":4},"end":{"line":83,"column":5}},{"start":{"line":81,"column":11},"end":{"line":83,"column":5}}],"line":79}},"s":{"0":1,"1":1,"2":1,"3":1,"4":1,"5":3,"6":3,"7":3,"8":2,"9":0,"10":2,"11":2,"12":2,"13":2,"14":1,"15":1,"16":1,"17":1,"18":1,"19":1,"20":1,"21":1,"22":0,"23":1,"24":1,"25":0,"26":0,"27":1,"28":1,"29":1,"30":1,"31":1,"32":1,"33":1,"34":0,"35":1,"36":0,"37":1},"f":{"0":3,"1":1,"2":0},"b":{"0":[0,2],"1":[1,1],"2":[1,0],"3":[0,1],"4":[1,1],"5":[0,1]},"_coverageSchema":"1a1c01bbd47fc00a2c39e90264f33305004495a9","hash":"5f388b3bd7b6f7e289d1845e37c0541b68582f8d"}
,"C:\\Users\\lucas\\.cursor-tutor-3\\AdoptMe\\src\\utils\\testSpecies.js": {"path":"C:\\Users\\lucas\\.cursor-tutor-3\\AdoptMe\\src\\utils\\testSpecies.js","statementMap":{"0":{"start":{"line":1,"column":25},"end":{"line":1,"column":57}},"1":{"start":{"line":4,"column":20},"end":{"line":4,"column":62}},"2":{"start":{"line":5,"column":24},"end":{"line":5,"column":234}},"3":{"start":{"line":7,"column":17},"end":{"line":7,"column":59}},"4":{"start":{"line":10,"column":27},"end":{"line":70,"column":1}},"5":{"start":{"line":11,"column":2},"end":{"line":11,"column":61}},"6":{"start":{"line":13,"column":2},"end":{"line":69,"column":3}},"7":{"start":{"line":15,"column":28},"end":{"line":18,"column":44}},"8":{"start":{"line":20,"column":4},"end":{"line":23,"column":5}},"9":{"start":{"line":21,"column":6},"end":{"line":21,"column":70}},"10":{"start":{"line":22,"column":6},"end":{"line":22,"column":13}},"11":{"start":{"line":25,"column":4},"end":{"line":28,"column":5}},"12":{"start":{"line":26,"column":6},"end":{"line":26,"column":49}},"13":{"start":{"line":27,"column":6},"end":{"line":27,"column":13}},"14":{"start":{"line":31,"column":26},"end":{"line":31,"column":74}},"15":{"start":{"line":31,"column":57},"end":{"line":31,"column":71}},"16":{"start":{"line":32,"column":4},"end":{"line":32,"column":57}},"17":{"start":{"line":33,"column":4},"end":{"line":35,"column":7}},"18":{"start":{"line":34,"column":6},"end":{"line":34,"column":44}},"19":{"start":{"line":38,"column":4},"end":{"line":38,"column":50}},"20":{"start":{"line":39,"column":4},"end":{"line":48,"column":5}},"21":{"start":{"line":40,"column":43},"end":{"line":43,"column":31}},"22":{"start":{"line":45,"column":6},"end":{"line":47,"column":7}},"23":{"start":{"line":46,"column":8},"end":{"line":46,"column":64}},"24":{"start":{"line":51,"column":4},"end":{"line":51,"column":47}},"25":{"start":{"line":52,"column":29},"end":{"line":52,"column":62}},"26":{"start":{"line":54,"column":4},"end":{"line":65,"column":5}},"27":{"start":{"line":55,"column":42},"end":{"line":58,"column":32}},"28":{"start":{"line":60,"column":6},"end":{"line":64,"column":7}},"29":{"start":{"line":61,"column":8},"end":{"line":61,"column":82}},"30":{"start":{"line":63,"column":8},"end":{"line":63,"column":77}},"31":{"start":{"line":68,"column":4},"end":{"line":68,"column":48}},"32":{"start":{"line":73,"column":0},"end":{"line":79,"column":5}},"33":{"start":{"line":75,"column":4},"end":{"line":75,"column":46}},"34":{"start":{"line":78,"column":4},"end":{"line":78,"column":53}}},"fnMap":{"0":{"name":"(anonymous_0)","decl":{"start":{"line":10,"column":27},"end":{"line":10,"column":28}},"loc":{"start":{"line":10,"column":39},"end":{"line":70,"column":1}},"line":10},"1":{"name":"(anonymous_1)","decl":{"start":{"line":31,"column":47},"end":{"line":31,"column":48}},"loc":{"start":{"line":31,"column":57},"end":{"line":31,"column":71}},"line":31},"2":{"name":"(anonymous_2)","decl":{"start":{"line":33,"column":26},"end":{"line":33,"column":27}},"loc":{"start":{"line":33,"column":37},"end":{"line":35,"column":5}},"line":33},"3":{"name":"(anonymous_3)","decl":{"start":{"line":74,"column":8},"end":{"line":74,"column":9}},"loc":{"start":{"line":74,"column":14},"end":{"line":76,"column":3}},"line":74},"4":{"name":"(anonymous_4)","decl":{"start":{"line":77,"column":9},"end":{"line":77,"column":10}},"loc":{"start":{"line":77,"column":18},"end":{"line":79,"column":3}},"line":77}},"branchMap":{"0":{"loc":{"start":{"line":20,"column":4},"end":{"line":23,"column":5}},"type":"if","locations":[{"start":{"line":20,"column":4},"end":{"line":23,"column":5}},{"start":{},"end":{}}],"line":20},"1":{"loc":{"start":{"line":25,"column":4},"end":{"line":28,"column":5}},"type":"if","locations":[{"start":{"line":25,"column":4},"end":{"line":28,"column":5}},{"start":{},"end":{}}],"line":25},"2":{"loc":{"start":{"line":25,"column":8},"end":{"line":25,"column":34}},"type":"binary-expr","locations":[{"start":{"line":25,"column":8},"end":{"line":25,"column":13}},{"start":{"line":25,"column":17},"end":{"line":25,"column":34}}],"line":25},"3":{"loc":{"start":{"line":34,"column":23},"end":{"line":34,"column":40}},"type":"binary-expr","locations":[{"start":{"line":34,"column":23},"end":{"line":34,"column":30}},{"start":{"line":34,"column":34},"end":{"line":34,"column":40}}],"line":34},"4":{"loc":{"start":{"line":45,"column":6},"end":{"line":47,"column":7}},"type":"if","locations":[{"start":{"line":45,"column":6},"end":{"line":47,"column":7}},{"start":{},"end":{}}],"line":45},"5":{"loc":{"start":{"line":46,"column":25},"end":{"line":46,"column":42}},"type":"binary-expr","locations":[{"start":{"line":46,"column":25},"end":{"line":46,"column":32}},{"start":{"line":46,"column":36},"end":{"line":46,"column":42}}],"line":46},"6":{"loc":{"start":{"line":60,"column":6},"end":{"line":64,"column":7}},"type":"if","locations":[{"start":{"line":60,"column":6},"end":{"line":64,"column":7}},{"start":{"line":62,"column":13},"end":{"line":64,"column":7}}],"line":60},"7":{"loc":{"start":{"line":63,"column":49},"end":{"line":63,"column":59}},"type":"binary-expr","locations":[{"start":{"line":63,"column":49},"end":{"line":63,"column":54}},{"start":{"line":63,"column":58},"end":{"line":63,"column":59}}],"line":63}},"s":{"0":0,"1":0,"2":0,"3":0,"4":0,"5":0,"6":0,"7":0,"8":0,"9":0,"10":0,"11":0,"12":0,"13":0,"14":0,"15":0,"16":0,"17":0,"18":0,"19":0,"20":0,"21":0,"22":0,"23":0,"24":0,"25":0,"26":0,"27":0,"28":0,"29":0,"30":0,"31":0,"32":0,"33":0,"34":0},"f":{"0":0,"1":0,"2":0,"3":0,"4":0},"b":{"0":[0,0],"1":[0,0],"2":[0,0],"3":[0,0],"4":[0,0],"5":[0,0],"6":[0,0],"7":[0,0]}}
}
